#
# A fatal error has been detected by the Java Runtime Environment:
#
#  EXCEPTION_ACCESS_VIOLATION (0xc0000005) at pc=0x00007ffc24fc95bc, pid=5412, tid=25152
#
# JRE version: Java(TM) SE Runtime Environment (13.0+33) (build 13+33)
# Java VM: Java HotSpot(TM) 64-Bit Server VM (13+33, mixed mode, sharing, tiered, compressed oops, g1 gc, windows-amd64)
# Problematic frame:
# C  0x00007ffc24fc95bc
#
# No core dump will be written. Minidumps are not enabled by default on client versions of Windows
#
# If you would like to submit a bug report, please visit:
#   http://bugreport.java.com/bugreport/crash.jsp
# The crash happened outside the Java Virtual Machine in native code.
# See problematic frame for where to report the bug.
#

---------------  S U M M A R Y ------------

Command Line: -Dmaven.multiModuleProjectDirectory=D:\Users\krish\UniversityYear3\Professional Software Development\gitlab_main_repo\cs01-main\ThalesArc -Dmaven.home=C:\Users\krish\.m2\wrapper\dists\apache-maven-3.6.0-bin\2dakv70gp803gtm5ve1ufmvttn\apache-maven-3.6.0 -Dclassworlds.conf=C:\Users\krish\.m2\wrapper\dists\apache-maven-3.6.0-bin\2dakv70gp803gtm5ve1ufmvttn\apache-maven-3.6.0\bin\m2.conf -Dmaven.ext.class.path=D:\IntelliJ IDEA Community Edition 2020.2.3\plugins\maven\lib\maven-event-listener.jar -javaagent:D:\IntelliJ IDEA Community Edition 2020.2.3\lib\idea_rt.jar=61330:D:\IntelliJ IDEA Community Edition 2020.2.3\bin -Dfile.encoding=UTF-8 org.codehaus.classworlds.Launcher -Didea.version=2020.2.3 org.codehaus.mojo:exec-maven-plugin:1.6.0:java

Host: Intel(R) Core(TM) i7-8550U CPU @ 1.80GHz, 8 cores, 15G,  Windows 10 , 64 bit Build 19041 (10.0.19041.804)
Time: Sun Feb 28 01:33:57 2021 GMT Standard Time elapsed time: 65 seconds (0d 0h 1m 5s)

---------------  T H R E A D  ---------------

Current thread (0x00000159d75cd800):  JavaThread "JavaFX Application Thread" [_thread_in_native, id=25152, stack(0x0000004756c00000,0x0000004756d00000)]

Stack: [0x0000004756c00000,0x0000004756d00000],  sp=0x0000004756cfa4e0,  free space=1001k
Native frames: (J=compiled Java code, j=interpreted, Vv=VM code, C=native code)
C  0x00007ffc24fc95bc

Java frames: (J=compiled Java code, j=interpreted, Vv=VM code)
J 9252  com.esri.arcgisruntime.internal.mapping.view.RenderingContext.nativeDrawMap(JJIILjava/nio/ByteBuffer;)V (0 bytes) @ 0x00000159c2e6a62e [0x00000159c2e6a5c0+0x000000000000006e]
J 8629 c1 com.esri.arcgisruntime.internal.mapping.view.GeoViewSkin$1.drawRequested()V (142 bytes) @ 0x00000159bbff7a14 [0x00000159bbff77e0+0x0000000000000234]
J 8628 c1 com.esri.arcgisruntime.internal.jni.CoreGeoView.onDrawRequested()V (33 bytes) @ 0x00000159bbff8aac [0x00000159bbff8760+0x000000000000034c]
v  ~StubRoutines::call_stub
J 8970  com.esri.arcgisruntime.internal.mapping.view.RenderingContext.nativePulse(JJ)V (0 bytes) @ 0x00000159c2e4360b [0x00000159c2e435c0+0x000000000000004b]
J 8968 c1 com.esri.arcgisruntime.internal.mapping.view.PulseThread$1$$Lambda$699.accept(Ljava/lang/Object;)V (8 bytes) @ 0x00000159bc48f074 [0x00000159bc48ede0+0x0000000000000294]
J 8967 c1 java.util.concurrent.CopyOnWriteArrayList.forEach(Ljava/util/function/Consumer;)V java.base@13 (47 bytes) @ 0x00000159bc48e0ec [0x00000159bc48df00+0x00000000000001ec]
J 8966 c1 com.esri.arcgisruntime.internal.mapping.view.PulseThread$1.handle(J)V (14 bytes) @ 0x00000159bc48e964 [0x00000159bc48e760+0x0000000000000204]
J 8697 c1 javafx.animation.AnimationTimer$AnimationTimerReceiver.handle(J)V (39 bytes) @ 0x00000159bbcc00fc [0x00000159bbcbfa80+0x000000000000067c]
J 8694 c1 com.sun.scenario.animation.AbstractMasterTimer.timePulseImpl(J)V (157 bytes) @ 0x00000159bbcc24dc [0x00000159bbcc20c0+0x000000000000041c]
J 8266 c1 com.sun.scenario.animation.AbstractMasterTimer$MainLoop.run()V (61 bytes) @ 0x00000159bbc7daf4 [0x00000159bbc7d7a0+0x0000000000000354]
J 8265 c1 com.sun.javafx.tk.quantum.QuantumToolkit.pulse(Z)V (152 bytes) @ 0x00000159bb8e2dac [0x00000159bb8e2aa0+0x000000000000030c]
J 8273 c1 com.sun.javafx.tk.quantum.QuantumToolkit$$Lambda$98.run()V (8 bytes) @ 0x00000159bbec0d6c [0x00000159bbec0c00+0x000000000000016c]
J 8023 c1 com.sun.glass.ui.InvokeLaterDispatcher$Future.run()V (91 bytes) @ 0x00000159bc412dbc [0x00000159bc412c80+0x000000000000013c]
v  ~StubRoutines::call_stub
j  com.sun.glass.ui.win.WinApplication._runLoop(Ljava/lang/Runnable;)V+0
j  com.sun.glass.ui.win.WinApplication.lambda$runLoop$3(ILjava/lang/Runnable;)V+8
j  com.sun.glass.ui.win.WinApplication$$Lambda$94.run()V+12
j  java.lang.Thread.run()V+11 java.base@13
v  ~StubRoutines::call_stub

siginfo: EXCEPTION_ACCESS_VIOLATION (0xc0000005), writing address 0x000001598758f03c


Register to memory mapping:

RIP=0x00007ffc24fc95bc points into unknown readable memory: 89 14 88 49
RAX=0x000001598718f040 points into unknown readable memory: 00 00 00 00 02 00 00 00
RBX=0x0 is NULL
RCX=0x00000000000fffff is an unknown value
RDX=0x0000000003c0095f is an unknown value
RSP=0x0000004756cfa4e0 is pointing into the stack for thread: 0x00000159d75cd800
RBP=0x0000004756cfa579 is pointing into the stack for thread: 0x00000159d75cd800
RSI=0x0000000005600fe4 is an unknown value
RDI=0x0000004756cfa650 is pointing into the stack for thread: 0x00000159d75cd800
R8 =0x0000000000000001 is an unknown value
R9 =0x00000159e4cf6c40 points into unknown readable memory: 78 29 6c 26 fc 7f 00 00
R10=0x0 is NULL
R11=0x0000000000000fe4 is an unknown value
R12=0x0 is NULL
R13=0x0 is NULL
R14=0x00000000ffffffff is an unknown value
R15=0x00000159d870c560 points into unknown readable memory: 00 00 00 00 00 00 00 00


Registers:
RAX=0x000001598718f040, RBX=0x0000000000000000, RCX=0x00000000000fffff, RDX=0x0000000003c0095f
RSP=0x0000004756cfa4e0, RBP=0x0000004756cfa579, RSI=0x0000000005600fe4, RDI=0x0000004756cfa650
R8 =0x0000000000000001, R9 =0x00000159e4cf6c40, R10=0x0000000000000000, R11=0x0000000000000fe4
R12=0x0000000000000000, R13=0x0000000000000000, R14=0x00000000ffffffff, R15=0x00000159d870c560
RIP=0x00007ffc24fc95bc, EFLAGS=0x0000000000010246

Top of Stack: (sp=0x0000004756cfa4e0)
0x0000004756cfa4e0:   0000000000000000 0000000000000000
0x0000004756cfa4f0:   0000000005600fe4 0000000000000000
0x0000004756cfa500:   00000159a7b4a270 00007ffc00000004
0x0000004756cfa510:   00000159e4cf6c40 00000159a94ac6d0
0x0000004756cfa520:   0000000000000000 0000000000000fe4
0x0000004756cfa530:   0000015a02a3aeb0 fffffffffffffffe
0x0000004756cfa540:   0000000000000000 0000000000000000
0x0000004756cfa550:   0000000000000000 0000000000000000
0x0000004756cfa560:   0000000005600fe4 00000000000000d0
0x0000004756cfa570:   0000000000000000 0000000400000003
0x0000004756cfa580:   00000159d870c530 00000159a94ac6e0
0x0000004756cfa590:   00000159a94ac6d0 0000dfa4d082c57d
0x0000004756cfa5a0:   00000159e441fe20 00000159e441ff50
0x0000004756cfa5b0:   0000000000000000 00000159a542ac70
0x0000004756cfa5c0:   00000159e441fed0 00000159e441fe20
0x0000004756cfa5d0:   0000004756cfa639 00007ffc24fc2d85 

Instructions: (pc=0x00007ffc24fc95bc)
0x00007ffc24fc94bc:   0c 90 48 c1 e1 04 49 03 48 38 48 89 4d b7 48 8b
0x00007ffc24fc94cc:   01 48 89 44 24 20 44 8b 41 08 49 8d 55 20 48 8d
0x00007ffc24fc94dc:   4d d7 e8 ad f9 00 00 48 8b 08 48 8b 50 08 45 33
0x00007ffc24fc94ec:   e4 4c 89 20 4c 89 60 08 48 89 4d 0f 48 89 55 9f
0x00007ffc24fc94fc:   48 89 55 17 48 85 db 74 2b 41 8b c6 f0 0f c1 43
0x00007ffc24fc950c:   08 83 f8 01 75 1e 48 8b 03 48 8b cb ff 10 41 8b
0x00007ffc24fc951c:   c6 f0 0f c1 43 0c 83 f8 01 75 09 48 8b 03 48 8b
0x00007ffc24fc952c:   cb ff 50 08 48 8b 5d df 48 85 db 74 2b 41 8b c6
0x00007ffc24fc953c:   f0 0f c1 43 08 83 f8 01 75 1e 48 8b 03 48 8b cb
0x00007ffc24fc954c:   ff 10 41 8b c6 f0 0f c1 43 0c 83 f8 01 75 09 48
0x00007ffc24fc955c:   8b 03 48 8b cb ff 50 08 49 8b cf e8 e4 18 00 00
0x00007ffc24fc956c:   4c 8b c8 48 89 45 97 4c 8b 68 60 48 8b 58 58 49
0x00007ffc24fc957c:   3b dd 74 1d 4c 8b 0b 44 8b c6 49 8b d7 48 8b 4b
0x00007ffc24fc958c:   08 41 ff d1 48 83 c3 10 49 3b dd 75 e7 4c 8b 4d
0x00007ffc24fc959c:   97 49 8b 41 28 8b 50 fc 49 8b 41 08 4c 8b 55 a7
0x00007ffc24fc95ac:   4a 8b 04 d0 4c 8b 5d af 42 8b 0c 98 49 8b 41 20
0x00007ffc24fc95bc:   89 14 88 49 8b 51 08 4a 8b 04 d2 46 8b 04 98 49
0x00007ffc24fc95cc:   8b 41 28 8b 48 fc 8b c1 48 c1 e8 0d 83 e0 7f 81
0x00007ffc24fc95dc:   e1 ff 1f 00 00 48 8b 04 c2 44 89 04 88 49 8b 41
0x00007ffc24fc95ec:   08 4a 8b 0c d0 42 c7 04 99 ff ff 0f 00 49 83 41
0x00007ffc24fc95fc:   28 fc 48 8b 45 b7 48 8b 40 08 48 8b 4d 07 ff 81
0x00007ffc24fc960c:   98 02 00 00 01 81 a0 02 00 00 49 8b cf e8 82 16
0x00007ffc24fc961c:   00 00 48 8b c8 48 89 45 97 4c 8b 48 40 4c 3b 48
0x00007ffc24fc962c:   48 74 2a 4d 89 21 4d 89 61 08 48 8b 55 9f 48 85
0x00007ffc24fc963c:   d2 74 04 f0 ff 42 08 48 8b 45 0f 49 89 01 48 8b
0x00007ffc24fc964c:   45 9f 49 89 41 08 48 83 41 40 10 eb 14 4c 8d 45
0x00007ffc24fc965c:   0f 49 8b d1 48 8d 48 38 e8 f7 f1 d5 fd 48 8b 4d
0x00007ffc24fc966c:   97 89 75 07 4c 8d 69 20 49 8b 5d 08 49 2b 5d 00
0x00007ffc24fc967c:   48 c1 fb 02 48 8b 55 a7 e8 f7 b1 28 fe 48 8b 08
0x00007ffc24fc968c:   48 8b 45 af 89 1c 81 48 8b 5d 97 48 8b 53 28 48
0x00007ffc24fc969c:   3b 53 30 74 09 89 32 49 83 45 08 04 eb 0c 4c 8d
0x00007ffc24fc96ac:   45 07 49 8b cd e8 aa 50 d5 fd 4c 8b 6b 60 48 8b 


Stack slot to memory mapping:
stack at sp + 0 slots: 0x0 is NULL
stack at sp + 1 slots: 0x0 is NULL
stack at sp + 2 slots: 0x0000000005600fe4 is an unknown value
stack at sp + 3 slots: 0x0 is NULL
stack at sp + 4 slots: 0x00000159a7b4a270 points into unknown readable memory: 00 00 80 3f 00 00 00 00
stack at sp + 5 slots: 0x00007ffc00000004 is an unknown value
stack at sp + 6 slots: 0x00000159e4cf6c40 points into unknown readable memory: 78 29 6c 26 fc 7f 00 00
stack at sp + 7 slots: 0x00000159a94ac6d0 points into unknown readable memory: 58 3d 6c 26 fc 7f 00 00


---------------  P R O C E S S  ---------------

Threads class SMR info:
_java_thread_list=0x00000159fe645740, length=21, elements={
0x00000159b1174000, 0x00000159d6be3800, 0x00000159d6be7000, 0x00000159d6c01000,
0x00000159d6c02000, 0x00000159d6c04800, 0x00000159d6c07800, 0x00000159d6c0c800,
0x00000159d75ac000, 0x00000159d76e4800, 0x00000159d76e7000, 0x00000159d75c8000,
0x00000159d75ce800, 0x00000159d75cb000, 0x00000159d75c8800, 0x00000159d75cd800,
0x00000159d75cc000, 0x00000159d75cc800, 0x00000159e38d6000, 0x00000159e38d2000,
0x00000159e38d0000
}

Java Threads: ( => current thread )
  0x00000159b1174000 JavaThread "main" [_thread_blocked, id=23644, stack(0x0000004755000000,0x0000004755100000)]
  0x00000159d6be3800 JavaThread "Reference Handler" daemon [_thread_blocked, id=2456, stack(0x0000004755700000,0x0000004755800000)]
  0x00000159d6be7000 JavaThread "Finalizer" daemon [_thread_blocked, id=17380, stack(0x0000004755800000,0x0000004755900000)]
  0x00000159d6c01000 JavaThread "Signal Dispatcher" daemon [_thread_blocked, id=2348, stack(0x0000004755900000,0x0000004755a00000)]
  0x00000159d6c02000 JavaThread "Attach Listener" daemon [_thread_blocked, id=9628, stack(0x0000004755a00000,0x0000004755b00000)]
  0x00000159d6c04800 JavaThread "C2 CompilerThread0" daemon [_thread_blocked, id=24800, stack(0x0000004755b00000,0x0000004755c00000)]
  0x00000159d6c07800 JavaThread "C1 CompilerThread0" daemon [_thread_blocked, id=4756, stack(0x0000004755c00000,0x0000004755d00000)]
  0x00000159d6c0c800 JavaThread "Sweeper thread" daemon [_thread_blocked, id=13440, stack(0x0000004755d00000,0x0000004755e00000)]
  0x00000159d75ac000 JavaThread "Common-Cleaner" daemon [_thread_blocked, id=21024, stack(0x0000004755e00000,0x0000004755f00000)]
  0x00000159d76e4800 JavaThread "Monitor Ctrl-Break" daemon [_thread_in_native, id=22796, stack(0x0000004756000000,0x0000004756100000)]
  0x00000159d76e7000 JavaThread "Service Thread" daemon [_thread_blocked, id=3772, stack(0x0000004756100000,0x0000004756200000)]
  0x00000159d75c8000 JavaThread "cs01.app.App.main()" [_thread_blocked, id=20240, stack(0x0000004756900000,0x0000004756a00000)]
  0x00000159d75ce800 JavaThread "JavaFX-Launcher" [_thread_blocked, id=16592, stack(0x0000004756a00000,0x0000004756b00000)]
  0x00000159d75cb000 JavaThread "QuantumRenderer-0" daemon [_thread_blocked, id=10300, stack(0x0000004755f00000,0x0000004756000000)]
  0x00000159d75c8800 JavaThread "InvokeLaterDispatcher" daemon [_thread_blocked, id=2660, stack(0x0000004756b00000,0x0000004756c00000)]
=>0x00000159d75cd800 JavaThread "JavaFX Application Thread" [_thread_in_native, id=25152, stack(0x0000004756c00000,0x0000004756d00000)]
  0x00000159d75cc000 JavaThread "Thread-3" daemon [_thread_in_native, id=4880, stack(0x0000004757000000,0x0000004757100000)]
  0x00000159d75cc800 JavaThread "Phantom GeoView Clean Up Thread" daemon [_thread_blocked, id=17824, stack(0x0000004757740000,0x0000004757840000)]
  0x00000159e38d6000 JavaThread "Thread-6" [_thread_in_native, id=10492, stack(0x0000004757940000,0x0000004757a40000)]
  0x00000159e38d2000 JavaThread "Prism Font Disposer" daemon [_thread_blocked, id=3088, stack(0x0000004757d40000,0x0000004757e40000)]
  0x00000159e38d0000 JavaThread "Cleaner-0" daemon [_thread_blocked, id=2488, stack(0x0000004757f80000,0x0000004758080000)]

Other Threads:
  0x00000159d6be1800 VMThread "VM Thread" [stack: 0x0000004755600000,0x0000004755700000] [id=7004]
  0x00000159d76e8800 WatcherThread [stack: 0x0000004756200000,0x0000004756300000] [id=21700]
  0x00000159b114e000 GCTaskThread "GC Thread#0" [stack: 0x0000004755100000,0x0000004755200000] [id=25568]
  0x00000159d869e000 GCTaskThread "GC Thread#1" [stack: 0x0000004756400000,0x0000004756500000] [id=10376]
  0x00000159d7bbe800 GCTaskThread "GC Thread#2" [stack: 0x0000004756500000,0x0000004756600000] [id=12472]
  0x00000159d87be800 GCTaskThread "GC Thread#3" [stack: 0x0000004756600000,0x0000004756700000] [id=21012]
  0x00000159d87bf800 GCTaskThread "GC Thread#4" [stack: 0x0000004756700000,0x0000004756800000] [id=22656]
  0x00000159d876a800 GCTaskThread "GC Thread#5" [stack: 0x0000004756800000,0x0000004756900000] [id=23724]
  0x00000159db4b8000 GCTaskThread "GC Thread#6" [stack: 0x0000004757300000,0x0000004757400000] [id=23892]
  0x00000159db47e800 GCTaskThread "GC Thread#7" [stack: 0x0000004757400000,0x0000004757500000] [id=17292]
  0x00000159b11fc000 ConcurrentGCThread "G1 Main Marker" [stack: 0x0000004755200000,0x0000004755300000] [id=17768]
  0x00000159b11fd000 ConcurrentGCThread "G1 Conc#0" [stack: 0x0000004755300000,0x0000004755400000] [id=12160]
  0x00000159daf48000 ConcurrentGCThread "G1 Conc#1" [stack: 0x0000004757500000,0x0000004757600000] [id=25208]
  0x00000159d6ad5800 ConcurrentGCThread "G1 Refine#0" [stack: 0x0000004755400000,0x0000004755500000] [id=9552]
  0x00000159d6ad7800 ConcurrentGCThread "G1 Young RemSet Sampling" [stack: 0x0000004755500000,0x0000004755600000] [id=4120]

Threads with active compile tasks:

VM state:not at safepoint (normal execution)

VM Mutex/Monitor currently owned by a thread: None

Heap address: 0x0000000702800000, size: 4056 MB, Compressed Oops mode: Zero based, Oop shift amount: 3
Narrow klass base: 0x0000000800000000, Narrow klass shift: 3
Compressed class space size: 1073741824 Address: 0x0000000800b40000

Heap:
 garbage-first heap   total 140288K, used 98175K [0x0000000702800000, 0x0000000800000000)
  region size 1024K, 26 young (26624K), 4 survivors (4096K)
 Metaspace       used 46815K, capacity 48289K, committed 48460K, reserved 1091584K
  class space    used 5873K, capacity 6413K, committed 6528K, reserved 1048576K
Heap Regions: E=young(eden), S=young(survivor), O=old, HS=humongous(starts), HC=humongous(continues), CS=collection set, F=free, A=archive, TAMS=top-at-mark-start (previous, next)
|   0|0x0000000702800000, 0x0000000702900000, 0x0000000702900000|100%| O|  |TAMS 0x0000000702900000, 0x0000000702800000| Complete 
|   1|0x0000000702900000, 0x0000000702a00000, 0x0000000702a00000|100%| O|  |TAMS 0x0000000702a00000, 0x0000000702900000| Complete 
|   2|0x0000000702a00000, 0x0000000702b00000, 0x0000000702b00000|100%| O|  |TAMS 0x0000000702b00000, 0x0000000702a00000| Untracked 
|   3|0x0000000702b00000, 0x0000000702c00000, 0x0000000702c00000|100%| O|  |TAMS 0x0000000702c00000, 0x0000000702b00000| Untracked 
|   4|0x0000000702c00000, 0x0000000702d00000, 0x0000000702d00000|100%| O|  |TAMS 0x0000000702d00000, 0x0000000702c00000| Untracked 
|   5|0x0000000702d00000, 0x0000000702e00000, 0x0000000702e00000|100%| O|  |TAMS 0x0000000702e00000, 0x0000000702d00000| Untracked 
|   6|0x0000000702e00000, 0x0000000702f00000, 0x0000000702f00000|100%| O|  |TAMS 0x0000000702f00000, 0x0000000702e00000| Untracked 
|   7|0x0000000702f00000, 0x0000000703000000, 0x0000000703000000|100%| O|  |TAMS 0x0000000703000000, 0x0000000702f00000| Untracked 
|   8|0x0000000703000000, 0x0000000703100000, 0x0000000703100000|100%| O|  |TAMS 0x0000000703100000, 0x0000000703000000| Untracked 
|   9|0x0000000703100000, 0x0000000703200000, 0x0000000703200000|100%| O|  |TAMS 0x0000000703200000, 0x0000000703100000| Untracked 
|  10|0x0000000703200000, 0x0000000703300000, 0x0000000703300000|100%| O|  |TAMS 0x0000000703300000, 0x0000000703200000| Untracked 
|  11|0x0000000703300000, 0x0000000703400000, 0x0000000703400000|100%| O|  |TAMS 0x0000000703400000, 0x0000000703300000| Untracked 
|  12|0x0000000703400000, 0x0000000703481e00, 0x0000000703500000| 50%| O|  |TAMS 0x0000000703481e00, 0x0000000703400000| Untracked 
|  13|0x0000000703500000, 0x0000000703600000, 0x0000000703600000|100%| O|  |TAMS 0x0000000703600000, 0x0000000703500000| Untracked 
|  14|0x0000000703600000, 0x0000000703700000, 0x0000000703700000|100%|HS|  |TAMS 0x0000000703600000, 0x0000000703600000| Complete 
|  15|0x0000000703700000, 0x0000000703800000, 0x0000000703800000|100%| O|  |TAMS 0x0000000703800000, 0x0000000703700000| Untracked 
|  16|0x0000000703800000, 0x0000000703900000, 0x0000000703900000|100%| O|  |TAMS 0x0000000703900000, 0x0000000703800000| Untracked 
|  17|0x0000000703900000, 0x0000000703a00000, 0x0000000703a00000|100%| O|  |TAMS 0x0000000703a00000, 0x0000000703900000| Untracked 
|  18|0x0000000703a00000, 0x0000000703b00000, 0x0000000703b00000|100%| O|  |TAMS 0x0000000703b00000, 0x0000000703a00000| Complete 
|  19|0x0000000703b00000, 0x0000000703c00000, 0x0000000703c00000|100%|HS|  |TAMS 0x0000000703c00000, 0x0000000703b00000| Complete 
|  20|0x0000000703c00000, 0x0000000703d00000, 0x0000000703d00000|100%|HC|  |TAMS 0x0000000703d00000, 0x0000000703c00000| Complete 
|  21|0x0000000703d00000, 0x0000000703e00000, 0x0000000703e00000|100%| O|  |TAMS 0x0000000703e00000, 0x0000000703d00000| Untracked 
|  22|0x0000000703e00000, 0x0000000703f00000, 0x0000000703f00000|100%|HS|  |TAMS 0x0000000703e00000, 0x0000000703e00000| Complete 
|  23|0x0000000703f00000, 0x0000000704000000, 0x0000000704000000|100%|HS|  |TAMS 0x0000000704000000, 0x0000000703f00000| Complete 
|  24|0x0000000704000000, 0x0000000704100000, 0x0000000704100000|100%|HC|  |TAMS 0x0000000704100000, 0x0000000704000000| Complete 
|  25|0x0000000704100000, 0x0000000704200000, 0x0000000704200000|100%|HC|  |TAMS 0x0000000704200000, 0x0000000704100000| Complete 
|  26|0x0000000704200000, 0x0000000704300000, 0x0000000704300000|100%|HC|  |TAMS 0x0000000704300000, 0x0000000704200000| Complete 
|  27|0x0000000704300000, 0x0000000704400000, 0x0000000704400000|100%|HC|  |TAMS 0x0000000704400000, 0x0000000704300000| Complete 
|  28|0x0000000704400000, 0x0000000704500000, 0x0000000704500000|100%|HC|  |TAMS 0x0000000704500000, 0x0000000704400000| Complete 
|  29|0x0000000704500000, 0x0000000704600000, 0x0000000704600000|100%| O|  |TAMS 0x0000000704600000, 0x0000000704500000| Complete 
|  30|0x0000000704600000, 0x0000000704700000, 0x0000000704700000|100%| O|  |TAMS 0x0000000704700000, 0x0000000704600000| Complete 
|  31|0x0000000704700000, 0x0000000704800000, 0x0000000704800000|100%| O|  |TAMS 0x0000000704800000, 0x0000000704700000| Complete 
|  32|0x0000000704800000, 0x0000000704800000, 0x0000000704900000|  0%| F|  |TAMS 0x0000000704800000, 0x0000000704800000| Untracked 
|  33|0x0000000704900000, 0x0000000704a00000, 0x0000000704a00000|100%| O|  |TAMS 0x0000000704a00000, 0x0000000704900000| Complete 
|  34|0x0000000704a00000, 0x0000000704b00000, 0x0000000704b00000|100%| O|  |TAMS 0x0000000704b00000, 0x0000000704a00000| Complete 
|  35|0x0000000704b00000, 0x0000000704c00000, 0x0000000704c00000|100%| O|  |TAMS 0x0000000704c00000, 0x0000000704b00000| Complete 
|  36|0x0000000704c00000, 0x0000000704d00000, 0x0000000704d00000|100%| O|  |TAMS 0x0000000704d00000, 0x0000000704c00000| Complete 
|  37|0x0000000704d00000, 0x0000000704e00000, 0x0000000704e00000|100%| O|  |TAMS 0x0000000704e00000, 0x0000000704d00000| Untracked 
|  38|0x0000000704e00000, 0x0000000704f00000, 0x0000000704f00000|100%|HS|  |TAMS 0x0000000704e00000, 0x0000000704e00000| Complete 
|  39|0x0000000704f00000, 0x0000000705000000, 0x0000000705000000|100%|HC|  |TAMS 0x0000000704f00000, 0x0000000704f00000| Complete 
|  40|0x0000000705000000, 0x0000000705000000, 0x0000000705100000|  0%| F|  |TAMS 0x0000000705000000, 0x0000000705000000| Untracked 
|  41|0x0000000705100000, 0x0000000705200000, 0x0000000705200000|100%| O|  |TAMS 0x0000000705200000, 0x0000000705100000| Untracked 
|  42|0x0000000705200000, 0x0000000705300000, 0x0000000705300000|100%| O|  |TAMS 0x0000000705300000, 0x0000000705200000| Untracked 
|  43|0x0000000705300000, 0x0000000705348a00, 0x0000000705400000| 28%| O|  |TAMS 0x0000000705348a00, 0x0000000705300000| Complete 
|  44|0x0000000705400000, 0x0000000705500000, 0x0000000705500000|100%|HS|  |TAMS 0x0000000705400000, 0x0000000705400000| Complete 
|  45|0x0000000705500000, 0x0000000705600000, 0x0000000705600000|100%|HC|  |TAMS 0x0000000705500000, 0x0000000705500000| Complete 
|  46|0x0000000705600000, 0x0000000705700000, 0x0000000705700000|100%|HS|  |TAMS 0x0000000705600000, 0x0000000705600000| Complete 
|  47|0x0000000705700000, 0x0000000705800000, 0x0000000705800000|100%|HC|  |TAMS 0x0000000705700000, 0x0000000705700000| Complete 
|  48|0x0000000705800000, 0x0000000705900000, 0x0000000705900000|100%|HC|  |TAMS 0x0000000705800000, 0x0000000705800000| Complete 
|  49|0x0000000705900000, 0x0000000705a00000, 0x0000000705a00000|100%|HS|  |TAMS 0x0000000705a00000, 0x0000000705900000| Complete 
|  50|0x0000000705a00000, 0x0000000705b00000, 0x0000000705b00000|100%|HC|  |TAMS 0x0000000705b00000, 0x0000000705a00000| Complete 
|  51|0x0000000705b00000, 0x0000000705c00000, 0x0000000705c00000|100%|HS|  |TAMS 0x0000000705b00000, 0x0000000705b00000| Complete 
|  52|0x0000000705c00000, 0x0000000705d00000, 0x0000000705d00000|100%|HC|  |TAMS 0x0000000705c00000, 0x0000000705c00000| Complete 
|  53|0x0000000705d00000, 0x0000000705e00000, 0x0000000705e00000|100%|HC|  |TAMS 0x0000000705d00000, 0x0000000705d00000| Complete 
|  54|0x0000000705e00000, 0x0000000705f00000, 0x0000000705f00000|100%|HS|  |TAMS 0x0000000705e00000, 0x0000000705e00000| Complete 
|  55|0x0000000705f00000, 0x0000000706000000, 0x0000000706000000|100%|HC|  |TAMS 0x0000000705f00000, 0x0000000705f00000| Complete 
|  56|0x0000000706000000, 0x0000000706100000, 0x0000000706100000|100%|HC|  |TAMS 0x0000000706000000, 0x0000000706000000| Complete 
|  57|0x0000000706100000, 0x0000000706200000, 0x0000000706200000|100%|HC|  |TAMS 0x0000000706100000, 0x0000000706100000| Complete 
|  58|0x0000000706200000, 0x0000000706300000, 0x0000000706300000|100%|HC|  |TAMS 0x0000000706200000, 0x0000000706200000| Complete 
|  59|0x0000000706300000, 0x0000000706300000, 0x0000000706400000|  0%| F|  |TAMS 0x0000000706300000, 0x0000000706300000| Untracked 
|  60|0x0000000706400000, 0x0000000706400000, 0x0000000706500000|  0%| F|  |TAMS 0x0000000706400000, 0x0000000706400000| Untracked 
|  61|0x0000000706500000, 0x0000000706600000, 0x0000000706600000|100%|HS|  |TAMS 0x0000000706600000, 0x0000000706500000| Complete 
|  62|0x0000000706600000, 0x0000000706700000, 0x0000000706700000|100%|HC|  |TAMS 0x0000000706700000, 0x0000000706600000| Complete 
|  63|0x0000000706700000, 0x0000000706800000, 0x0000000706800000|100%|HC|  |TAMS 0x0000000706800000, 0x0000000706700000| Complete 
|  64|0x0000000706800000, 0x0000000706900000, 0x0000000706900000|100%|HS|  |TAMS 0x0000000706800000, 0x0000000706800000| Complete 
|  65|0x0000000706900000, 0x0000000706a00000, 0x0000000706a00000|100%|HC|  |TAMS 0x0000000706900000, 0x0000000706900000| Complete 
|  66|0x0000000706a00000, 0x0000000706b00000, 0x0000000706b00000|100%|HC|  |TAMS 0x0000000706a00000, 0x0000000706a00000| Complete 
|  67|0x0000000706b00000, 0x0000000706c00000, 0x0000000706c00000|100%|HS|  |TAMS 0x0000000706c00000, 0x0000000706b00000| Complete 
|  68|0x0000000706c00000, 0x0000000706d00000, 0x0000000706d00000|100%|HC|  |TAMS 0x0000000706d00000, 0x0000000706c00000| Complete 
|  69|0x0000000706d00000, 0x0000000706e00000, 0x0000000706e00000|100%|HS|  |TAMS 0x0000000706d00000, 0x0000000706d00000| Complete 
|  70|0x0000000706e00000, 0x0000000706f00000, 0x0000000706f00000|100%|HC|  |TAMS 0x0000000706e00000, 0x0000000706e00000| Complete 
|  71|0x0000000706f00000, 0x0000000707000000, 0x0000000707000000|100%|HC|  |TAMS 0x0000000706f00000, 0x0000000706f00000| Complete 
|  72|0x0000000707000000, 0x0000000707100000, 0x0000000707100000|100%|HC|  |TAMS 0x0000000707000000, 0x0000000707000000| Complete 
|  73|0x0000000707100000, 0x0000000707200000, 0x0000000707200000|100%|HC|  |TAMS 0x0000000707100000, 0x0000000707100000| Complete 
|  74|0x0000000707200000, 0x0000000707300000, 0x0000000707300000|100%|HS|  |TAMS 0x0000000707200000, 0x0000000707200000| Complete 
|  75|0x0000000707300000, 0x0000000707400000, 0x0000000707400000|100%|HC|  |TAMS 0x0000000707300000, 0x0000000707300000| Complete 
|  76|0x0000000707400000, 0x0000000707500000, 0x0000000707500000|100%|HC|  |TAMS 0x0000000707400000, 0x0000000707400000| Complete 
|  77|0x0000000707500000, 0x0000000707500000, 0x0000000707600000|  0%| F|  |TAMS 0x0000000707500000, 0x0000000707500000| Untracked 
|  78|0x0000000707600000, 0x0000000707600000, 0x0000000707700000|  0%| F|  |TAMS 0x0000000707600000, 0x0000000707600000| Untracked 
|  79|0x0000000707700000, 0x0000000707700000, 0x0000000707800000|  0%| F|  |TAMS 0x0000000707700000, 0x0000000707700000| Untracked 
|  80|0x0000000707800000, 0x0000000707900000, 0x0000000707900000|100%| O|  |TAMS 0x0000000707900000, 0x0000000707800000| Complete 
|  81|0x0000000707900000, 0x0000000707900000, 0x0000000707a00000|  0%| F|  |TAMS 0x0000000707900000, 0x0000000707900000| Untracked 
|  82|0x0000000707a00000, 0x0000000707a00000, 0x0000000707b00000|  0%| F|  |TAMS 0x0000000707a00000, 0x0000000707a00000| Untracked 
|  83|0x0000000707b00000, 0x0000000707b00000, 0x0000000707c00000|  0%| F|  |TAMS 0x0000000707b00000, 0x0000000707b00000| Untracked 
|  84|0x0000000707c00000, 0x0000000707c00000, 0x0000000707d00000|  0%| F|  |TAMS 0x0000000707c00000, 0x0000000707c00000| Untracked 
|  85|0x0000000707d00000, 0x0000000707d00000, 0x0000000707e00000|  0%| F|  |TAMS 0x0000000707d00000, 0x0000000707d00000| Untracked 
|  86|0x0000000707e00000, 0x0000000707e00000, 0x0000000707f00000|  0%| F|  |TAMS 0x0000000707e00000, 0x0000000707e00000| Untracked 
|  87|0x0000000707f00000, 0x0000000707f00000, 0x0000000708000000|  0%| F|  |TAMS 0x0000000707f00000, 0x0000000707f00000| Untracked 
|  88|0x0000000708000000, 0x0000000708000000, 0x0000000708100000|  0%| F|  |TAMS 0x0000000708000000, 0x0000000708000000| Untracked 
|  89|0x0000000708100000, 0x0000000708100000, 0x0000000708200000|  0%| F|  |TAMS 0x0000000708100000, 0x0000000708100000| Untracked 
|  90|0x0000000708200000, 0x0000000708200000, 0x0000000708300000|  0%| F|  |TAMS 0x0000000708200000, 0x0000000708200000| Untracked 
|  91|0x0000000708300000, 0x0000000708300000, 0x0000000708400000|  0%| F|  |TAMS 0x0000000708300000, 0x0000000708300000| Untracked 
|  92|0x0000000708400000, 0x0000000708400000, 0x0000000708500000|  0%| F|  |TAMS 0x0000000708400000, 0x0000000708400000| Untracked 
|  93|0x0000000708500000, 0x0000000708500000, 0x0000000708600000|  0%| F|  |TAMS 0x0000000708500000, 0x0000000708500000| Untracked 
|  94|0x0000000708600000, 0x0000000708600000, 0x0000000708700000|  0%| F|  |TAMS 0x0000000708600000, 0x0000000708600000| Untracked 
|  95|0x0000000708700000, 0x0000000708700000, 0x0000000708800000|  0%| F|  |TAMS 0x0000000708700000, 0x0000000708700000| Untracked 
|  96|0x0000000708800000, 0x0000000708800000, 0x0000000708900000|  0%| F|  |TAMS 0x0000000708800000, 0x0000000708800000| Untracked 
|  97|0x0000000708900000, 0x0000000708900000, 0x0000000708a00000|  0%| F|  |TAMS 0x0000000708900000, 0x0000000708900000| Untracked 
|  98|0x0000000708a00000, 0x0000000708a00000, 0x0000000708b00000|  0%| F|  |TAMS 0x0000000708a00000, 0x0000000708a00000| Untracked 
|  99|0x0000000708b00000, 0x0000000708b00000, 0x0000000708c00000|  0%| F|  |TAMS 0x0000000708b00000, 0x0000000708b00000| Untracked 
| 100|0x0000000708c00000, 0x0000000708c00000, 0x0000000708d00000|  0%| F|  |TAMS 0x0000000708c00000, 0x0000000708c00000| Untracked 
| 101|0x0000000708d00000, 0x0000000708d00000, 0x0000000708e00000|  0%| F|  |TAMS 0x0000000708d00000, 0x0000000708d00000| Untracked 
| 102|0x0000000708e00000, 0x0000000708e00000, 0x0000000708f00000|  0%| F|  |TAMS 0x0000000708e00000, 0x0000000708e00000| Untracked 
| 103|0x0000000708f00000, 0x0000000708f00000, 0x0000000709000000|  0%| F|  |TAMS 0x0000000708f00000, 0x0000000708f00000| Untracked 
| 104|0x0000000709000000, 0x0000000709000000, 0x0000000709100000|  0%| F|  |TAMS 0x0000000709000000, 0x0000000709000000| Untracked 
| 105|0x0000000709100000, 0x0000000709100000, 0x0000000709200000|  0%| F|  |TAMS 0x0000000709100000, 0x0000000709100000| Untracked 
| 106|0x0000000709200000, 0x0000000709200000, 0x0000000709300000|  0%| F|  |TAMS 0x0000000709200000, 0x0000000709200000| Untracked 
| 107|0x0000000709300000, 0x0000000709300000, 0x0000000709400000|  0%| F|  |TAMS 0x0000000709300000, 0x0000000709300000| Untracked 
| 108|0x0000000709400000, 0x0000000709400000, 0x0000000709500000|  0%| F|  |TAMS 0x0000000709400000, 0x0000000709400000| Untracked 
| 109|0x0000000709500000, 0x0000000709500000, 0x0000000709600000|  0%| F|  |TAMS 0x0000000709500000, 0x0000000709500000| Untracked 
| 110|0x0000000709600000, 0x0000000709600000, 0x0000000709700000|  0%| F|  |TAMS 0x0000000709600000, 0x0000000709600000| Untracked 
| 111|0x0000000709700000, 0x00000007097e0a88, 0x0000000709800000| 87%| E|  |TAMS 0x0000000709700000, 0x0000000709700000| Complete 
| 112|0x0000000709800000, 0x0000000709900000, 0x0000000709900000|100%| E|CS|TAMS 0x0000000709800000, 0x0000000709800000| Complete 
| 113|0x0000000709900000, 0x0000000709a00000, 0x0000000709a00000|100%| E|CS|TAMS 0x0000000709900000, 0x0000000709900000| Complete 
| 114|0x0000000709a00000, 0x0000000709b00000, 0x0000000709b00000|100%| E|CS|TAMS 0x0000000709a00000, 0x0000000709a00000| Complete 
| 115|0x0000000709b00000, 0x0000000709c00000, 0x0000000709c00000|100%| E|CS|TAMS 0x0000000709b00000, 0x0000000709b00000| Complete 
| 116|0x0000000709c00000, 0x0000000709d00000, 0x0000000709d00000|100%| E|CS|TAMS 0x0000000709c00000, 0x0000000709c00000| Complete 
| 117|0x0000000709d00000, 0x0000000709e00000, 0x0000000709e00000|100%| E|CS|TAMS 0x0000000709d00000, 0x0000000709d00000| Complete 
| 118|0x0000000709e00000, 0x0000000709f00000, 0x0000000709f00000|100%| E|  |TAMS 0x0000000709e00000, 0x0000000709e00000| Complete 
| 119|0x0000000709f00000, 0x000000070a000000, 0x000000070a000000|100%| E|CS|TAMS 0x0000000709f00000, 0x0000000709f00000| Complete 
| 120|0x000000070a000000, 0x000000070a015760, 0x000000070a100000|  8%| S|CS|TAMS 0x000000070a000000, 0x000000070a000000| Complete 
| 121|0x000000070a100000, 0x000000070a200000, 0x000000070a200000|100%| S|CS|TAMS 0x000000070a100000, 0x000000070a100000| Complete 
| 122|0x000000070a200000, 0x000000070a300000, 0x000000070a300000|100%| S|CS|TAMS 0x000000070a200000, 0x000000070a200000| Complete 
| 123|0x000000070a300000, 0x000000070a400000, 0x000000070a400000|100%| S|CS|TAMS 0x000000070a300000, 0x000000070a300000| Complete 
| 124|0x000000070a400000, 0x000000070a500000, 0x000000070a500000|100%| E|CS|TAMS 0x000000070a400000, 0x000000070a400000| Complete 
| 125|0x000000070a500000, 0x000000070a600000, 0x000000070a600000|100%| E|CS|TAMS 0x000000070a500000, 0x000000070a500000| Complete 
| 126|0x000000070a600000, 0x000000070a700000, 0x000000070a700000|100%| E|CS|TAMS 0x000000070a600000, 0x000000070a600000| Complete 
| 127|0x000000070a700000, 0x000000070a800000, 0x000000070a800000|100%| E|CS|TAMS 0x000000070a700000, 0x000000070a700000| Complete 
| 128|0x000000070a800000, 0x000000070a900000, 0x000000070a900000|100%| E|CS|TAMS 0x000000070a800000, 0x000000070a800000| Complete 
| 129|0x000000070a900000, 0x000000070aa00000, 0x000000070aa00000|100%| E|CS|TAMS 0x000000070a900000, 0x000000070a900000| Complete 
| 130|0x000000070aa00000, 0x000000070ab00000, 0x000000070ab00000|100%| E|CS|TAMS 0x000000070aa00000, 0x000000070aa00000| Complete 
| 131|0x000000070ab00000, 0x000000070ac00000, 0x000000070ac00000|100%| E|CS|TAMS 0x000000070ab00000, 0x000000070ab00000| Complete 
| 144|0x000000070b800000, 0x000000070b900000, 0x000000070b900000|100%| E|CS|TAMS 0x000000070b800000, 0x000000070b800000| Complete 
| 145|0x000000070b900000, 0x000000070ba00000, 0x000000070ba00000|100%| E|CS|TAMS 0x000000070b900000, 0x000000070b900000| Complete 
| 278|0x0000000713e00000, 0x0000000713f00000, 0x0000000713f00000|100%| E|CS|TAMS 0x0000000713e00000, 0x0000000713e00000| Complete 
| 302|0x0000000715600000, 0x0000000715700000, 0x0000000715700000|100%| E|CS|TAMS 0x0000000715600000, 0x0000000715600000| Complete 
| 304|0x0000000715800000, 0x0000000715900000, 0x0000000715900000|100%| E|CS|TAMS 0x0000000715800000, 0x0000000715800000| Complete 

Card table byte_map: [0x00000159cb1e0000,0x00000159cb9d0000] _byte_map_base: 0x00000159c79cc000

Marking Bits (Prev, Next): (CMBitMap*) 0x00000159b11daee8, (CMBitMap*) 0x00000159b11daea8
 Prev Bits: [0x00000159d0120000, 0x00000159d4080000)
 Next Bits: [0x00000159cc1c0000, 0x00000159d0120000)

Polling page: 0x00000159b1030000

Metaspace:

Usage:
  Non-class:     40.89 MB capacity,    39.98 MB ( 98%) used,   791.63 KB (  2%) free+waste,   142.94 KB ( <1%) overhead. 
      Class:      6.26 MB capacity,     5.74 MB ( 92%) used,   470.24 KB (  7%) free+waste,    68.94 KB (  1%) overhead. 
       Both:     47.16 MB capacity,    45.72 MB ( 97%) used,     1.23 MB (  3%) free+waste,   211.88 KB ( <1%) overhead. 

Virtual space:
  Non-class space:       42.00 MB reserved,      40.95 MB ( 97%) committed 
      Class space:        1.00 GB reserved,       6.38 MB ( <1%) committed 
             Both:        1.04 GB reserved,      47.32 MB (  4%) committed 

Chunk freelists:
   Non-Class:  56.00 KB
       Class:  0 bytes
        Both:  56.00 KB

MaxMetaspaceSize: 17179869184.00 GB
CompressedClassSpaceSize: 1.00 GB

CodeHeap 'non-profiled nmethods': size=120000Kb used=5625Kb max_used=5625Kb free=114374Kb
 bounds [0x00000159c2920000, 0x00000159c2ea0000, 0x00000159c9e50000]
CodeHeap 'profiled nmethods': size=120000Kb used=18164Kb max_used=18164Kb free=101835Kb
 bounds [0x00000159bb3f0000, 0x00000159bc5c0000, 0x00000159c2920000]
CodeHeap 'non-nmethods': size=5760Kb used=1569Kb max_used=1621Kb free=4190Kb
 bounds [0x00000159bae50000, 0x00000159bb0c0000, 0x00000159bb3f0000]
 total_blobs=13399 nmethods=8147 adapters=834
 compilation: enabled
              stopped_count=0, restarted_count=0
 full_count=0

Compilation events (20 events):
Event: 63.858 Thread 0x00000159d6c07800 9364       3       java.util.ArrayDeque::removeFirst (19 bytes)
Event: 63.858 Thread 0x00000159d6c07800 nmethod 9364 0x00000159bc5aca10 code [0x00000159bc5acbe0, 0x00000159bc5acec0]
Event: 63.954 Thread 0x00000159d6c04800 9365       4       com.sun.javafx.scene.EnteredExitedHandler::dispatchCapturingEvent (222 bytes)
Event: 63.970 Thread 0x00000159d6c04800 nmethod 9365 0x00000159c2e8d510 code [0x00000159c2e8d720, 0x00000159c2e8e238]
Event: 64.277 Thread 0x00000159d6c04800 9366       4       com.sun.javafx.event.BasicEventDispatcher::dispatchCapturingEvent (2 bytes)
Event: 64.278 Thread 0x00000159d6c04800 nmethod 9366 0x00000159c2e8e790 code [0x00000159c2e8e920, 0x00000159c2e8e998]
Event: 64.292 Thread 0x00000159d6c04800 9367   !   4       javafx.scene.CssStyleHelper::transitionToState (1019 bytes)
Event: 64.294 Thread 0x00000159d6c07800 9368       3       com.sun.prism.impl.ps.BaseShaderContext::validatePaintOp (19 bytes)
Event: 64.294 Thread 0x00000159d6c07800 nmethod 9368 0x00000159bc5ad010 code [0x00000159bc5ad1c0, 0x00000159bc5ad410]
Event: 64.602 Thread 0x00000159d6c07800 9370       3       com.sun.javafx.util.Logging::getInputLogger (18 bytes)
Event: 64.602 Thread 0x00000159d6c07800 nmethod 9370 0x00000159bc5ad510 code [0x00000159bc5ad6c0, 0x00000159bc5ad8f0]
Event: 64.852 Thread 0x00000159d6c07800 9371       3       com.sun.javafx.geom.transform.GeneralTransform3D::setIdentity (129 bytes)
Event: 64.852 Thread 0x00000159d6c07800 nmethod 9371 0x00000159bc5ad990 code [0x00000159bc5adb60, 0x00000159bc5adfd8]
Event: 64.852 Thread 0x00000159d6c07800 9372       3       com.sun.javafx.sg.prism.NGImageView::doRender (24 bytes)
Event: 64.853 Thread 0x00000159d6c07800 nmethod 9372 0x00000159bc5ae210 code [0x00000159bc5ae3c0, 0x00000159bc5ae640]
Event: 64.929 Thread 0x00000159d6c04800 nmethod 9367 0x00000159c2e8ea90 code [0x00000159c2e8f1c0, 0x00000159c2e97e58]
Event: 64.930 Thread 0x00000159d6c04800 9369       4       java.util.WeakHashMap$HashIterator::<init> (41 bytes)
Event: 64.933 Thread 0x00000159d6c04800 nmethod 9369 0x00000159c2e9e110 code [0x00000159c2e9e2a0, 0x00000159c2e9e4a8]
Event: 65.156 Thread 0x00000159d6c07800 9373   !   3       java.util.concurrent.ThreadPoolExecutor::processWorkerExit (138 bytes)
Event: 65.157 Thread 0x00000159d6c07800 nmethod 9373 0x00000159bc5ae710 code [0x00000159bc5ae9e0, 0x00000159bc5afaa0]

GC Heap History (20 events):
Event: 37.579 GC heap before
{Heap before GC invocations=206 (full 0):
 garbage-first heap   total 140288K, used 61037K [0x0000000702800000, 0x0000000800000000)
  region size 1024K, 18 young (18432K), 6 survivors (6144K)
 Metaspace       used 46439K, capacity 47831K, committed 48076K, reserved 1091584K
  class space    used 5858K, capacity 6367K, committed 6400K, reserved 1048576K
}
Event: 37.582 GC heap after
{Heap after GC invocations=207 (full 0):
 garbage-first heap   total 140288K, used 40435K [0x0000000702800000, 0x0000000800000000)
  region size 1024K, 4 young (4096K), 4 survivors (4096K)
 Metaspace       used 46439K, capacity 47831K, committed 48076K, reserved 1091584K
  class space    used 5858K, capacity 6367K, committed 6400K, reserved 1048576K
}
Event: 37.925 GC heap before
{Heap before GC invocations=208 (full 0):
 garbage-first heap   total 140288K, used 48627K [0x0000000702800000, 0x0000000800000000)
  region size 1024K, 10 young (10240K), 4 survivors (4096K)
 Metaspace       used 46439K, capacity 47831K, committed 48076K, reserved 1091584K
  class space    used 5858K, capacity 6367K, committed 6400K, reserved 1048576K
}
Event: 37.927 GC heap after
{Heap after GC invocations=209 (full 0):
 garbage-first heap   total 140288K, used 40415K [0x0000000702800000, 0x0000000800000000)
  region size 1024K, 4 young (4096K), 4 survivors (4096K)
 Metaspace       used 46439K, capacity 47831K, committed 48076K, reserved 1091584K
  class space    used 5858K, capacity 6367K, committed 6400K, reserved 1048576K
}
Event: 38.081 GC heap before
{Heap before GC invocations=210 (full 0):
 garbage-first heap   total 140288K, used 46559K [0x0000000702800000, 0x0000000800000000)
  region size 1024K, 7 young (7168K), 4 survivors (4096K)
 Metaspace       used 46439K, capacity 47831K, committed 48076K, reserved 1091584K
  class space    used 5858K, capacity 6367K, committed 6400K, reserved 1048576K
}
Event: 38.084 GC heap after
{Heap after GC invocations=211 (full 0):
 garbage-first heap   total 140288K, used 40197K [0x0000000702800000, 0x0000000800000000)
  region size 1024K, 4 young (4096K), 4 survivors (4096K)
 Metaspace       used 46439K, capacity 47831K, committed 48076K, reserved 1091584K
  class space    used 5858K, capacity 6367K, committed 6400K, reserved 1048576K
}
Event: 38.313 GC heap before
{Heap before GC invocations=212 (full 0):
 garbage-first heap   total 140288K, used 51461K [0x0000000702800000, 0x0000000800000000)
  region size 1024K, 9 young (9216K), 4 survivors (4096K)
 Metaspace       used 46439K, capacity 47831K, committed 48076K, reserved 1091584K
  class space    used 5858K, capacity 6367K, committed 6400K, reserved 1048576K
}
Event: 38.316 GC heap after
{Heap after GC invocations=213 (full 0):
 garbage-first heap   total 140288K, used 40768K [0x0000000702800000, 0x0000000800000000)
  region size 1024K, 5 young (5120K), 5 survivors (5120K)
 Metaspace       used 46439K, capacity 47831K, committed 48076K, reserved 1091584K
  class space    used 5858K, capacity 6367K, committed 6400K, reserved 1048576K
}
Event: 38.483 GC heap before
{Heap before GC invocations=214 (full 0):
 garbage-first heap   total 140288K, used 45888K [0x0000000702800000, 0x0000000800000000)
  region size 1024K, 11 young (11264K), 5 survivors (5120K)
 Metaspace       used 46444K, capacity 47831K, committed 48076K, reserved 1091584K
  class space    used 5858K, capacity 6367K, committed 6400K, reserved 1048576K
}
Event: 38.485 GC heap after
{Heap after GC invocations=215 (full 0):
 garbage-first heap   total 140288K, used 40479K [0x0000000702800000, 0x0000000800000000)
  region size 1024K, 5 young (5120K), 5 survivors (5120K)
 Metaspace       used 46444K, capacity 47831K, committed 48076K, reserved 1091584K
  class space    used 5858K, capacity 6367K, committed 6400K, reserved 1048576K
}
Event: 38.878 GC heap before
{Heap before GC invocations=216 (full 0):
 garbage-first heap   total 140288K, used 46623K [0x0000000702800000, 0x0000000800000000)
  region size 1024K, 12 young (12288K), 5 survivors (5120K)
 Metaspace       used 46457K, capacity 47895K, committed 48076K, reserved 1091584K
  class space    used 5858K, capacity 6367K, committed 6400K, reserved 1048576K
}
Event: 38.881 GC heap after
{Heap after GC invocations=217 (full 0):
 garbage-first heap   total 140288K, used 40394K [0x0000000702800000, 0x0000000800000000)
  region size 1024K, 5 young (5120K), 5 survivors (5120K)
 Metaspace       used 46457K, capacity 47895K, committed 48076K, reserved 1091584K
  class space    used 5858K, capacity 6367K, committed 6400K, reserved 1048576K
}
Event: 54.984 GC heap before
{Heap before GC invocations=218 (full 0):
 garbage-first heap   total 140288K, used 106954K [0x0000000702800000, 0x0000000800000000)
  region size 1024K, 63 young (64512K), 5 survivors (5120K)
 Metaspace       used 46608K, capacity 47959K, committed 48076K, reserved 1091584K
  class space    used 5858K, capacity 6367K, committed 6400K, reserved 1048576K
}
Event: 54.986 GC heap after
{Heap after GC invocations=219 (full 0):
 garbage-first heap   total 140288K, used 44461K [0x0000000702800000, 0x0000000800000000)
  region size 1024K, 8 young (8192K), 8 survivors (8192K)
 Metaspace       used 46608K, capacity 47959K, committed 48076K, reserved 1091584K
  class space    used 5858K, capacity 6367K, committed 6400K, reserved 1048576K
}
Event: 60.989 GC heap before
{Heap before GC invocations=219 (full 0):
 garbage-first heap   total 140288K, used 87469K [0x0000000702800000, 0x0000000800000000)
  region size 1024K, 52 young (53248K), 8 survivors (8192K)
 Metaspace       used 46755K, capacity 48223K, committed 48460K, reserved 1091584K
  class space    used 5873K, capacity 6413K, committed 6528K, reserved 1048576K
}
Event: 60.992 GC heap after
{Heap after GC invocations=220 (full 0):
 garbage-first heap   total 140288K, used 42825K [0x0000000702800000, 0x0000000800000000)
  region size 1024K, 5 young (5120K), 5 survivors (5120K)
 Metaspace       used 46755K, capacity 48223K, committed 48460K, reserved 1091584K
  class space    used 5873K, capacity 6413K, committed 6528K, reserved 1048576K
}
Event: 61.103 GC heap before
{Heap before GC invocations=221 (full 0):
 garbage-first heap   total 140288K, used 53065K [0x0000000702800000, 0x0000000800000000)
  region size 1024K, 11 young (11264K), 5 survivors (5120K)
 Metaspace       used 46757K, capacity 48223K, committed 48460K, reserved 1091584K
  class space    used 5873K, capacity 6413K, committed 6528K, reserved 1048576K
}
Event: 61.106 GC heap after
{Heap after GC invocations=222 (full 0):
 garbage-first heap   total 140288K, used 45260K [0x0000000702800000, 0x0000000800000000)
  region size 1024K, 3 young (3072K), 3 survivors (3072K)
 Metaspace       used 46757K, capacity 48223K, committed 48460K, reserved 1091584K
  class space    used 5873K, capacity 6413K, committed 6528K, reserved 1048576K
}
Event: 61.363 GC heap before
{Heap before GC invocations=223 (full 0):
 garbage-first heap   total 140288K, used 78028K [0x0000000702800000, 0x0000000800000000)
  region size 1024K, 13 young (13312K), 3 survivors (3072K)
 Metaspace       used 46792K, capacity 48223K, committed 48460K, reserved 1091584K
  class space    used 5873K, capacity 6413K, committed 6528K, reserved 1048576K
}
Event: 61.366 GC heap after
{Heap after GC invocations=224 (full 0):
 garbage-first heap   total 140288K, used 49023K [0x0000000702800000, 0x0000000800000000)
  region size 1024K, 4 young (4096K), 4 survivors (4096K)
 Metaspace       used 46792K, capacity 48223K, committed 48460K, reserved 1091584K
  class space    used 5873K, capacity 6413K, committed 6528K, reserved 1048576K
}

Deoptimization events (20 events):
Event: 61.094 Thread 0x00000159d75cb000 Uncommon trap: trap_request=0xffffff45 fr.pc=0x00000159c2e1ee24 relative=0x00000000000001c4
Event: 61.094 Thread 0x00000159d75cb000 Uncommon trap: reason=unstable_if action=reinterpret pc=0x00000159c2e1ee24 method=com.sun.prism.impl.ps.BaseShaderContext.updatePerVertexColor(Lcom/sun/prism/paint/Paint;F)V @ 11 c2
Event: 61.094 Thread 0x00000159d75cb000 DEOPT PACKING pc=0x00000159c2e1ee24 sp=0x0000004755ffd280
Event: 61.094 Thread 0x00000159d75cb000 DEOPT UNPACKING pc=0x00000159bae9912f sp=0x0000004755ffd210 mode 2
Event: 61.094 Thread 0x00000159d75cb000 Uncommon trap: trap_request=0xffffffde fr.pc=0x00000159c2e61e3c relative=0x000000000000019c
Event: 61.094 Thread 0x00000159d75cb000 Uncommon trap: reason=class_check action=maybe_recompile pc=0x00000159c2e61e3c method=javafx.scene.layout.Border.isEmpty()Z @ 4 c2
Event: 61.094 Thread 0x00000159d75cb000 DEOPT PACKING pc=0x00000159c2e61e3c sp=0x0000004755ffdb60
Event: 61.094 Thread 0x00000159d75cb000 DEOPT UNPACKING pc=0x00000159bae9912f sp=0x0000004755ffda48 mode 2
Event: 61.125 Thread 0x00000159d75cd800 Uncommon trap: trap_request=0xffffff45 fr.pc=0x00000159c2b9881c relative=0x0000000000000e9c
Event: 61.125 Thread 0x00000159d75cd800 Uncommon trap: reason=unstable_if action=reinterpret pc=0x00000159c2b9881c method=javafx.css.SimpleSelector.stateMatches(Ljavafx/css/Styleable;Ljava/util/Set;)Z @ 1 c2
Event: 61.125 Thread 0x00000159d75cd800 DEOPT PACKING pc=0x00000159c2b9881c sp=0x0000004756cfcbb0
Event: 61.125 Thread 0x00000159d75cd800 DEOPT UNPACKING pc=0x00000159bae9912f sp=0x0000004756cfcab0 mode 2
Event: 61.270 Thread 0x00000159d75cd800 Uncommon trap: trap_request=0xffffff45 fr.pc=0x00000159c2e41a2c relative=0x0000000000000aac
Event: 61.270 Thread 0x00000159d75cd800 Uncommon trap: reason=unstable_if action=reinterpret pc=0x00000159c2e41a2c method=com.sun.javafx.css.BitSet.retainAll(Ljava/util/Collection;)Z @ 89 c2
Event: 61.270 Thread 0x00000159d75cd800 DEOPT PACKING pc=0x00000159c2e41a2c sp=0x0000004756cfd770
Event: 61.270 Thread 0x00000159d75cd800 DEOPT UNPACKING pc=0x00000159bae9912f sp=0x0000004756cfd5d0 mode 2
Event: 62.279 Thread 0x00000159d75cd800 Uncommon trap: trap_request=0xffffff45 fr.pc=0x00000159c2e57328 relative=0x0000000000000cc8
Event: 62.279 Thread 0x00000159d75cd800 Uncommon trap: reason=unstable_if action=reinterpret pc=0x00000159c2e57328 method=javafx.scene.Node.intersectsBounds(Lcom/sun/javafx/geom/PickRay;)D @ 902 c2
Event: 62.279 Thread 0x00000159d75cd800 DEOPT PACKING pc=0x00000159c2e57328 sp=0x0000004756cfd230
Event: 62.279 Thread 0x00000159d75cd800 DEOPT UNPACKING pc=0x00000159bae9912f sp=0x0000004756cfd128 mode 2

Classes unloaded (0 events):
No events

Classes redefined (0 events):
No events

Internal exceptions (20 events):
Event: 61.462 Thread 0x00000159d75cd800 Exception <a 'java/lang/RuntimeException'{0x000000070b9d0550}: Error code: 4
Error message: Out of range.
Additional error message: Cannot lock outside the range of the buffer!
> (0x000000070b9d0550) 
thrown [t:/workspace/open/src/hotspot/share/prims/jni.cpp, line 619]
Event: 61.481 Thread 0x00000159d75cd800 Exception <a 'java/lang/RuntimeException'{0x000000070b88bbf8}: Error code: 4
Error message: Out of range.
Additional error message: Cannot lock outside the range of the buffer!
> (0x000000070b88bbf8) 
thrown [t:/workspace/open/src/hotspot/share/prims/jni.cpp, line 619]
Event: 61.502 Thread 0x00000159d75cd800 Exception <a 'java/lang/RuntimeException'{0x000000070ab6d838}: Error code: 4
Error message: Out of range.
Additional error message: Cannot lock outside the range of the buffer!
> (0x000000070ab6d838) 
thrown [t:/workspace/open/src/hotspot/share/prims/jni.cpp, line 619]
Event: 61.523 Thread 0x00000159d75cd800 Exception <a 'java/lang/RuntimeException'{0x000000070a9446f8}: Error code: 4
Error message: Out of range.
Additional error message: Cannot lock outside the range of the buffer!
> (0x000000070a9446f8) 
thrown [t:/workspace/open/src/hotspot/share/prims/jni.cpp, line 619]
Event: 61.546 Thread 0x00000159d75cd800 Exception <a 'java/lang/RuntimeException'{0x000000070a873120}: Error code: 4
Error message: Out of range.
Additional error message: Cannot lock outside the range of the buffer!
> (0x000000070a873120) 
thrown [t:/workspace/open/src/hotspot/share/prims/jni.cpp, line 619]
Event: 61.567 Thread 0x00000159d75cd800 Exception <a 'java/lang/RuntimeException'{0x000000070a71f8f8}: Error code: 4
Error message: Out of range.
Additional error message: Cannot lock outside the range of the buffer!
> (0x000000070a71f8f8) 
thrown [t:/workspace/open/src/hotspot/share/prims/jni.cpp, line 619]
Event: 61.585 Thread 0x00000159d75cd800 Exception <a 'java/lang/RuntimeException'{0x000000070a607070}: Error code: 4
Error message: Out of range.
Additional error message: Cannot lock outside the range of the buffer!
> (0x000000070a607070) 
thrown [t:/workspace/open/src/hotspot/share/prims/jni.cpp, line 619]
Event: 61.602 Thread 0x00000159d75cd800 Exception <a 'java/lang/RuntimeException'{0x000000070a6d19b0}: Error code: 4
Error message: Out of range.
Additional error message: Cannot lock outside the range of the buffer!
> (0x000000070a6d19b0) 
thrown [t:/workspace/open/src/hotspot/share/prims/jni.cpp, line 619]
Event: 61.627 Thread 0x00000159d75cd800 Exception <a 'java/lang/RuntimeException'{0x000000070a40acd0}: Error code: 4
Error message: Out of range.
Additional error message: Cannot lock outside the range of the buffer!
> (0x000000070a40acd0) 
thrown [t:/workspace/open/src/hotspot/share/prims/jni.cpp, line 619]
Event: 61.646 Thread 0x00000159d75cd800 Exception <a 'java/lang/RuntimeException'{0x000000070a4570b0}: Error code: 4
Error message: Out of range.
Additional error message: Cannot lock outside the range of the buffer!
> (0x000000070a4570b0) 
thrown [t:/workspace/open/src/hotspot/share/prims/jni.cpp, line 619]
Event: 61.664 Thread 0x00000159d75cd800 Exception <a 'java/lang/RuntimeException'{0x000000070a489ba8}: Error code: 4
Error message: Out of range.
Additional error message: Cannot lock outside the range of the buffer!
> (0x000000070a489ba8) 
thrown [t:/workspace/open/src/hotspot/share/prims/jni.cpp, line 619]
Event: 61.681 Thread 0x00000159d75cd800 Exception <a 'java/lang/RuntimeException'{0x0000000709f39668}: Error code: 4
Error message: Out of range.
Additional error message: Cannot lock outside the range of the buffer!
> (0x0000000709f39668) 
thrown [t:/workspace/open/src/hotspot/share/prims/jni.cpp, line 619]
Event: 61.699 Thread 0x00000159d75cd800 Exception <a 'java/lang/RuntimeException'{0x0000000709ebca08}: Error code: 4
Error message: Out of range.
Additional error message: Cannot lock outside the range of the buffer!
> (0x0000000709ebca08) 
thrown [t:/workspace/open/src/hotspot/share/prims/jni.cpp, line 619]
Event: 61.722 Thread 0x00000159d75cd800 Exception <a 'java/lang/RuntimeException'{0x0000000709dafa78}: Error code: 4
Error message: Out of range.
Additional error message: Cannot lock outside the range of the buffer!
> (0x0000000709dafa78) 
thrown [t:/workspace/open/src/hotspot/share/prims/jni.cpp, line 619]
Event: 61.773 Thread 0x00000159d75cd800 Exception <a 'java/lang/RuntimeException'{0x0000000709c239f8}: Error code: 4
Error message: Out of range.
Additional error message: Cannot lock outside the range of the buffer!
> (0x0000000709c239f8) 
thrown [t:/workspace/open/src/hotspot/share/prims/jni.cpp, line 619]
Event: 61.916 Thread 0x00000159d75cd800 Exception <a 'java/lang/RuntimeException'{0x0000000709c77878}: Error code: 4
Error message: Out of range.
Additional error message: Cannot lock outside the range of the buffer!
> (0x0000000709c77878) 
thrown [t:/workspace/open/src/hotspot/share/prims/jni.cpp, line 619]
Event: 62.152 Thread 0x00000159d75cd800 Exception <a 'java/lang/RuntimeException'{0x0000000709a268b0}: Error code: 4
Error message: Out of range.
Additional error message: Cannot lock outside the range of the buffer!
> (0x0000000709a268b0) 
thrown [t:/workspace/open/src/hotspot/share/prims/jni.cpp, line 619]
Event: 62.169 Thread 0x00000159d75cd800 Exception <a 'java/lang/RuntimeException'{0x0000000709918740}: Error code: 4
Error message: Out of range.
Additional error message: Cannot lock outside the range of the buffer!
> (0x0000000709918740) 
thrown [t:/workspace/open/src/hotspot/share/prims/jni.cpp, line 619]
Event: 64.615 Thread 0x00000159d75cd800 Exception <a 'java/lang/RuntimeException'{0x00000007098e33c0}: Error code: 4
Error message: Out of range.
Additional error message: Cannot lock outside the range of the buffer!
> (0x00000007098e33c0) 
thrown [t:/workspace/open/src/hotspot/share/prims/jni.cpp, line 619]
Event: 65.163 Thread 0x00000159d75cd800 Exception <a 'java/lang/RuntimeException'{0x00000007097a0ab0}: Error code: 4
Error message: Out of range.
Additional error message: Cannot lock outside the range of the buffer!
> (0x00000007097a0ab0) 
thrown [t:/workspace/open/src/hotspot/share/prims/jni.cpp, line 619]

Events (20 events):
Event: 64.599 Thread 0x00000159e69ac000 Thread exited: 0x00000159e69ac000
Event: 64.607 Thread 0x0000015986445800 Thread exited: 0x0000015986445800
Event: 64.615 Thread 0x0000015986445000 Thread exited: 0x0000015986445000
Event: 64.615 Thread 0x000001598643d800 Thread exited: 0x000001598643d800
Event: 64.620 Thread 0x00000159d75ca000 Thread exited: 0x00000159d75ca000
Event: 64.660 Thread 0x000001598643b000 Thread exited: 0x000001598643b000
Event: 64.668 Thread 0x000001598643e800 Thread exited: 0x000001598643e800
Event: 64.675 Thread 0x00000159e8b07800 Thread exited: 0x00000159e8b07800
Event: 64.691 Thread 0x00000159e69b2800 Thread exited: 0x00000159e69b2800
Event: 64.694 Thread 0x00000159e69ab000 Thread exited: 0x00000159e69ab000
Event: 64.755 Thread 0x00000159e8b0c000 Thread exited: 0x00000159e8b0c000
Event: 64.898 Thread 0x00000159e69aa000 Thread exited: 0x00000159e69aa000
Event: 64.900 Thread 0x00000159e69a7000 Thread exited: 0x00000159e69a7000
Event: 64.901 Thread 0x0000015986441800 Thread exited: 0x0000015986441800
Event: 64.901 Thread 0x00000159e69a6000 Thread exited: 0x00000159e69a6000
Event: 64.902 Thread 0x00000159e69ae800 Thread exited: 0x00000159e69ae800
Event: 65.144 Thread 0x00000159e8b03000 Thread exited: 0x00000159e8b03000
Event: 65.147 Thread 0x00000159e8b02000 Thread exited: 0x00000159e8b02000
Event: 65.149 Thread 0x00000159e69af000 Thread exited: 0x00000159e69af000
Event: 65.156 Thread 0x0000015986443000 Thread exited: 0x0000015986443000


Dynamic libraries:
0x00007ff768f30000 - 0x00007ff768f3f000 	C:\Program Files\Java\jdk-13\bin\java.exe
0x00007ffcc83f0000 - 0x00007ffcc85e6000 	C:\WINDOWS\SYSTEM32\ntdll.dll
0x00007ffcc81c0000 - 0x00007ffcc827d000 	C:\WINDOWS\System32\KERNEL32.DLL
0x00007ffcc5b30000 - 0x00007ffcc5df9000 	C:\WINDOWS\System32\KERNELBASE.dll
0x00007ffcc6350000 - 0x00007ffcc6450000 	C:\WINDOWS\System32\ucrtbase.dll
0x00007ffcc0cb0000 - 0x00007ffcc0cc8000 	C:\Program Files\Java\jdk-13\bin\jli.dll
0x00007ffcbfd20000 - 0x00007ffcbfd35000 	C:\Program Files\Java\jdk-13\bin\VCRUNTIME140.dll
0x00007ffcc64b0000 - 0x00007ffcc655c000 	C:\WINDOWS\System32\ADVAPI32.dll
0x00007ffcc7020000 - 0x00007ffcc70be000 	C:\WINDOWS\System32\msvcrt.dll
0x00007ffcc79b0000 - 0x00007ffcc7a4c000 	C:\WINDOWS\System32\sechost.dll
0x00007ffcc8280000 - 0x00007ffcc83ab000 	C:\WINDOWS\System32\RPCRT4.dll
0x00007ffcc6870000 - 0x00007ffcc6a10000 	C:\WINDOWS\System32\USER32.dll
0x00007ffcc62c0000 - 0x00007ffcc62e2000 	C:\WINDOWS\System32\win32u.dll
0x00007ffcb1540000 - 0x00007ffcb17db000 	C:\WINDOWS\WinSxS\amd64_microsoft.windows.common-controls_6595b64144ccf1df_6.0.19041.746_none_ca02b4b61b8320a4\COMCTL32.dll
0x00007ffcc6560000 - 0x00007ffcc658a000 	C:\WINDOWS\System32\GDI32.dll
0x00007ffcc5f20000 - 0x00007ffcc602b000 	C:\WINDOWS\System32\gdi32full.dll
0x00007ffcc5e00000 - 0x00007ffcc5e9d000 	C:\WINDOWS\System32\msvcp_win.dll
0x00007ffcbcc30000 - 0x00007ffcbcc3a000 	C:\WINDOWS\SYSTEM32\VERSION.dll
0x00007ffcc6840000 - 0x00007ffcc6870000 	C:\WINDOWS\System32\IMM32.DLL
0x00007ffcb03b0000 - 0x00007ffcb044b000 	C:\Program Files\Java\jdk-13\bin\msvcp140.dll
0x00007ffc3fca0000 - 0x00007ffc40806000 	C:\Program Files\Java\jdk-13\bin\server\jvm.dll
0x00007ffcc70c0000 - 0x00007ffcc70c8000 	C:\WINDOWS\System32\PSAPI.DLL
0x00007ffcac6e0000 - 0x00007ffcac6e9000 	C:\WINDOWS\SYSTEM32\WSOCK32.dll
0x00007ffcb1a40000 - 0x00007ffcb1a67000 	C:\WINDOWS\SYSTEM32\WINMM.dll
0x00007ffcc7130000 - 0x00007ffcc719b000 	C:\WINDOWS\System32\WS2_32.dll
0x00007ffcc4430000 - 0x00007ffcc4442000 	C:\WINDOWS\SYSTEM32\kernel.appcore.dll
0x00007ffcc0c50000 - 0x00007ffcc0c60000 	C:\Program Files\Java\jdk-13\bin\verify.dll
0x00007ffcc4090000 - 0x00007ffcc4274000 	C:\WINDOWS\SYSTEM32\DBGHELP.DLL
0x00007ffcaa790000 - 0x00007ffcaa7bc000 	C:\WINDOWS\SYSTEM32\dbgcore.DLL
0x00007ffcc6240000 - 0x00007ffcc62c0000 	C:\WINDOWS\System32\bcryptPrimitives.dll
0x00007ffcb07a0000 - 0x00007ffcb07c6000 	C:\Program Files\Java\jdk-13\bin\java.dll
0x00007ffcc0bb0000 - 0x00007ffcc0bbe000 	C:\Program Files\Java\jdk-13\bin\instrument.dll
0x00007ffcb0a90000 - 0x00007ffcb0aa7000 	C:\Program Files\Java\jdk-13\bin\zip.dll
0x00007ffcbfd10000 - 0x00007ffcbfd1a000 	C:\Program Files\Java\jdk-13\bin\jimage.dll
0x00007ffcc7a70000 - 0x00007ffcc81b2000 	C:\WINDOWS\System32\SHELL32.dll
0x00007ffcc3900000 - 0x00007ffcc4090000 	C:\WINDOWS\SYSTEM32\windows.storage.dll
0x00007ffcc7470000 - 0x00007ffcc77c6000 	C:\WINDOWS\System32\combase.dll
0x00007ffcc5590000 - 0x00007ffcc55bc000 	C:\WINDOWS\SYSTEM32\Wldp.dll
0x00007ffcc6f70000 - 0x00007ffcc701e000 	C:\WINDOWS\System32\SHCORE.dll
0x00007ffcc6450000 - 0x00007ffcc64a5000 	C:\WINDOWS\System32\shlwapi.dll
0x00007ffcc5a60000 - 0x00007ffcc5a86000 	C:\WINDOWS\SYSTEM32\profapi.dll
0x00007ffcb05f0000 - 0x00007ffcb0609000 	C:\Program Files\Java\jdk-13\bin\net.dll
0x00007ffcb8ae0000 - 0x00007ffcb8cce000 	C:\WINDOWS\SYSTEM32\urlmon.dll
0x00007ffcc2690000 - 0x00007ffcc2790000 	C:\WINDOWS\SYSTEM32\WINHTTP.dll
0x00007ffcb9310000 - 0x00007ffcb95c0000 	C:\WINDOWS\SYSTEM32\iertutil.dll
0x00007ffcc5310000 - 0x00007ffcc537a000 	C:\WINDOWS\system32\mswsock.dll
0x00007ffcb0370000 - 0x00007ffcb0383000 	C:\Program Files\Java\jdk-13\bin\nio.dll
0x00007ffcb0350000 - 0x00007ffcb036a000 	D:\IntelliJ IDEA Community Edition 2020.2.3\bin\breakgen64.dll
0x00007ffcc54e0000 - 0x00007ffcc54f8000 	C:\WINDOWS\SYSTEM32\CRYPTSP.dll
0x00007ffcc4c40000 - 0x00007ffcc4c74000 	C:\WINDOWS\system32\rsaenh.dll
0x00007ffcc5ef0000 - 0x00007ffcc5f17000 	C:\WINDOWS\System32\bcrypt.dll
0x00007ffcc5a20000 - 0x00007ffcc5a4e000 	C:\WINDOWS\SYSTEM32\USERENV.dll
0x00007ffcc5500000 - 0x00007ffcc550c000 	C:\WINDOWS\SYSTEM32\CRYPTBASE.dll
0x00007ffcc4fb0000 - 0x00007ffcc4feb000 	C:\WINDOWS\SYSTEM32\IPHLPAPI.DLL
0x00007ffcc6e80000 - 0x00007ffcc6e88000 	C:\WINDOWS\System32\NSI.dll
0x00007ffcbf100000 - 0x00007ffcbf117000 	C:\WINDOWS\SYSTEM32\dhcpcsvc6.DLL
0x00007ffcbf0a0000 - 0x00007ffcbf0bd000 	C:\WINDOWS\SYSTEM32\dhcpcsvc.DLL
0x00007ffcc4ff0000 - 0x00007ffcc50bb000 	C:\WINDOWS\SYSTEM32\DNSAPI.dll
0x00007ffcbfb90000 - 0x00007ffcbfb9a000 	C:\Users\krish\AppData\Local\Temp\jansi-1.17.1-2190452416266880036.dll
0x00007ffcb06a0000 - 0x00007ffcb06aa000 	C:\Users\krish\AppData\Local\Temp\jansi-1.17.1-16260824620577310693.dll
0x00000159daa00000 - 0x00000159daa03000 	C:\Program Files\Java\jdk-13\bin\api-ms-win-core-console-l1-1-0.dll
0x00000159daa10000 - 0x00000159daa13000 	C:\Program Files\Java\jdk-13\bin\api-ms-win-core-datetime-l1-1-0.dll
0x00000159daa20000 - 0x00000159daa23000 	C:\Program Files\Java\jdk-13\bin\api-ms-win-core-debug-l1-1-0.dll
0x00000159daa30000 - 0x00000159daa33000 	C:\Program Files\Java\jdk-13\bin\api-ms-win-core-errorhandling-l1-1-0.dll
0x00000159daa40000 - 0x00000159daa44000 	C:\Program Files\Java\jdk-13\bin\api-ms-win-core-file-l1-1-0.dll
0x00000159daa50000 - 0x00000159daa53000 	C:\Program Files\Java\jdk-13\bin\api-ms-win-core-file-l1-2-0.dll
0x00000159daa60000 - 0x00000159daa63000 	C:\Program Files\Java\jdk-13\bin\api-ms-win-core-file-l2-1-0.dll
0x00000159daa70000 - 0x00000159daa73000 	C:\Program Files\Java\jdk-13\bin\api-ms-win-core-handle-l1-1-0.dll
0x00000159daa80000 - 0x00000159daa83000 	C:\Program Files\Java\jdk-13\bin\api-ms-win-core-heap-l1-1-0.dll
0x00000159daa90000 - 0x00000159daa93000 	C:\Program Files\Java\jdk-13\bin\api-ms-win-core-interlocked-l1-1-0.dll
0x00000159daaa0000 - 0x00000159daaa3000 	C:\Program Files\Java\jdk-13\bin\api-ms-win-core-libraryloader-l1-1-0.dll
0x00000159daab0000 - 0x00000159daab3000 	C:\Program Files\Java\jdk-13\bin\api-ms-win-core-localization-l1-2-0.dll
0x00000159daac0000 - 0x00000159daac3000 	C:\Program Files\Java\jdk-13\bin\api-ms-win-core-memory-l1-1-0.dll
0x00000159daad0000 - 0x00000159daad3000 	C:\Program Files\Java\jdk-13\bin\api-ms-win-core-namedpipe-l1-1-0.dll
0x00000159daae0000 - 0x00000159daae3000 	C:\Program Files\Java\jdk-13\bin\api-ms-win-core-processenvironment-l1-1-0.dll
0x00000159daaf0000 - 0x00000159daaf3000 	C:\Program Files\Java\jdk-13\bin\api-ms-win-core-processthreads-l1-1-0.dll
0x00000159dab00000 - 0x00000159dab03000 	C:\Program Files\Java\jdk-13\bin\api-ms-win-core-processthreads-l1-1-1.dll
0x00000159dab10000 - 0x00000159dab13000 	C:\Program Files\Java\jdk-13\bin\api-ms-win-core-profile-l1-1-0.dll
0x00000159dab20000 - 0x00000159dab23000 	C:\Program Files\Java\jdk-13\bin\api-ms-win-core-rtlsupport-l1-1-0.dll
0x00000159dab30000 - 0x00000159dab33000 	C:\Program Files\Java\jdk-13\bin\api-ms-win-core-string-l1-1-0.dll
0x00000159dab40000 - 0x00000159dab43000 	C:\Program Files\Java\jdk-13\bin\api-ms-win-core-synch-l1-1-0.dll
0x00000159dc110000 - 0x00000159dc113000 	C:\Program Files\Java\jdk-13\bin\api-ms-win-core-synch-l1-2-0.dll
0x00000159dc120000 - 0x00000159dc123000 	C:\Program Files\Java\jdk-13\bin\api-ms-win-core-sysinfo-l1-1-0.dll
0x00000159dc130000 - 0x00000159dc133000 	C:\Program Files\Java\jdk-13\bin\api-ms-win-core-timezone-l1-1-0.dll
0x00000159dc140000 - 0x00000159dc143000 	C:\Program Files\Java\jdk-13\bin\api-ms-win-core-util-l1-1-0.dll
0x00000159dc150000 - 0x00000159dc153000 	C:\Program Files\Java\jdk-13\bin\api-ms-win-crt-conio-l1-1-0.dll
0x00000159dc160000 - 0x00000159dc164000 	C:\Program Files\Java\jdk-13\bin\api-ms-win-crt-convert-l1-1-0.dll
0x00000159dc170000 - 0x00000159dc173000 	C:\Program Files\Java\jdk-13\bin\api-ms-win-crt-environment-l1-1-0.dll
0x00000159dc180000 - 0x00000159dc183000 	C:\Program Files\Java\jdk-13\bin\api-ms-win-crt-filesystem-l1-1-0.dll
0x00000159dc190000 - 0x00000159dc193000 	C:\Program Files\Java\jdk-13\bin\api-ms-win-crt-heap-l1-1-0.dll
0x00000159dc1a0000 - 0x00000159dc1a3000 	C:\Program Files\Java\jdk-13\bin\api-ms-win-crt-locale-l1-1-0.dll
0x00000159dc1b0000 - 0x00000159dc1b5000 	C:\Program Files\Java\jdk-13\bin\api-ms-win-crt-math-l1-1-0.dll
0x00000159dc1c0000 - 0x00000159dc1c5000 	C:\Program Files\Java\jdk-13\bin\api-ms-win-crt-multibyte-l1-1-0.dll
0x00000159dc1d0000 - 0x00000159dc1e0000 	C:\Program Files\Java\jdk-13\bin\api-ms-win-crt-private-l1-1-0.dll
0x00000159dc1e0000 - 0x00000159dc1e3000 	C:\Program Files\Java\jdk-13\bin\api-ms-win-crt-process-l1-1-0.dll
0x00000159dc1f0000 - 0x00000159dc1f4000 	C:\Program Files\Java\jdk-13\bin\api-ms-win-crt-runtime-l1-1-0.dll
0x00000159dc200000 - 0x00000159dc204000 	C:\Program Files\Java\jdk-13\bin\api-ms-win-crt-stdio-l1-1-0.dll
0x00000159dc210000 - 0x00000159dc214000 	C:\Program Files\Java\jdk-13\bin\api-ms-win-crt-string-l1-1-0.dll
0x00000159dc220000 - 0x00000159dc223000 	C:\Program Files\Java\jdk-13\bin\api-ms-win-crt-time-l1-1-0.dll
0x00000159dc230000 - 0x00000159dc233000 	C:\Program Files\Java\jdk-13\bin\api-ms-win-crt-utility-l1-1-0.dll
0x00007ffc58850000 - 0x00007ffc5894c000 	C:\Program Files\Java\jdk-13\bin\ucrtbase.dll
0x00007ffcaeb20000 - 0x00007ffcaeb6d000 	C:\Windows\System32\concrt140.dll
0x00007ffcbd160000 - 0x00007ffcbd16c000 	C:\WINDOWS\SYSTEM32\VCRUNTIME140_1.dll
0x00007ffcaec90000 - 0x00007ffcaecb3000 	C:\Users\krish\.openjfx\cache\11\prism_d3d.dll
0x00007ffcb3180000 - 0x00007ffcb334f000 	C:\WINDOWS\system32\d3d9.dll
0x00007ffcc3420000 - 0x00007ffcc344f000 	C:\WINDOWS\SYSTEM32\dwmapi.dll
0x00007ffcc2dd0000 - 0x00007ffcc2e6e000 	C:\WINDOWS\system32\uxtheme.dll
0x00007ffc624b0000 - 0x00007ffc65be4000 	C:\WINDOWS\System32\DriverStore\FileRepository\igdlh64.inf_amd64_1c41cc68747d972b\igd9dxva64.dll
0x00007ffcc71a0000 - 0x00007ffcc72ca000 	C:\WINDOWS\System32\ole32.dll
0x00007ffcc7880000 - 0x00007ffcc794d000 	C:\WINDOWS\System32\OLEAUT32.dll
0x00007ffcc6030000 - 0x00007ffcc6186000 	C:\WINDOWS\System32\crypt32.dll
0x00007ffcbc3a0000 - 0x00007ffcbc3d1000 	C:\WINDOWS\SYSTEM32\cryptnet.dll
0x00007ffcc62f0000 - 0x00007ffcc6350000 	C:\WINDOWS\System32\WINTRUST.DLL
0x00007ffcc5710000 - 0x00007ffcc5722000 	C:\WINDOWS\SYSTEM32\MSASN1.dll
0x00007ffcc7a50000 - 0x00007ffcc7a6d000 	C:\WINDOWS\System32\imagehlp.dll
0x00007ffca8120000 - 0x00007ffca8165000 	C:\Users\krish\.openjfx\cache\11\glass.dll
0x00007ffcc6e90000 - 0x00007ffcc6f6a000 	C:\WINDOWS\System32\COMDLG32.dll
0x00007ffcc7350000 - 0x00007ffcc7465000 	C:\WINDOWS\System32\MSCTF.dll
0x00007ffc90d90000 - 0x00007ffc90e7f000 	C:\WINDOWS\System32\DriverStore\FileRepository\nvhmi.inf_amd64_f5abf44622a9ff68\nvldumdx.dll
0x00007ffc3e770000 - 0x00007ffc3fc93000 	C:\WINDOWS\System32\DriverStore\FileRepository\nvhmi.inf_amd64_f5abf44622a9ff68\nvd3dumx.dll
0x00007ffcc5120000 - 0x00007ffcc516b000 	C:\WINDOWS\SYSTEM32\powrprof.dll
0x00007ffcc4f90000 - 0x00007ffcc4fa2000 	C:\WINDOWS\SYSTEM32\UMPDC.dll
0x00007ffc8d110000 - 0x00007ffc8d3be000 	C:\WINDOWS\system32\nvspcap64.dll
0x00007ffcc4870000 - 0x00007ffcc48a3000 	C:\WINDOWS\SYSTEM32\ntmarta.dll
0x00007ffcc4400000 - 0x00007ffcc4423000 	C:\WINDOWS\SYSTEM32\gpapi.dll
0x00007ffcb43d0000 - 0x00007ffcb440b000 	C:\WINDOWS\SYSTEM32\dxcore.dll
0x00007ffcc5ea0000 - 0x00007ffcc5eee000 	C:\WINDOWS\System32\cfgmgr32.dll
0x00007ffc6bb40000 - 0x00007ffc6bdb3000 	C:\WINDOWS\System32\DriverStore\FileRepository\igdlh64.inf_amd64_1c41cc68747d972b\igdumdim64.dll

dbghelp: loaded successfully - version: 4.0.5 - missing functions: none
symbol engine: initialized successfully - sym options: 0x614 - pdb path: .;C:\Program Files\Java\jdk-13\bin;C:\WINDOWS\SYSTEM32;C:\WINDOWS\WinSxS\amd64_microsoft.windows.common-controls_6595b64144ccf1df_6.0.19041.746_none_ca02b4b61b8320a4;C:\Program Files\Java\jdk-13\bin\server;D:\IntelliJ IDEA Community Edition 2020.2.3\bin;C:\Users\krish\AppData\Local\Temp;C:\Users\krish\.openjfx\cache\11;C:\WINDOWS\System32\DriverStore\FileRepository\igdlh64.inf_amd64_1c41cc68747d972b;C:\WINDOWS\System32\DriverStore\FileRepository\nvhmi.inf_amd64_f5abf44622a9ff68;C:\Users\krish\.arcgis\100.10.0\jniLibs\WIN64;C:\Program Files\Common Files\Microsoft Shared\Ink

VM Arguments:
jvm_args: -Dmaven.multiModuleProjectDirectory=D:\Users\krish\UniversityYear3\Professional Software Development\gitlab_main_repo\cs01-main\ThalesArc -Dmaven.home=C:\Users\krish\.m2\wrapper\dists\apache-maven-3.6.0-bin\2dakv70gp803gtm5ve1ufmvttn\apache-maven-3.6.0 -Dclassworlds.conf=C:\Users\krish\.m2\wrapper\dists\apache-maven-3.6.0-bin\2dakv70gp803gtm5ve1ufmvttn\apache-maven-3.6.0\bin\m2.conf -Dmaven.ext.class.path=D:\IntelliJ IDEA Community Edition 2020.2.3\plugins\maven\lib\maven-event-listener.jar -javaagent:D:\IntelliJ IDEA Community Edition 2020.2.3\lib\idea_rt.jar=61330:D:\IntelliJ IDEA Community Edition 2020.2.3\bin -Dfile.encoding=UTF-8 
java_command: org.codehaus.classworlds.Launcher -Didea.version=2020.2.3 org.codehaus.mojo:exec-maven-plugin:1.6.0:java
java_class_path (initial): C:\Users\krish\.m2\wrapper\dists\apache-maven-3.6.0-bin\2dakv70gp803gtm5ve1ufmvttn\apache-maven-3.6.0\boot\plexus-classworlds-2.5.2.jar
Launcher Type: SUN_STANDARD

[Global flags]
     intx CICompilerCount                          = 4                                         {product} {ergonomic}
     uint ConcGCThreads                            = 2                                         {product} {ergonomic}
     uint G1ConcRefinementThreads                  = 8                                         {product} {ergonomic}
   size_t G1HeapRegionSize                         = 1048576                                   {product} {ergonomic}
    uintx GCDrainStackTargetSize                   = 64                                        {product} {ergonomic}
   size_t InitialHeapSize                          = 266338304                                 {product} {ergonomic}
   size_t MarkStackSize                            = 4194304                                   {product} {ergonomic}
   size_t MaxHeapSize                              = 4253024256                                {product} {ergonomic}
   size_t MaxNewSize                               = 2551185408                                {product} {ergonomic}
   size_t MinHeapDeltaBytes                        = 1048576                                   {product} {ergonomic}
   size_t MinHeapSize                              = 8388608                                   {product} {ergonomic}
    uintx NonNMethodCodeHeapSize                   = 5836300                                {pd product} {ergonomic}
    uintx NonProfiledCodeHeapSize                  = 122910970                              {pd product} {ergonomic}
    uintx ProfiledCodeHeapSize                     = 122910970                              {pd product} {ergonomic}
    uintx ReservedCodeCacheSize                    = 251658240                              {pd product} {ergonomic}
     bool SegmentedCodeCache                       = true                                      {product} {ergonomic}
   size_t SoftMaxHeapSize                          = 4253024256                             {manageable} {ergonomic}
     bool UseCompressedClassPointers               = true                                 {lp64_product} {ergonomic}
     bool UseCompressedOops                        = true                                 {lp64_product} {ergonomic}
     bool UseG1GC                                  = true                                      {product} {ergonomic}
     bool UseLargePagesIndividualAllocation        = false                                  {pd product} {ergonomic}

Logging:
Log output configuration:
 #0: stdout all=warning uptime,level,tags
 #1: stderr all=off uptime,level,tags

Environment Variables:
PATH=C:\Perl64\bin;C:\Users\krish\AppData\Roaming\ActiveState\bin;C:\Python39\Scripts\;C:\Python39\;C:\ProgramData\Oracle\Java\javapath;C:\Program Files (x86)\Intel\Intel(R) Management Engine Components\iCLS\;C:\Program Files\Intel\Intel(R) Management Engine Components\iCLS\;C:\windows\system32;C:\windows;C:\windows\System32\Wbem;C:\windows\System32\WindowsPowerShell\v1.0\;C:\Program Files (x86)\Intel\Intel(R) Management Engine Components\DAL;C:\Program Files\Intel\Intel(R) Management Engine Components\DAL;C:\Program Files (x86)\Intel\Intel(R) Management Engine Components\IPT;C:\Program Files\Intel\Intel(R) Management Engine Components\IPT;C:\Program Files (x86)\NVIDIA Corporation\PhysX\Common;C:\Program Files\Intel\WiFi\bin\;C:\Program Files\Common Files\Intel\WirelessCommon\;C:\Windows\system32;C:\Windows;C:\Windows\System32\Wbem;C:\Windows\System32\WindowsPowerShell\v1.0\;C:\Windows\System32\OpenSSH\;C:\Program Files\Java\jdk-13\bin;C:\Program Files\Git\cmd;C:\Program Files\apache-maven-3.6.3\bin;C:\Program Files (x86)\GDAL;;C:\Program Files\NVIDIA Corporation\NVIDIA NvDLISR;C:\WINDOWS\system32;C:\WINDOWS;C:\WINDOWS\System32\Wbem;C:\WINDOWS\System32\WindowsPowerShell\v1.0\;C:\WINDOWS\System32\OpenSSH\;C:\Program Files (x86)\dotnet\;C:\Go\bin;C:\Program Files\nodejs\;C:\ProgramData\chocolatey\bin;C:\Users\krish\AppData\Roaming\ActiveState\bin;C:\Users\krish\AppData\Local\activestate\bin;C:\Users\krish\AppData\Local\Programs\Python\Python37\Scripts\;C:\Users\krish\AppData\Local\Programs\Python\Python37\;C:\Users\krish\AppData\Local\Microsoft\WindowsApps;C:\Users\krish\AppData\Local\Programs\Microsoft VS Code\bin;C:\Users\krish\AppData\Local\Programs\MiKTeX 2.9\miktex\bin\x64\;C:\Program Files (x86)\Atmel\Flip 3.4.7\bin;C:\Program Files\Git\cmd;C:\Users\krish\AppData\Local\GitHubDesktop\bin;D:\Users\CodeLibraries\flutter\bin;C:\Program Files\heroku\bin;D:\scripts\python_scripts;C:\Users\krish\AppData\Local\atom\bin;C:\Users\krish\AppData\Local\Microsoft\WindowsApps;C:\
USERNAME=krish
OS=Windows_NT
PROCESSOR_IDENTIFIER=Intel64 Family 6 Model 142 Stepping 10, GenuineIntel



---------------  S Y S T E M  ---------------

OS: Windows 10 , 64 bit Build 19041 (10.0.19041.804)

CPU:total 8 (initial active 8) (4 cores per cpu, 2 threads per core) family 6 model 142 stepping 10, cmov, cx8, fxsr, mmx, sse, sse2, sse3, ssse3, sse4.1, sse4.2, popcnt, avx, avx2, aes, clmul, erms, 3dnowpref, lzcnt, ht, tsc, tscinvbit, bmi1, bmi2, adx, fma

Memory: 4k page, system-wide physical 16218M (5001M free)
TotalPageFile size 23056M (AvailPageFile size 6451M)
current process WorkingSet (physical memory assigned to process): 1374M, peak: 1424M
current process commit charge ("private bytes"): 1700M, peak: 1715M

vm_info: Java HotSpot(TM) 64-Bit Server VM (13+33) for windows-amd64 JRE (13+33), built on Sep 18 2019 21:38:00 by "mach5one" with unknown MS VC++:1916

END.
