#
# A fatal error has been detected by the Java Runtime Environment:
#
#  EXCEPTION_ACCESS_VIOLATION (0xc0000005) at pc=0x00007ffcac1795bc, pid=23024, tid=2176
#
# JRE version: Java(TM) SE Runtime Environment (13.0+33) (build 13+33)
# Java VM: Java HotSpot(TM) 64-Bit Server VM (13+33, mixed mode, sharing, tiered, compressed oops, g1 gc, windows-amd64)
# Problematic frame:
# C  0x00007ffcac1795bc
#
# No core dump will be written. Minidumps are not enabled by default on client versions of Windows
#
# If you would like to submit a bug report, please visit:
#   http://bugreport.java.com/bugreport/crash.jsp
# The crash happened outside the Java Virtual Machine in native code.
# See problematic frame for where to report the bug.
#

---------------  S U M M A R Y ------------

Command Line: -Dmaven.multiModuleProjectDirectory=D:\Users\krish\UniversityYear3\Professional Software Development\testing\JavaTests\ThalesArc\ThalesArc -Dmaven.home=C:\Users\krish\.m2\wrapper\dists\apache-maven-3.6.0-bin\2dakv70gp803gtm5ve1ufmvttn\apache-maven-3.6.0 -Dclassworlds.conf=C:\Users\krish\.m2\wrapper\dists\apache-maven-3.6.0-bin\2dakv70gp803gtm5ve1ufmvttn\apache-maven-3.6.0\bin\m2.conf -Dmaven.ext.class.path=D:\IntelliJ IDEA Community Edition 2020.2.3\plugins\maven\lib\maven-event-listener.jar -javaagent:D:\IntelliJ IDEA Community Edition 2020.2.3\lib\idea_rt.jar=53762:D:\IntelliJ IDEA Community Edition 2020.2.3\bin -Dfile.encoding=UTF-8 org.codehaus.classworlds.Launcher -Didea.version=2020.2.3 org.codehaus.mojo:exec-maven-plugin:1.6.0:java

Host: Intel(R) Core(TM) i7-8550U CPU @ 1.80GHz, 8 cores, 15G,  Windows 10 , 64 bit Build 19041 (10.0.19041.804)
Time: Sat Feb 20 16:52:33 2021 GMT Standard Time elapsed time: 48 seconds (0d 0h 0m 48s)

---------------  T H R E A D  ---------------

Current thread (0x000002b3b88fa800):  JavaThread "JavaFX Application Thread" [_thread_in_native, id=2176, stack(0x000000b62b800000,0x000000b62b900000)]

Stack: [0x000000b62b800000,0x000000b62b900000],  sp=0x000000b62b8fa650,  free space=1001k
Native frames: (J=compiled Java code, j=interpreted, Vv=VM code, C=native code)
C  0x00007ffcac1795bc

Java frames: (J=compiled Java code, j=interpreted, Vv=VM code)
j  com.esri.arcgisruntime.internal.mapping.view.RenderingContext.nativeDrawMap(JJIILjava/nio/ByteBuffer;)V+0
J 9063 c1 com.esri.arcgisruntime.internal.mapping.view.GeoViewSkin$1.drawRequested()V (142 bytes) @ 0x000002b39c8fff94 [0x000002b39c8ffd60+0x0000000000000234]
J 9062 c1 com.esri.arcgisruntime.internal.jni.CoreGeoView.onDrawRequested()V (33 bytes) @ 0x000002b39c8ff8ac [0x000002b39c8ff560+0x000000000000034c]
v  ~StubRoutines::call_stub
J 9076  com.esri.arcgisruntime.internal.mapping.view.RenderingContext.nativePulse(JJ)V (0 bytes) @ 0x000002b3a3048a8b [0x000002b3a3048a40+0x000000000000004b]
J 9074 c1 com.esri.arcgisruntime.internal.mapping.view.PulseThread$1$$Lambda$472.accept(Ljava/lang/Object;)V (8 bytes) @ 0x000002b39c9063f4 [0x000002b39c906160+0x0000000000000294]
J 8856 c1 java.util.concurrent.CopyOnWriteArrayList.forEach(Ljava/util/function/Consumer;)V java.base@13 (47 bytes) @ 0x000002b39c8676ec [0x000002b39c867500+0x00000000000001ec]
J 9073 c1 com.esri.arcgisruntime.internal.mapping.view.PulseThread$1.handle(J)V (14 bytes) @ 0x000002b39c905ce4 [0x000002b39c905ae0+0x0000000000000204]
J 8855 c1 javafx.animation.AnimationTimer$AnimationTimerReceiver.handle(J)V (39 bytes) @ 0x000002b39c869bf4 [0x000002b39c869600+0x00000000000005f4]
J 8070 c1 com.sun.scenario.animation.AbstractMasterTimer.timePulseImpl(J)V (157 bytes) @ 0x000002b39c656b74 [0x000002b39c656740+0x0000000000000434]
J 8529 c1 com.sun.scenario.animation.AbstractMasterTimer$MainLoop.run()V (61 bytes) @ 0x000002b39c77e2f4 [0x000002b39c77dfa0+0x0000000000000354]
J 8528 c1 com.sun.javafx.tk.quantum.QuantumToolkit.pulse(Z)V (152 bytes) @ 0x000002b39c77d62c [0x000002b39c77d320+0x000000000000030c]
J 8532 c1 com.sun.javafx.tk.quantum.QuantumToolkit$$Lambda$98.run()V (8 bytes) @ 0x000002b39c78026c [0x000002b39c780100+0x000000000000016c]
J 8094 c1 com.sun.glass.ui.InvokeLaterDispatcher$Future.run()V (91 bytes) @ 0x000002b39c66043c [0x000002b39c660300+0x000000000000013c]
v  ~StubRoutines::call_stub
j  com.sun.glass.ui.win.WinApplication._runLoop(Ljava/lang/Runnable;)V+0
j  com.sun.glass.ui.win.WinApplication.lambda$runLoop$3(ILjava/lang/Runnable;)V+8
j  com.sun.glass.ui.win.WinApplication$$Lambda$94.run()V+12
j  java.lang.Thread.run()V+11 java.base@13
v  ~StubRoutines::call_stub

siginfo: EXCEPTION_ACCESS_VIOLATION (0xc0000005), writing address 0x000002b3ba72969c


Register to memory mapping:

RIP=0x00007ffcac1795bc points into unknown readable memory: 89 14 88 49
RAX=0x000002b3ba3296a0 points into unknown readable memory: 00 00 00 00 06 00 00 00
RBX=0x0 is NULL
RCX=0x00000000000fffff is an unknown value
RDX=0x0000000011500b51 is an unknown value
RSP=0x000000b62b8fa650 is pointing into the stack for thread: 0x000002b3b88fa800
RBP=0x000000b62b8fa6e9 is pointing into the stack for thread: 0x000002b3b88fa800
RSI=0x0000000025f001b1 is an unknown value
RDI=0x000000b62b8fa7c0 is pointing into the stack for thread: 0x000002b3b88fa800
R8 =0x0000000000000001 is an unknown value
R9 =0x000002b3c6b9ea60 points into unknown readable memory: 78 29 87 ad fc 7f 00 00
R10=0x0 is NULL
R11=0x00000000000001b1 is an unknown value
R12=0x0 is NULL
R13=0x0 is NULL
R14=0x00000000ffffffff is an unknown value
R15=0x000002b3bb72c110 points into unknown readable memory: 00 00 00 00 00 00 00 00


Registers:
RAX=0x000002b3ba3296a0, RBX=0x0000000000000000, RCX=0x00000000000fffff, RDX=0x0000000011500b51
RSP=0x000000b62b8fa650, RBP=0x000000b62b8fa6e9, RSI=0x0000000025f001b1, RDI=0x000000b62b8fa7c0
R8 =0x0000000000000001, R9 =0x000002b3c6b9ea60, R10=0x0000000000000000, R11=0x00000000000001b1
R12=0x0000000000000000, R13=0x0000000000000000, R14=0x00000000ffffffff, R15=0x000002b3bb72c110
RIP=0x00007ffcac1795bc, EFLAGS=0x0000000000010246

Top of Stack: (sp=0x000000b62b8fa650)
0x000000b62b8fa650:   0000000000000000 0000000000000000
0x000000b62b8fa660:   0000000025f001b1 0000000000000000
0x000000b62b8fa670:   000002b3c6309e80 00007ffd00000004
0x000000b62b8fa680:   000002b3c6b9ea60 000002b3d9eef550
0x000000b62b8fa690:   0000000000000000 00000000000001b1
0x000000b62b8fa6a0:   000002b3f8f4c390 fffffffffffffffe
0x000000b62b8fa6b0:   0000000000000000 0000000000000000
0x000000b62b8fa6c0:   0000000000000000 0000000000000000
0x000000b62b8fa6d0:   0000000025f001b1 00000000000000d0
0x000000b62b8fa6e0:   0000000000000000 0000000500000002
0x000000b62b8fa6f0:   000002b3bb72c0e0 000002b3d9eef560
0x000000b62b8fa700:   000002b3d9eef550 0000e7b95cd9740a
0x000000b62b8fa710:   000002b3facc21f0 000002b3facc2320
0x000000b62b8fa720:   0000000000000000 000002b3da63b4d0
0x000000b62b8fa730:   000002b3facc22a0 000002b3facc21f0
0x000000b62b8fa740:   000000b62b8fa7a9 00007ffcac172d85 

Instructions: (pc=0x00007ffcac1795bc)
0x00007ffcac1794bc:   0c 90 48 c1 e1 04 49 03 48 38 48 89 4d b7 48 8b
0x00007ffcac1794cc:   01 48 89 44 24 20 44 8b 41 08 49 8d 55 20 48 8d
0x00007ffcac1794dc:   4d d7 e8 ad f9 00 00 48 8b 08 48 8b 50 08 45 33
0x00007ffcac1794ec:   e4 4c 89 20 4c 89 60 08 48 89 4d 0f 48 89 55 9f
0x00007ffcac1794fc:   48 89 55 17 48 85 db 74 2b 41 8b c6 f0 0f c1 43
0x00007ffcac17950c:   08 83 f8 01 75 1e 48 8b 03 48 8b cb ff 10 41 8b
0x00007ffcac17951c:   c6 f0 0f c1 43 0c 83 f8 01 75 09 48 8b 03 48 8b
0x00007ffcac17952c:   cb ff 50 08 48 8b 5d df 48 85 db 74 2b 41 8b c6
0x00007ffcac17953c:   f0 0f c1 43 08 83 f8 01 75 1e 48 8b 03 48 8b cb
0x00007ffcac17954c:   ff 10 41 8b c6 f0 0f c1 43 0c 83 f8 01 75 09 48
0x00007ffcac17955c:   8b 03 48 8b cb ff 50 08 49 8b cf e8 e4 18 00 00
0x00007ffcac17956c:   4c 8b c8 48 89 45 97 4c 8b 68 60 48 8b 58 58 49
0x00007ffcac17957c:   3b dd 74 1d 4c 8b 0b 44 8b c6 49 8b d7 48 8b 4b
0x00007ffcac17958c:   08 41 ff d1 48 83 c3 10 49 3b dd 75 e7 4c 8b 4d
0x00007ffcac17959c:   97 49 8b 41 28 8b 50 fc 49 8b 41 08 4c 8b 55 a7
0x00007ffcac1795ac:   4a 8b 04 d0 4c 8b 5d af 42 8b 0c 98 49 8b 41 20
0x00007ffcac1795bc:   89 14 88 49 8b 51 08 4a 8b 04 d2 46 8b 04 98 49
0x00007ffcac1795cc:   8b 41 28 8b 48 fc 8b c1 48 c1 e8 0d 83 e0 7f 81
0x00007ffcac1795dc:   e1 ff 1f 00 00 48 8b 04 c2 44 89 04 88 49 8b 41
0x00007ffcac1795ec:   08 4a 8b 0c d0 42 c7 04 99 ff ff 0f 00 49 83 41
0x00007ffcac1795fc:   28 fc 48 8b 45 b7 48 8b 40 08 48 8b 4d 07 ff 81
0x00007ffcac17960c:   98 02 00 00 01 81 a0 02 00 00 49 8b cf e8 82 16
0x00007ffcac17961c:   00 00 48 8b c8 48 89 45 97 4c 8b 48 40 4c 3b 48
0x00007ffcac17962c:   48 74 2a 4d 89 21 4d 89 61 08 48 8b 55 9f 48 85
0x00007ffcac17963c:   d2 74 04 f0 ff 42 08 48 8b 45 0f 49 89 01 48 8b
0x00007ffcac17964c:   45 9f 49 89 41 08 48 83 41 40 10 eb 14 4c 8d 45
0x00007ffcac17965c:   0f 49 8b d1 48 8d 48 38 e8 f7 f1 d5 fd 48 8b 4d
0x00007ffcac17966c:   97 89 75 07 4c 8d 69 20 49 8b 5d 08 49 2b 5d 00
0x00007ffcac17967c:   48 c1 fb 02 48 8b 55 a7 e8 f7 b1 28 fe 48 8b 08
0x00007ffcac17968c:   48 8b 45 af 89 1c 81 48 8b 5d 97 48 8b 53 28 48
0x00007ffcac17969c:   3b 53 30 74 09 89 32 49 83 45 08 04 eb 0c 4c 8d
0x00007ffcac1796ac:   45 07 49 8b cd e8 aa 50 d5 fd 4c 8b 6b 60 48 8b 


Stack slot to memory mapping:
stack at sp + 0 slots: 0x0 is NULL
stack at sp + 1 slots: 0x0 is NULL
stack at sp + 2 slots: 0x0000000025f001b1 is an unknown value
stack at sp + 3 slots: 0x0 is NULL
stack at sp + 4 slots: 0x000002b3c6309e80 points into unknown readable memory: fd 9b 00 cb 91 7c 77 ca
stack at sp + 5 slots: 0x00007ffd00000004 is an unknown value
stack at sp + 6 slots: 0x000002b3c6b9ea60 points into unknown readable memory: 78 29 87 ad fc 7f 00 00
stack at sp + 7 slots: 0x000002b3d9eef550 points into unknown readable memory: 58 3d 87 ad fc 7f 00 00


---------------  P R O C E S S  ---------------

Threads class SMR info:
_java_thread_list=0x000002b3c5e48540, length=72, elements={
0x000002b392b71000, 0x000002b3b6f78800, 0x000002b3b6f7b800, 0x000002b3b6f96800,
0x000002b3b6f97800, 0x000002b3b6f9b800, 0x000002b3b6f9c800, 0x000002b3b6fa1000,
0x000002b3b6f61000, 0x000002b3b7185800, 0x000002b3b7186800, 0x000002b3b9cdc800,
0x000002b3baeb9800, 0x000002b3b88fc800, 0x000002b3b70d7000, 0x000002b3b88fa800,
0x000002b3bac06000, 0x000002b3bb7be800, 0x000002b3c2968000, 0x000002b3c2325800,
0x000002b3c2329800, 0x000002b3c281a800, 0x000002b3c281b000, 0x000002b3c281d800,
0x000002b3c281e800, 0x000002b3c281d000, 0x000002b3c232b000, 0x000002b3c2328800,
0x000002b3c61de000, 0x000002b3c61d8800, 0x000002b3c61df000, 0x000002b3c2810000,
0x000002b3c61d7800, 0x000002b3f51df800, 0x000002b3f51e1800, 0x000002b3f51e0000,
0x000002b3f51e8800, 0x000002b3f51e5000, 0x000002b3f51e6800, 0x000002b3f51e1000,
0x000002b3f51e7800, 0x000002b3f51e9000, 0x000002b3f51e3800, 0x000002b3f51e2800,
0x000002b3f51e4000, 0x000002b3f51eb800, 0x000002b3f51e6000, 0x000002b3f51ea800,
0x000002b3f51ec800, 0x000002b3f51ee000, 0x000002b3f51ea000, 0x000002b3c61d9000,
0x000002b3c61e0800, 0x000002b3c61e1800, 0x000002b3c61da000, 0x000002b3c61e5800,
0x000002b3c61e3800, 0x000002b3c61e2000, 0x000002b3c61db800, 0x000002b3c61e3000,
0x000002b3c61e4800, 0x000002b3c2813000, 0x000002b3c2814000, 0x000002b3c2816800,
0x000002b3c2810800, 0x000002b3c2812000, 0x000002b3c2815800, 0x000002b3c2811800,
0x000002b3c2818000, 0x000002b3c2819800, 0x000002b3c2814800, 0x000002b3da462800
}

Java Threads: ( => current thread )
  0x000002b392b71000 JavaThread "main" [_thread_blocked, id=23196, stack(0x000000b62a500000,0x000000b62a600000)]
  0x000002b3b6f78800 JavaThread "Reference Handler" daemon [_thread_blocked, id=29640, stack(0x000000b62ac00000,0x000000b62ad00000)]
  0x000002b3b6f7b800 JavaThread "Finalizer" daemon [_thread_blocked, id=14652, stack(0x000000b62ad00000,0x000000b62ae00000)]
  0x000002b3b6f96800 JavaThread "Signal Dispatcher" daemon [_thread_blocked, id=9288, stack(0x000000b62ae00000,0x000000b62af00000)]
  0x000002b3b6f97800 JavaThread "Attach Listener" daemon [_thread_blocked, id=27756, stack(0x000000b62af00000,0x000000b62b000000)]
  0x000002b3b6f9b800 JavaThread "C2 CompilerThread0" daemon [_thread_blocked, id=23948, stack(0x000000b62b000000,0x000000b62b100000)]
  0x000002b3b6f9c800 JavaThread "C1 CompilerThread0" daemon [_thread_blocked, id=19688, stack(0x000000b62b100000,0x000000b62b200000)]
  0x000002b3b6fa1000 JavaThread "Sweeper thread" daemon [_thread_blocked, id=23380, stack(0x000000b62b200000,0x000000b62b300000)]
  0x000002b3b6f61000 JavaThread "Common-Cleaner" daemon [_thread_blocked, id=29396, stack(0x000000b62b300000,0x000000b62b400000)]
  0x000002b3b7185800 JavaThread "Monitor Ctrl-Break" daemon [_thread_in_native, id=14488, stack(0x000000b62b500000,0x000000b62b600000)]
  0x000002b3b7186800 JavaThread "Service Thread" daemon [_thread_blocked, id=14700, stack(0x000000b62b600000,0x000000b62b700000)]
  0x000002b3b9cdc800 JavaThread "cs01.app.App.main()" [_thread_blocked, id=19224, stack(0x000000b62be00000,0x000000b62bf00000)]
  0x000002b3baeb9800 JavaThread "JavaFX-Launcher" [_thread_blocked, id=25592, stack(0x000000b62bf00000,0x000000b62c000000)]
  0x000002b3b88fc800 JavaThread "QuantumRenderer-0" daemon [_thread_blocked, id=5000, stack(0x000000b62c000000,0x000000b62c100000)]
  0x000002b3b70d7000 JavaThread "InvokeLaterDispatcher" daemon [_thread_blocked, id=24204, stack(0x000000b62b400000,0x000000b62b500000)]
=>0x000002b3b88fa800 JavaThread "JavaFX Application Thread" [_thread_in_native, id=2176, stack(0x000000b62b800000,0x000000b62b900000)]
  0x000002b3bac06000 JavaThread "Thread-3" daemon [_thread_in_native, id=25928, stack(0x000000b62c500000,0x000000b62c600000)]
  0x000002b3bb7be800 JavaThread "Phantom GeoView Clean Up Thread" daemon [_thread_blocked, id=22472, stack(0x000000b62cb00000,0x000000b62cc00000)]
  0x000002b3c2968000 JavaThread "Thread-6" [_thread_in_native, id=17048, stack(0x000000b62cd00000,0x000000b62ce00000)]
  0x000002b3c2325800 JavaThread "Prism Font Disposer" daemon [_thread_blocked, id=27500, stack(0x000000b62cf00000,0x000000b62d000000)]
  0x000002b3c2329800 JavaThread "Cleaner-0" daemon [_thread_blocked, id=28684, stack(0x000000b62d440000,0x000000b62d540000)]
  0x000002b3c281a800 JavaThread "Thread-158" [_thread_blocked, id=26628, stack(0x000000b62e050000,0x000000b62e150000)]
  0x000002b3c281b000 JavaThread "Thread-159" [_thread_blocked, id=25524, stack(0x000000b62e790000,0x000000b62e890000)]
  0x000002b3c281d800 JavaThread "Thread-160" [_thread_blocked, id=24036, stack(0x000000b62e890000,0x000000b62e990000)]
  0x000002b3c281e800 JavaThread "Thread-162" [_thread_blocked, id=17012, stack(0x000000b62ea90000,0x000000b62eb90000)]
  0x000002b3c281d000 JavaThread "Thread-165" [_thread_blocked, id=24920, stack(0x000000b62f390000,0x000000b62f490000)]
  0x000002b3c232b000 JavaThread "Thread-167" [_thread_blocked, id=3548, stack(0x000000b62f590000,0x000000b62f690000)]
  0x000002b3c2328800 JavaThread "Thread-169" [_thread_blocked, id=21240, stack(0x000000b62f790000,0x000000b62f890000)]
  0x000002b3c61de000 JavaThread "Thread-175" [_thread_blocked, id=16792, stack(0x000000b62eb90000,0x000000b62ec90000)]
  0x000002b3c61d8800 JavaThread "Thread-176" [_thread_blocked, id=4184, stack(0x000000b62fa90000,0x000000b62fb90000)]
  0x000002b3c61df000 JavaThread "Thread-177" [_thread_blocked, id=24040, stack(0x000000b62fd90000,0x000000b62fe90000)]
  0x000002b3c2810000 JavaThread "Thread-179" [_thread_blocked, id=8572, stack(0x000000b630f90000,0x000000b631090000)]
  0x000002b3c61d7800 JavaThread "Thread-181" [_thread_blocked, id=25556, stack(0x000000b631190000,0x000000b631290000)]
  0x000002b3f51df800 JavaThread "Thread-182" [_thread_blocked, id=21432, stack(0x000000b631290000,0x000000b631390000)]
  0x000002b3f51e1800 JavaThread "Thread-183" [_thread_blocked, id=10880, stack(0x000000b62de50000,0x000000b62df50000)]
  0x000002b3f51e0000 JavaThread "Thread-184" [_thread_blocked, id=1848, stack(0x000000b62f990000,0x000000b62fa90000)]
  0x000002b3f51e8800 JavaThread "Thread-185" [_thread_blocked, id=15112, stack(0x000000b631390000,0x000000b631490000)]
  0x000002b3f51e5000 JavaThread "Thread-186" [_thread_blocked, id=23248, stack(0x000000b631490000,0x000000b631590000)]
  0x000002b3f51e6800 JavaThread "Thread-187" [_thread_blocked, id=7236, stack(0x000000b62fe90000,0x000000b62ff90000)]
  0x000002b3f51e1000 JavaThread "Thread-188" [_thread_blocked, id=18592, stack(0x000000b62ff90000,0x000000b630090000)]
  0x000002b3f51e7800 JavaThread "Thread-189" [_thread_blocked, id=13740, stack(0x000000b630090000,0x000000b630190000)]
  0x000002b3f51e9000 JavaThread "Thread-190" [_thread_blocked, id=26340, stack(0x000000b630290000,0x000000b630390000)]
  0x000002b3f51e3800 JavaThread "Thread-191" [_thread_blocked, id=18456, stack(0x000000b630190000,0x000000b630290000)]
  0x000002b3f51e2800 JavaThread "Thread-192" [_thread_blocked, id=10608, stack(0x000000b630390000,0x000000b630490000)]
  0x000002b3f51e4000 JavaThread "Thread-193" [_thread_blocked, id=29072, stack(0x000000b630490000,0x000000b630590000)]
  0x000002b3f51eb800 JavaThread "Thread-194" [_thread_blocked, id=16028, stack(0x000000b630590000,0x000000b630690000)]
  0x000002b3f51e6000 JavaThread "Thread-195" [_thread_blocked, id=8920, stack(0x000000b631590000,0x000000b631690000)]
  0x000002b3f51ea800 JavaThread "Thread-196" [_thread_blocked, id=12844, stack(0x000000b631690000,0x000000b631790000)]
  0x000002b3f51ec800 JavaThread "Thread-197" [_thread_blocked, id=12444, stack(0x000000b62cc00000,0x000000b62cd00000)]
  0x000002b3f51ee000 JavaThread "Thread-198" [_thread_blocked, id=16448, stack(0x000000b62db50000,0x000000b62dc50000)]
  0x000002b3f51ea000 JavaThread "Thread-199" [_thread_blocked, id=16916, stack(0x000000b62e690000,0x000000b62e790000)]
  0x000002b3c61d9000 JavaThread "Thread-200" [_thread_blocked, id=6664, stack(0x000000b630690000,0x000000b630790000)]
  0x000002b3c61e0800 JavaThread "Thread-201" [_thread_blocked, id=15736, stack(0x000000b630790000,0x000000b630890000)]
  0x000002b3c61e1800 JavaThread "Thread-202" [_thread_blocked, id=3720, stack(0x000000b630890000,0x000000b630990000)]
  0x000002b3c61da000 JavaThread "Thread-203" [_thread_blocked, id=28720, stack(0x000000b630990000,0x000000b630a90000)]
  0x000002b3c61e5800 JavaThread "Thread-204" [_thread_blocked, id=20972, stack(0x000000b631790000,0x000000b631890000)]
  0x000002b3c61e3800 JavaThread "Thread-205" [_thread_blocked, id=28556, stack(0x000000b631890000,0x000000b631990000)]
  0x000002b3c61e2000 JavaThread "Thread-206" [_thread_blocked, id=28080, stack(0x000000b62dd50000,0x000000b62de50000)]
  0x000002b3c61db800 JavaThread "Thread-207" [_thread_blocked, id=25256, stack(0x000000b62c100000,0x000000b62c200000)]
  0x000002b3c61e3000 JavaThread "Thread-208" [_thread_blocked, id=24008, stack(0x000000b62e990000,0x000000b62ea90000)]
  0x000002b3c61e4800 JavaThread "Thread-209" [_thread_blocked, id=28336, stack(0x000000b62ec90000,0x000000b62ed90000)]
  0x000002b3c2813000 JavaThread "Thread-210" [_thread_blocked, id=13296, stack(0x000000b62ed90000,0x000000b62ee90000)]
  0x000002b3c2814000 JavaThread "Thread-211" [_thread_blocked, id=18732, stack(0x000000b62f490000,0x000000b62f590000)]
  0x000002b3c2816800 JavaThread "Thread-212" [_thread_blocked, id=4000, stack(0x000000b62f690000,0x000000b62f790000)]
  0x000002b3c2810800 JavaThread "Thread-213" [_thread_blocked, id=4820, stack(0x000000b62f890000,0x000000b62f990000)]
  0x000002b3c2812000 JavaThread "Thread-214" [_thread_blocked, id=22672, stack(0x000000b630a90000,0x000000b630b90000)]
  0x000002b3c2815800 JavaThread "Thread-215" [_thread_blocked, id=13728, stack(0x000000b630b90000,0x000000b630c90000)]
  0x000002b3c2811800 JavaThread "Thread-216" [_thread_blocked, id=6196, stack(0x000000b630c90000,0x000000b630d90000)]
  0x000002b3c2818000 JavaThread "Thread-217" [_thread_blocked, id=26844, stack(0x000000b630d90000,0x000000b630e90000)]
  0x000002b3c2819800 JavaThread "Thread-218" [_thread_blocked, id=28296, stack(0x000000b630e90000,0x000000b630f90000)]
  0x000002b3c2814800 JavaThread "Thread-219" [_thread_blocked, id=16548, stack(0x000000b631090000,0x000000b631190000)]
  0x000002b3da462800 JavaThread "C2 CompilerThread1" daemon [_thread_blocked, id=13120, stack(0x000000b631a90000,0x000000b631b90000)]

Other Threads:
  0x000002b3b6f75800 VMThread "VM Thread" [stack: 0x000000b62ab00000,0x000000b62ac00000] [id=7124]
  0x000002b3b7188800 WatcherThread [stack: 0x000000b62b700000,0x000000b62b800000] [id=15276]
  0x000002b392bdb000 GCTaskThread "GC Thread#0" [stack: 0x000000b62a600000,0x000000b62a700000] [id=14484]
  0x000002b3b7a00000 GCTaskThread "GC Thread#1" [stack: 0x000000b62b900000,0x000000b62ba00000] [id=20228]
  0x000002b3b7a00800 GCTaskThread "GC Thread#2" [stack: 0x000000b62ba00000,0x000000b62bb00000] [id=28628]
  0x000002b3b7f84800 GCTaskThread "GC Thread#3" [stack: 0x000000b62bb00000,0x000000b62bc00000] [id=21664]
  0x000002b3b82d7000 GCTaskThread "GC Thread#4" [stack: 0x000000b62bc00000,0x000000b62bd00000] [id=25988]
  0x000002b3b7f85000 GCTaskThread "GC Thread#5" [stack: 0x000000b62bd00000,0x000000b62be00000] [id=8884]
  0x000002b3bb84a000 GCTaskThread "GC Thread#6" [stack: 0x000000b62c700000,0x000000b62c800000] [id=26592]
  0x000002b3bb04c000 GCTaskThread "GC Thread#7" [stack: 0x000000b62c800000,0x000000b62c900000] [id=28972]
  0x000002b392bfc800 ConcurrentGCThread "G1 Main Marker" [stack: 0x000000b62a700000,0x000000b62a800000] [id=27236]
  0x000002b392bfd800 ConcurrentGCThread "G1 Conc#0" [stack: 0x000000b62a800000,0x000000b62a900000] [id=28888]
  0x000002b3b8360800 ConcurrentGCThread "G1 Conc#1" [stack: 0x000000b62c900000,0x000000b62ca00000] [id=28744]
  0x000002b3b65e4800 ConcurrentGCThread "G1 Refine#0" [stack: 0x000000b62a900000,0x000000b62aa00000] [id=27268]
  0x000002b3b65e6800 ConcurrentGCThread "G1 Young RemSet Sampling" [stack: 0x000000b62aa00000,0x000000b62ab00000] [id=15416]

Threads with active compile tasks:

VM state:not at safepoint (normal execution)

VM Mutex/Monitor currently owned by a thread: None

Heap address: 0x0000000702800000, size: 4056 MB, Compressed Oops mode: Zero based, Oop shift amount: 3
Narrow klass base: 0x0000000800000000, Narrow klass shift: 3
Compressed class space size: 1073741824 Address: 0x0000000800b40000

Heap:
 garbage-first heap   total 150528K, used 100946K [0x0000000702800000, 0x0000000800000000)
  region size 1024K, 32 young (32768K), 3 survivors (3072K)
 Metaspace       used 44065K, capacity 45174K, committed 45308K, reserved 1089536K
  class space    used 5447K, capacity 5888K, committed 5964K, reserved 1048576K
Heap Regions: E=young(eden), S=young(survivor), O=old, HS=humongous(starts), HC=humongous(continues), CS=collection set, F=free, A=archive, TAMS=top-at-mark-start (previous, next)
|   0|0x0000000702800000, 0x0000000702900000, 0x0000000702900000|100%| O|  |TAMS 0x0000000702900000, 0x0000000702800000| Untracked 
|   1|0x0000000702900000, 0x0000000702a00000, 0x0000000702a00000|100%|HS|  |TAMS 0x0000000702900000, 0x0000000702900000| Complete 
|   2|0x0000000702a00000, 0x0000000702b00000, 0x0000000702b00000|100%| O|  |TAMS 0x0000000702b00000, 0x0000000702a00000| Untracked 
|   3|0x0000000702b00000, 0x0000000702c00000, 0x0000000702c00000|100%| O|  |TAMS 0x0000000702c00000, 0x0000000702b00000| Untracked 
|   4|0x0000000702c00000, 0x0000000702d00000, 0x0000000702d00000|100%| O|  |TAMS 0x0000000702d00000, 0x0000000702c00000| Untracked 
|   5|0x0000000702d00000, 0x0000000702e00000, 0x0000000702e00000|100%| O|  |TAMS 0x0000000702e00000, 0x0000000702d00000| Untracked 
|   6|0x0000000702e00000, 0x0000000702f00000, 0x0000000702f00000|100%| O|  |TAMS 0x0000000702f00000, 0x0000000702e00000| Untracked 
|   7|0x0000000702f00000, 0x0000000703000000, 0x0000000703000000|100%| O|  |TAMS 0x0000000703000000, 0x0000000702f00000| Untracked 
|   8|0x0000000703000000, 0x0000000703100000, 0x0000000703100000|100%| O|  |TAMS 0x0000000703100000, 0x0000000703000000| Untracked 
|   9|0x0000000703100000, 0x0000000703200000, 0x0000000703200000|100%| O|  |TAMS 0x0000000703200000, 0x0000000703100000| Untracked 
|  10|0x0000000703200000, 0x0000000703300000, 0x0000000703300000|100%| O|  |TAMS 0x0000000703300000, 0x0000000703200000| Untracked 
|  11|0x0000000703300000, 0x0000000703400000, 0x0000000703400000|100%| O|  |TAMS 0x0000000703400000, 0x0000000703300000| Untracked 
|  12|0x0000000703400000, 0x0000000703500000, 0x0000000703500000|100%| O|  |TAMS 0x0000000703500000, 0x0000000703400000| Untracked 
|  13|0x0000000703500000, 0x0000000703600000, 0x0000000703600000|100%| O|  |TAMS 0x0000000703600000, 0x0000000703500000| Untracked 
|  14|0x0000000703600000, 0x0000000703700000, 0x0000000703700000|100%| O|  |TAMS 0x0000000703700000, 0x0000000703600000| Untracked 
|  15|0x0000000703700000, 0x0000000703800000, 0x0000000703800000|100%| O|  |TAMS 0x0000000703800000, 0x0000000703700000| Untracked 
|  16|0x0000000703800000, 0x0000000703900000, 0x0000000703900000|100%|HS|  |TAMS 0x0000000703800000, 0x0000000703800000| Complete 
|  17|0x0000000703900000, 0x0000000703a00000, 0x0000000703a00000|100%|HS|  |TAMS 0x0000000703a00000, 0x0000000703900000| Complete 
|  18|0x0000000703a00000, 0x0000000703b00000, 0x0000000703b00000|100%|HC|  |TAMS 0x0000000703b00000, 0x0000000703a00000| Complete 
|  19|0x0000000703b00000, 0x0000000703c00000, 0x0000000703c00000|100%|HS|  |TAMS 0x0000000703b00000, 0x0000000703b00000| Complete 
|  20|0x0000000703c00000, 0x0000000703d00000, 0x0000000703d00000|100%|HC|  |TAMS 0x0000000703c00000, 0x0000000703c00000| Complete 
|  21|0x0000000703d00000, 0x0000000703d00000, 0x0000000703e00000|  0%| F|  |TAMS 0x0000000703d00000, 0x0000000703d00000| Untracked 
|  22|0x0000000703e00000, 0x0000000703f00000, 0x0000000703f00000|100%| O|  |TAMS 0x0000000703f00000, 0x0000000703e00000| Untracked 
|  23|0x0000000703f00000, 0x0000000704000000, 0x0000000704000000|100%| O|  |TAMS 0x0000000704000000, 0x0000000703f00000| Untracked 
|  24|0x0000000704000000, 0x0000000704100000, 0x0000000704100000|100%|HS|  |TAMS 0x0000000704000000, 0x0000000704000000| Complete 
|  25|0x0000000704100000, 0x0000000704200000, 0x0000000704200000|100%|HC|  |TAMS 0x0000000704100000, 0x0000000704100000| Complete 
|  26|0x0000000704200000, 0x0000000704300000, 0x0000000704300000|100%|HS|  |TAMS 0x0000000704300000, 0x0000000704200000| Complete 
|  27|0x0000000704300000, 0x0000000704300000, 0x0000000704400000|  0%| F|  |TAMS 0x0000000704300000, 0x0000000704300000| Untracked 
|  28|0x0000000704400000, 0x0000000704500000, 0x0000000704500000|100%| O|  |TAMS 0x0000000704500000, 0x0000000704400000| Untracked 
|  29|0x0000000704500000, 0x0000000704600000, 0x0000000704600000|100%| O|  |TAMS 0x0000000704600000, 0x0000000704500000| Untracked 
|  30|0x0000000704600000, 0x0000000704700000, 0x0000000704700000|100%| O|  |TAMS 0x0000000704700000, 0x0000000704600000| Untracked 
|  31|0x0000000704700000, 0x0000000704800000, 0x0000000704800000|100%|HS|  |TAMS 0x0000000704800000, 0x0000000704700000| Complete 
|  32|0x0000000704800000, 0x0000000704900000, 0x0000000704900000|100%|HC|  |TAMS 0x0000000704900000, 0x0000000704800000| Complete 
|  33|0x0000000704900000, 0x0000000704a00000, 0x0000000704a00000|100%|HC|  |TAMS 0x0000000704a00000, 0x0000000704900000| Complete 
|  34|0x0000000704a00000, 0x0000000704b00000, 0x0000000704b00000|100%|HC|  |TAMS 0x0000000704b00000, 0x0000000704a00000| Complete 
|  35|0x0000000704b00000, 0x0000000704c00000, 0x0000000704c00000|100%|HC|  |TAMS 0x0000000704c00000, 0x0000000704b00000| Complete 
|  36|0x0000000704c00000, 0x0000000704d00000, 0x0000000704d00000|100%|HC|  |TAMS 0x0000000704d00000, 0x0000000704c00000| Complete 
|  37|0x0000000704d00000, 0x0000000704d00000, 0x0000000704e00000|  0%| F|  |TAMS 0x0000000704d00000, 0x0000000704d00000| Untracked 
|  38|0x0000000704e00000, 0x0000000704f00000, 0x0000000704f00000|100%| O|  |TAMS 0x0000000704f00000, 0x0000000704e00000| Untracked 
|  39|0x0000000704f00000, 0x0000000705000000, 0x0000000705000000|100%| O|  |TAMS 0x0000000705000000, 0x0000000704f00000| Untracked 
|  40|0x0000000705000000, 0x0000000705100000, 0x0000000705100000|100%|HS|  |TAMS 0x0000000705000000, 0x0000000705000000| Complete 
|  41|0x0000000705100000, 0x0000000705200000, 0x0000000705200000|100%|HC|  |TAMS 0x0000000705100000, 0x0000000705100000| Complete 
|  42|0x0000000705200000, 0x0000000705300000, 0x0000000705300000|100%| O|  |TAMS 0x0000000705300000, 0x0000000705200000| Untracked 
|  43|0x0000000705300000, 0x0000000705400000, 0x0000000705400000|100%| O|  |TAMS 0x0000000705400000, 0x0000000705300000| Untracked 
|  44|0x0000000705400000, 0x0000000705419c00, 0x0000000705500000| 10%| O|  |TAMS 0x0000000705419c00, 0x0000000705400000| Untracked 
|  45|0x0000000705500000, 0x0000000705600000, 0x0000000705600000|100%|HS|  |TAMS 0x0000000705500000, 0x0000000705500000| Complete 
|  46|0x0000000705600000, 0x0000000705700000, 0x0000000705700000|100%|HC|  |TAMS 0x0000000705600000, 0x0000000705600000| Complete 
|  47|0x0000000705700000, 0x0000000705800000, 0x0000000705800000|100%|HC|  |TAMS 0x0000000705700000, 0x0000000705700000| Complete 
|  48|0x0000000705800000, 0x0000000705900000, 0x0000000705900000|100%|HS|  |TAMS 0x0000000705800000, 0x0000000705800000| Complete 
|  49|0x0000000705900000, 0x0000000705a00000, 0x0000000705a00000|100%|HC|  |TAMS 0x0000000705900000, 0x0000000705900000| Complete 
|  50|0x0000000705a00000, 0x0000000705b00000, 0x0000000705b00000|100%|HC|  |TAMS 0x0000000705a00000, 0x0000000705a00000| Complete 
|  51|0x0000000705b00000, 0x0000000705c00000, 0x0000000705c00000|100%|HC|  |TAMS 0x0000000705b00000, 0x0000000705b00000| Complete 
|  52|0x0000000705c00000, 0x0000000705d00000, 0x0000000705d00000|100%|HC|  |TAMS 0x0000000705c00000, 0x0000000705c00000| Complete 
|  53|0x0000000705d00000, 0x0000000705e00000, 0x0000000705e00000|100%|HS|  |TAMS 0x0000000705d00000, 0x0000000705d00000| Complete 
|  54|0x0000000705e00000, 0x0000000705f00000, 0x0000000705f00000|100%|HC|  |TAMS 0x0000000705e00000, 0x0000000705e00000| Complete 
|  55|0x0000000705f00000, 0x0000000706000000, 0x0000000706000000|100%|HC|  |TAMS 0x0000000705f00000, 0x0000000705f00000| Complete 
|  56|0x0000000706000000, 0x0000000706100000, 0x0000000706100000|100%|HS|  |TAMS 0x0000000706000000, 0x0000000706000000| Complete 
|  57|0x0000000706100000, 0x0000000706200000, 0x0000000706200000|100%|HC|  |TAMS 0x0000000706100000, 0x0000000706100000| Complete 
|  58|0x0000000706200000, 0x0000000706300000, 0x0000000706300000|100%|HS|  |TAMS 0x0000000706200000, 0x0000000706200000| Complete 
|  59|0x0000000706300000, 0x0000000706400000, 0x0000000706400000|100%|HC|  |TAMS 0x0000000706300000, 0x0000000706300000| Complete 
|  60|0x0000000706400000, 0x0000000706500000, 0x0000000706500000|100%|HS|  |TAMS 0x0000000706400000, 0x0000000706400000| Complete 
|  61|0x0000000706500000, 0x0000000706600000, 0x0000000706600000|100%|HC|  |TAMS 0x0000000706500000, 0x0000000706500000| Complete 
|  62|0x0000000706600000, 0x0000000706700000, 0x0000000706700000|100%|HS|  |TAMS 0x0000000706600000, 0x0000000706600000| Complete 
|  63|0x0000000706700000, 0x0000000706800000, 0x0000000706800000|100%|HC|  |TAMS 0x0000000706700000, 0x0000000706700000| Complete 
|  64|0x0000000706800000, 0x0000000706900000, 0x0000000706900000|100%|HC|  |TAMS 0x0000000706800000, 0x0000000706800000| Complete 
|  65|0x0000000706900000, 0x0000000706a00000, 0x0000000706a00000|100%|HS|  |TAMS 0x0000000706900000, 0x0000000706900000| Complete 
|  66|0x0000000706a00000, 0x0000000706b00000, 0x0000000706b00000|100%|HC|  |TAMS 0x0000000706a00000, 0x0000000706a00000| Complete 
|  67|0x0000000706b00000, 0x0000000706c00000, 0x0000000706c00000|100%|HC|  |TAMS 0x0000000706b00000, 0x0000000706b00000| Complete 
|  68|0x0000000706c00000, 0x0000000706d00000, 0x0000000706d00000|100%|HC|  |TAMS 0x0000000706c00000, 0x0000000706c00000| Complete 
|  69|0x0000000706d00000, 0x0000000706e00000, 0x0000000706e00000|100%|HC|  |TAMS 0x0000000706d00000, 0x0000000706d00000| Complete 
|  70|0x0000000706e00000, 0x0000000706f00000, 0x0000000706f00000|100%|HS|  |TAMS 0x0000000706e00000, 0x0000000706e00000| Complete 
|  71|0x0000000706f00000, 0x0000000707000000, 0x0000000707000000|100%|HC|  |TAMS 0x0000000706f00000, 0x0000000706f00000| Complete 
|  72|0x0000000707000000, 0x0000000707100000, 0x0000000707100000|100%|HC|  |TAMS 0x0000000707000000, 0x0000000707000000| Complete 
|  73|0x0000000707100000, 0x0000000707100000, 0x0000000707200000|  0%| F|  |TAMS 0x0000000707100000, 0x0000000707100000| Untracked 
|  74|0x0000000707200000, 0x0000000707200000, 0x0000000707300000|  0%| F|  |TAMS 0x0000000707200000, 0x0000000707200000| Untracked 
|  75|0x0000000707300000, 0x0000000707300000, 0x0000000707400000|  0%| F|  |TAMS 0x0000000707300000, 0x0000000707300000| Untracked 
|  76|0x0000000707400000, 0x0000000707400000, 0x0000000707500000|  0%| F|  |TAMS 0x0000000707400000, 0x0000000707400000| Untracked 
|  77|0x0000000707500000, 0x0000000707500000, 0x0000000707600000|  0%| F|  |TAMS 0x0000000707500000, 0x0000000707500000| Untracked 
|  78|0x0000000707600000, 0x0000000707600000, 0x0000000707700000|  0%| F|  |TAMS 0x0000000707600000, 0x0000000707600000| Untracked 
|  79|0x0000000707700000, 0x0000000707700000, 0x0000000707800000|  0%| F|  |TAMS 0x0000000707700000, 0x0000000707700000| Untracked 
|  80|0x0000000707800000, 0x0000000707800000, 0x0000000707900000|  0%| F|  |TAMS 0x0000000707800000, 0x0000000707800000| Untracked 
|  81|0x0000000707900000, 0x0000000707900000, 0x0000000707a00000|  0%| F|  |TAMS 0x0000000707900000, 0x0000000707900000| Untracked 
|  82|0x0000000707a00000, 0x0000000707a00000, 0x0000000707b00000|  0%| F|  |TAMS 0x0000000707a00000, 0x0000000707a00000| Untracked 
|  83|0x0000000707b00000, 0x0000000707b00000, 0x0000000707c00000|  0%| F|  |TAMS 0x0000000707b00000, 0x0000000707b00000| Untracked 
|  84|0x0000000707c00000, 0x0000000707c00000, 0x0000000707d00000|  0%| F|  |TAMS 0x0000000707c00000, 0x0000000707c00000| Untracked 
|  85|0x0000000707d00000, 0x0000000707d00000, 0x0000000707e00000|  0%| F|  |TAMS 0x0000000707d00000, 0x0000000707d00000| Untracked 
|  86|0x0000000707e00000, 0x0000000707e00000, 0x0000000707f00000|  0%| F|  |TAMS 0x0000000707e00000, 0x0000000707e00000| Untracked 
|  87|0x0000000707f00000, 0x0000000707f00000, 0x0000000708000000|  0%| F|  |TAMS 0x0000000707f00000, 0x0000000707f00000| Untracked 
|  88|0x0000000708000000, 0x0000000708000000, 0x0000000708100000|  0%| F|  |TAMS 0x0000000708000000, 0x0000000708000000| Untracked 
|  89|0x0000000708100000, 0x0000000708100000, 0x0000000708200000|  0%| F|  |TAMS 0x0000000708100000, 0x0000000708100000| Untracked 
|  90|0x0000000708200000, 0x0000000708200000, 0x0000000708300000|  0%| F|  |TAMS 0x0000000708200000, 0x0000000708200000| Untracked 
|  91|0x0000000708300000, 0x0000000708300000, 0x0000000708400000|  0%| F|  |TAMS 0x0000000708300000, 0x0000000708300000| Untracked 
|  92|0x0000000708400000, 0x0000000708400000, 0x0000000708500000|  0%| F|  |TAMS 0x0000000708400000, 0x0000000708400000| Untracked 
|  93|0x0000000708500000, 0x0000000708500000, 0x0000000708600000|  0%| F|  |TAMS 0x0000000708500000, 0x0000000708500000| Untracked 
|  94|0x0000000708600000, 0x0000000708600000, 0x0000000708700000|  0%| F|  |TAMS 0x0000000708600000, 0x0000000708600000| Untracked 
|  95|0x0000000708700000, 0x0000000708700000, 0x0000000708800000|  0%| F|  |TAMS 0x0000000708700000, 0x0000000708700000| Untracked 
|  96|0x0000000708800000, 0x0000000708800000, 0x0000000708900000|  0%| F|  |TAMS 0x0000000708800000, 0x0000000708800000| Untracked 
|  97|0x0000000708900000, 0x0000000708900000, 0x0000000708a00000|  0%| F|  |TAMS 0x0000000708900000, 0x0000000708900000| Untracked 
|  98|0x0000000708a00000, 0x0000000708a00000, 0x0000000708b00000|  0%| F|  |TAMS 0x0000000708a00000, 0x0000000708a00000| Untracked 
|  99|0x0000000708b00000, 0x0000000708b00000, 0x0000000708c00000|  0%| F|  |TAMS 0x0000000708b00000, 0x0000000708b00000| Untracked 
| 100|0x0000000708c00000, 0x0000000708c00000, 0x0000000708d00000|  0%| F|  |TAMS 0x0000000708c00000, 0x0000000708c00000| Untracked 
| 101|0x0000000708d00000, 0x0000000708d00000, 0x0000000708e00000|  0%| F|  |TAMS 0x0000000708d00000, 0x0000000708d00000| Untracked 
| 102|0x0000000708e00000, 0x0000000708e00000, 0x0000000708f00000|  0%| F|  |TAMS 0x0000000708e00000, 0x0000000708e00000| Untracked 
| 103|0x0000000708f00000, 0x0000000708f00000, 0x0000000709000000|  0%| F|  |TAMS 0x0000000708f00000, 0x0000000708f00000| Untracked 
| 104|0x0000000709000000, 0x0000000709000000, 0x0000000709100000|  0%| F|  |TAMS 0x0000000709000000, 0x0000000709000000| Untracked 
| 105|0x0000000709100000, 0x0000000709100000, 0x0000000709200000|  0%| F|  |TAMS 0x0000000709100000, 0x0000000709100000| Untracked 
| 106|0x0000000709200000, 0x0000000709200000, 0x0000000709300000|  0%| F|  |TAMS 0x0000000709200000, 0x0000000709200000| Untracked 
| 107|0x0000000709300000, 0x0000000709300000, 0x0000000709400000|  0%| F|  |TAMS 0x0000000709300000, 0x0000000709300000| Untracked 
| 108|0x0000000709400000, 0x0000000709400000, 0x0000000709500000|  0%| F|  |TAMS 0x0000000709400000, 0x0000000709400000| Untracked 
| 109|0x0000000709500000, 0x0000000709500000, 0x0000000709600000|  0%| F|  |TAMS 0x0000000709500000, 0x0000000709500000| Untracked 
| 110|0x0000000709600000, 0x0000000709600000, 0x0000000709700000|  0%| F|  |TAMS 0x0000000709600000, 0x0000000709600000| Untracked 
| 111|0x0000000709700000, 0x0000000709700000, 0x0000000709800000|  0%| F|  |TAMS 0x0000000709700000, 0x0000000709700000| Untracked 
| 112|0x0000000709800000, 0x0000000709800000, 0x0000000709900000|  0%| F|  |TAMS 0x0000000709800000, 0x0000000709800000| Untracked 
| 113|0x0000000709900000, 0x0000000709900000, 0x0000000709a00000|  0%| F|  |TAMS 0x0000000709900000, 0x0000000709900000| Untracked 
| 114|0x0000000709a00000, 0x0000000709a00000, 0x0000000709b00000|  0%| F|  |TAMS 0x0000000709a00000, 0x0000000709a00000| Untracked 
| 115|0x0000000709b00000, 0x0000000709b4b040, 0x0000000709c00000| 29%| E|  |TAMS 0x0000000709b00000, 0x0000000709b00000| Complete 
| 116|0x0000000709c00000, 0x0000000709d00000, 0x0000000709d00000|100%| E|CS|TAMS 0x0000000709c00000, 0x0000000709c00000| Complete 
| 117|0x0000000709d00000, 0x0000000709e00000, 0x0000000709e00000|100%| E|CS|TAMS 0x0000000709d00000, 0x0000000709d00000| Complete 
| 118|0x0000000709e00000, 0x0000000709f00000, 0x0000000709f00000|100%| E|CS|TAMS 0x0000000709e00000, 0x0000000709e00000| Complete 
| 119|0x0000000709f00000, 0x000000070a000000, 0x000000070a000000|100%| E|CS|TAMS 0x0000000709f00000, 0x0000000709f00000| Complete 
| 120|0x000000070a000000, 0x000000070a100000, 0x000000070a100000|100%| E|CS|TAMS 0x000000070a000000, 0x000000070a000000| Complete 
| 121|0x000000070a100000, 0x000000070a200000, 0x000000070a200000|100%| E|CS|TAMS 0x000000070a100000, 0x000000070a100000| Complete 
| 122|0x000000070a200000, 0x000000070a300000, 0x000000070a300000|100%| E|CS|TAMS 0x000000070a200000, 0x000000070a200000| Complete 
| 123|0x000000070a300000, 0x000000070a400000, 0x000000070a400000|100%| E|CS|TAMS 0x000000070a300000, 0x000000070a300000| Complete 
| 124|0x000000070a400000, 0x000000070a500000, 0x000000070a500000|100%| E|CS|TAMS 0x000000070a400000, 0x000000070a400000| Complete 
| 125|0x000000070a500000, 0x000000070a600000, 0x000000070a600000|100%| E|CS|TAMS 0x000000070a500000, 0x000000070a500000| Complete 
| 126|0x000000070a600000, 0x000000070a700000, 0x000000070a700000|100%| E|CS|TAMS 0x000000070a600000, 0x000000070a600000| Complete 
| 127|0x000000070a700000, 0x000000070a800000, 0x000000070a800000|100%| E|CS|TAMS 0x000000070a700000, 0x000000070a700000| Complete 
| 128|0x000000070a800000, 0x000000070a900000, 0x000000070a900000|100%| E|CS|TAMS 0x000000070a800000, 0x000000070a800000| Complete 
| 129|0x000000070a900000, 0x000000070aa00000, 0x000000070aa00000|100%| E|CS|TAMS 0x000000070a900000, 0x000000070a900000| Complete 
| 130|0x000000070aa00000, 0x000000070ab00000, 0x000000070ab00000|100%| E|CS|TAMS 0x000000070aa00000, 0x000000070aa00000| Complete 
| 131|0x000000070ab00000, 0x000000070ab7ae00, 0x000000070ac00000| 47%| S|CS|TAMS 0x000000070ab00000, 0x000000070ab00000| Complete 
| 132|0x000000070ac00000, 0x000000070ad00000, 0x000000070ad00000|100%| S|CS|TAMS 0x000000070ac00000, 0x000000070ac00000| Complete 
| 133|0x000000070ad00000, 0x000000070ae00000, 0x000000070ae00000|100%| S|CS|TAMS 0x000000070ad00000, 0x000000070ad00000| Complete 
| 134|0x000000070ae00000, 0x000000070af00000, 0x000000070af00000|100%| E|CS|TAMS 0x000000070ae00000, 0x000000070ae00000| Complete 
| 135|0x000000070af00000, 0x000000070b000000, 0x000000070b000000|100%| E|CS|TAMS 0x000000070af00000, 0x000000070af00000| Complete 
| 136|0x000000070b000000, 0x000000070b100000, 0x000000070b100000|100%| E|CS|TAMS 0x000000070b000000, 0x000000070b000000| Complete 
| 137|0x000000070b100000, 0x000000070b200000, 0x000000070b200000|100%| E|CS|TAMS 0x000000070b100000, 0x000000070b100000| Complete 
| 138|0x000000070b200000, 0x000000070b300000, 0x000000070b300000|100%| E|  |TAMS 0x000000070b200000, 0x000000070b200000| Complete 
| 139|0x000000070b300000, 0x000000070b400000, 0x000000070b400000|100%| E|CS|TAMS 0x000000070b300000, 0x000000070b300000| Complete 
| 140|0x000000070b400000, 0x000000070b500000, 0x000000070b500000|100%| E|CS|TAMS 0x000000070b400000, 0x000000070b400000| Complete 
| 141|0x000000070b500000, 0x000000070b600000, 0x000000070b600000|100%| E|CS|TAMS 0x000000070b500000, 0x000000070b500000| Complete 
| 142|0x000000070b600000, 0x000000070b700000, 0x000000070b700000|100%| E|CS|TAMS 0x000000070b600000, 0x000000070b600000| Complete 
| 143|0x000000070b700000, 0x000000070b800000, 0x000000070b800000|100%| E|CS|TAMS 0x000000070b700000, 0x000000070b700000| Complete 
| 144|0x000000070b800000, 0x000000070b900000, 0x000000070b900000|100%| E|CS|TAMS 0x000000070b800000, 0x000000070b800000| Complete 
| 145|0x000000070b900000, 0x000000070ba00000, 0x000000070ba00000|100%| E|CS|TAMS 0x000000070b900000, 0x000000070b900000| Complete 
| 253|0x0000000712500000, 0x0000000712600000, 0x0000000712600000|100%| E|CS|TAMS 0x0000000712500000, 0x0000000712500000| Complete 

Card table byte_map: [0x000002b3aacb0000,0x000002b3ab4a0000] _byte_map_base: 0x000002b3a749c000

Marking Bits (Prev, Next): (CMBitMap*) 0x000002b392bdbfa8, (CMBitMap*) 0x000002b392bdbf68
 Prev Bits: [0x000002b3afbf0000, 0x000002b3b3b50000)
 Next Bits: [0x000002b3abc90000, 0x000002b3afbf0000)

Polling page: 0x000002b390d00000

Metaspace:

Usage:
  Non-class:     38.37 MB capacity,    37.71 MB ( 98%) used,   556.63 KB (  1%) free+waste,   111.56 KB ( <1%) overhead. 
      Class:      5.75 MB capacity,     5.32 MB ( 93%) used,   387.02 KB (  7%) free+waste,    53.56 KB ( <1%) overhead. 
       Both:     44.12 MB capacity,    43.03 MB ( 98%) used,   943.66 KB (  2%) free+waste,   165.13 KB ( <1%) overhead. 

Virtual space:
  Non-class space:       40.00 MB reserved,      38.42 MB ( 96%) committed 
      Class space:        1.00 GB reserved,       5.82 MB ( <1%) committed 
             Both:        1.04 GB reserved,      44.25 MB (  4%) committed 

Chunk freelists:
   Non-Class:  58.00 KB
       Class:  0 bytes
        Both:  58.00 KB

MaxMetaspaceSize: 17179869184.00 GB
CompressedClassSpaceSize: 1.00 GB

CodeHeap 'non-profiled nmethods': size=120000Kb used=5358Kb max_used=5358Kb free=114642Kb
 bounds [0x000002b3a2b50000, 0x000002b3a30a0000, 0x000002b3aa080000]
CodeHeap 'profiled nmethods': size=120000Kb used=17564Kb max_used=19398Kb free=102435Kb
 bounds [0x000002b39b620000, 0x000002b39c930000, 0x000002b3a2b50000]
CodeHeap 'non-nmethods': size=5760Kb used=1559Kb max_used=1616Kb free=4200Kb
 bounds [0x000002b39b080000, 0x000002b39b2f0000, 0x000002b39b620000]
 total_blobs=13095 nmethods=7974 adapters=821
 compilation: enabled
              stopped_count=0, restarted_count=0
 full_count=0

Compilation events (20 events):
Event: 48.145 Thread 0x000002b3b6f9c800 9237       3       com.esri.arcgisruntime.internal.httpclient.impl.client.cache.CacheValidityPolicy::getResidentTimeSecs (19 bytes)
Event: 48.145 Thread 0x000002b3b6f9c800 nmethod 9237 0x000002b39b79dc10 code [0x000002b39b79de00, 0x000002b39b79e580]
Event: 48.194 Thread 0x000002b3b6f9b800 9238       4       com.sun.javafx.css.BitSet::clear (84 bytes)
Event: 48.203 Thread 0x000002b3b6f9b800 nmethod 9238 0x000002b3a2f5e590 code [0x000002b3a2f5e740, 0x000002b3a2f5ecb8]
Event: 48.243 Thread 0x000002b3b6f9b800 9239       4       javafx.scene.Node::doUpdatePeer (361 bytes)
Event: 48.371 Thread 0x000002b3b6f9b800 nmethod 9239 0x000002b3a308d410 code [0x000002b3a308d8a0, 0x000002b3a3090fe0]
Event: 48.372 Thread 0x000002b3b6f9b800 9240       4       com.esri.arcgisruntime.internal.httpclient.impl.conn.CPoolEntry::isClosed (23 bytes)
Event: 48.373 Thread 0x000002b3b6f9b800 nmethod 9240 0x000002b3a2f5e210 code [0x000002b3a2f5e3a0, 0x000002b3a2f5e478]
Event: 48.527 Thread 0x000002b3b6f9b800 9241       4       sun.nio.cs.UTF_8::updatePositions (23 bytes)
Event: 48.532 Thread 0x000002b3b6f9b800 nmethod 9241 0x000002b3a2f5d890 code [0x000002b3a2f5da60, 0x000002b3a2f5de58]
Event: 48.532 Thread 0x000002b3b6f9b800 9242       4       sun.nio.cs.UTF_8$Encoder::encodeArrayLoop (489 bytes)
Event: 48.535 Thread 0x000002b3b6f9c800 9247       3       org.fusesource.jansi.FilterPrintStream::newLine (8 bytes)
Event: 48.536 Thread 0x000002b3b6f9c800 nmethod 9247 0x000002b39b70d510 code [0x000002b39b70d700, 0x000002b39b70dc00]
Event: 48.536 Thread 0x000002b3da462800 9243   !   4       java.io.BufferedWriter::flushBuffer (53 bytes)
Event: 48.539 Thread 0x000002b3b6f9b800 nmethod 9242 0x000002b3a2f5cd10 code [0x000002b3a2f5cec0, 0x000002b3a2f5d3d8]
Event: 48.539 Thread 0x000002b3b6f9b800 9245       4       java.util.Formatter$Conversion::isGeneral (64 bytes)
Event: 48.540 Thread 0x000002b3b6f9b800 nmethod 9245 0x000002b3a2f5ca10 code [0x000002b3a2f5cb80, 0x000002b3a2f5cc18]
Event: 48.540 Thread 0x000002b3b6f9b800 9244       4       java.io.BufferedWriter::ensureOpen (18 bytes)
Event: 48.541 Thread 0x000002b3b6f9b800 nmethod 9244 0x000002b3a2f5c710 code [0x000002b3a2f5c8a0, 0x000002b3a2f5c938]
Event: 48.541 Thread 0x000002b3b6f9b800 9246       4       java.io.OutputStreamWriter::write (11 bytes)

GC Heap History (20 events):
Event: 41.474 GC heap before
{Heap before GC invocations=149 (full 0):
 garbage-first heap   total 146432K, used 65122K [0x0000000702800000, 0x0000000800000000)
  region size 1024K, 8 young (8192K), 3 survivors (3072K)
 Metaspace       used 44020K, capacity 45172K, committed 45308K, reserved 1089536K
  class space    used 5446K, capacity 5888K, committed 5964K, reserved 1048576K
}
Event: 41.476 GC heap after
{Heap after GC invocations=150 (full 0):
 garbage-first heap   total 146432K, used 42908K [0x0000000702800000, 0x0000000800000000)
  region size 1024K, 1 young (1024K), 1 survivors (1024K)
 Metaspace       used 44020K, capacity 45172K, committed 45308K, reserved 1089536K
  class space    used 5446K, capacity 5888K, committed 5964K, reserved 1048576K
}
Event: 42.023 GC heap before
{Heap before GC invocations=150 (full 0):
 garbage-first heap   total 146432K, used 81820K [0x0000000702800000, 0x0000000800000000)
  region size 1024K, 19 young (19456K), 1 survivors (1024K)
 Metaspace       used 44027K, capacity 45173K, committed 45308K, reserved 1089536K
  class space    used 5446K, capacity 5888K, committed 5964K, reserved 1048576K
}
Event: 42.025 GC heap after
{Heap after GC invocations=151 (full 0):
 garbage-first heap   total 146432K, used 50070K [0x0000000702800000, 0x0000000800000000)
  region size 1024K, 2 young (2048K), 2 survivors (2048K)
 Metaspace       used 44027K, capacity 45173K, committed 45308K, reserved 1089536K
  class space    used 5446K, capacity 5888K, committed 5964K, reserved 1048576K
}
Event: 43.519 GC heap before
{Heap before GC invocations=152 (full 0):
 garbage-first heap   total 148480K, used 146326K [0x0000000702800000, 0x0000000800000000)
  region size 1024K, 42 young (43008K), 2 survivors (2048K)
 Metaspace       used 44027K, capacity 45173K, committed 45308K, reserved 1089536K
  class space    used 5446K, capacity 5888K, committed 5964K, reserved 1048576K
}
Event: 43.522 GC heap after
{Heap after GC invocations=153 (full 0):
 garbage-first heap   total 153600K, used 67179K [0x0000000702800000, 0x0000000800000000)
  region size 1024K, 5 young (5120K), 5 survivors (5120K)
 Metaspace       used 44027K, capacity 45173K, committed 45308K, reserved 1089536K
  class space    used 5446K, capacity 5888K, committed 5964K, reserved 1048576K
}
Event: 43.600 GC heap before
{Heap before GC invocations=153 (full 0):
 garbage-first heap   total 153600K, used 68203K [0x0000000702800000, 0x0000000800000000)
  region size 1024K, 7 young (7168K), 5 survivors (5120K)
 Metaspace       used 44027K, capacity 45173K, committed 45308K, reserved 1089536K
  class space    used 5446K, capacity 5888K, committed 5964K, reserved 1048576K
}
Event: 43.604 GC heap after
{Heap after GC invocations=154 (full 0):
 garbage-first heap   total 153600K, used 40308K [0x0000000702800000, 0x0000000800000000)
  region size 1024K, 1 young (1024K), 1 survivors (1024K)
 Metaspace       used 44027K, capacity 45173K, committed 45308K, reserved 1089536K
  class space    used 5446K, capacity 5888K, committed 5964K, reserved 1048576K
}
Event: 43.848 GC heap before
{Heap before GC invocations=154 (full 0):
 garbage-first heap   total 153600K, used 43380K [0x0000000702800000, 0x0000000800000000)
  region size 1024K, 6 young (6144K), 1 survivors (1024K)
 Metaspace       used 44027K, capacity 45173K, committed 45308K, reserved 1089536K
  class space    used 5446K, capacity 5888K, committed 5964K, reserved 1048576K
}
Event: 43.849 GC heap after
{Heap after GC invocations=155 (full 0):
 garbage-first heap   total 153600K, used 40767K [0x0000000702800000, 0x0000000800000000)
  region size 1024K, 1 young (1024K), 1 survivors (1024K)
 Metaspace       used 44027K, capacity 45173K, committed 45308K, reserved 1089536K
  class space    used 5446K, capacity 5888K, committed 5964K, reserved 1048576K
}
Event: 43.914 GC heap before
{Heap before GC invocations=156 (full 0):
 garbage-first heap   total 150528K, used 52031K [0x0000000702800000, 0x0000000800000000)
  region size 1024K, 3 young (3072K), 1 survivors (1024K)
 Metaspace       used 44027K, capacity 45173K, committed 45308K, reserved 1089536K
  class space    used 5446K, capacity 5888K, committed 5964K, reserved 1048576K
}
Event: 43.916 GC heap after
{Heap after GC invocations=157 (full 0):
 garbage-first heap   total 150528K, used 39720K [0x0000000702800000, 0x0000000800000000)
  region size 1024K, 1 young (1024K), 1 survivors (1024K)
 Metaspace       used 44027K, capacity 45173K, committed 45308K, reserved 1089536K
  class space    used 5446K, capacity 5888K, committed 5964K, reserved 1048576K
}
Event: 44.328 GC heap before
{Heap before GC invocations=158 (full 0):
 garbage-first heap   total 150528K, used 55080K [0x0000000702800000, 0x0000000800000000)
  region size 1024K, 9 young (9216K), 1 survivors (1024K)
 Metaspace       used 44027K, capacity 45173K, committed 45308K, reserved 1089536K
  class space    used 5446K, capacity 5888K, committed 5964K, reserved 1048576K
}
Event: 44.330 GC heap after
{Heap after GC invocations=159 (full 0):
 garbage-first heap   total 150528K, used 34996K [0x0000000702800000, 0x0000000800000000)
  region size 1024K, 2 young (2048K), 2 survivors (2048K)
 Metaspace       used 44027K, capacity 45173K, committed 45308K, reserved 1089536K
  class space    used 5446K, capacity 5888K, committed 5964K, reserved 1048576K
}
Event: 44.386 GC heap before
{Heap before GC invocations=160 (full 0):
 garbage-first heap   total 150528K, used 60596K [0x0000000702800000, 0x0000000800000000)
  region size 1024K, 6 young (6144K), 2 survivors (2048K)
 Metaspace       used 44027K, capacity 45173K, committed 45308K, reserved 1089536K
  class space    used 5446K, capacity 5888K, committed 5964K, reserved 1048576K
}
Event: 44.388 GC heap after
{Heap after GC invocations=161 (full 0):
 garbage-first heap   total 150528K, used 36845K [0x0000000702800000, 0x0000000800000000)
  region size 1024K, 1 young (1024K), 1 survivors (1024K)
 Metaspace       used 44027K, capacity 45173K, committed 45308K, reserved 1089536K
  class space    used 5446K, capacity 5888K, committed 5964K, reserved 1048576K
}
Event: 44.828 GC heap before
{Heap before GC invocations=162 (full 0):
 garbage-first heap   total 150528K, used 57325K [0x0000000702800000, 0x0000000800000000)
  region size 1024K, 10 young (10240K), 1 survivors (1024K)
 Metaspace       used 44027K, capacity 45173K, committed 45308K, reserved 1089536K
  class space    used 5446K, capacity 5888K, committed 5964K, reserved 1048576K
}
Event: 44.830 GC heap after
{Heap after GC invocations=163 (full 0):
 garbage-first heap   total 150528K, used 37629K [0x0000000702800000, 0x0000000800000000)
  region size 1024K, 2 young (2048K), 2 survivors (2048K)
 Metaspace       used 44027K, capacity 45173K, committed 45308K, reserved 1089536K
  class space    used 5446K, capacity 5888K, committed 5964K, reserved 1048576K
}
Event: 45.334 GC heap before
{Heap before GC invocations=164 (full 0):
 garbage-first heap   total 150528K, used 55037K [0x0000000702800000, 0x0000000800000000)
  region size 1024K, 13 young (13312K), 2 survivors (2048K)
 Metaspace       used 44029K, capacity 45173K, committed 45308K, reserved 1089536K
  class space    used 5446K, capacity 5888K, committed 5964K, reserved 1048576K
}
Event: 45.336 GC heap after
{Heap after GC invocations=165 (full 0):
 garbage-first heap   total 150528K, used 36434K [0x0000000702800000, 0x0000000800000000)
  region size 1024K, 3 young (3072K), 3 survivors (3072K)
 Metaspace       used 44029K, capacity 45173K, committed 45308K, reserved 1089536K
  class space    used 5446K, capacity 5888K, committed 5964K, reserved 1048576K
}

Deoptimization events (20 events):
Event: 42.630 Thread 0x000002b3c2816800 Uncommon trap: trap_request=0xffffffbe fr.pc=0x000002b3a30633e4 relative=0x00000000000005e4
Event: 42.630 Thread 0x000002b3c2816800 Uncommon trap: reason=profile_predicate action=maybe_recompile pc=0x000002b3a30633e4 method=com.esri.arcgisruntime.internal.httpclient.util.EntityUtils.toByteArray(Lcom/esri/arcgisruntime/internal/httpclient/HttpEntity;)[B @ 85 c2
Event: 42.630 Thread 0x000002b3c2816800 DEOPT PACKING pc=0x000002b3a30633e4 sp=0x000000b62f78ef70
Event: 42.630 Thread 0x000002b3c2816800 DEOPT UNPACKING pc=0x000002b39b0c912f sp=0x000000b62f78efd8 mode 2
Event: 42.639 Thread 0x000002b3c281e800 Uncommon trap: trap_request=0xffffffbe fr.pc=0x000002b3a30633e4 relative=0x00000000000005e4
Event: 42.639 Thread 0x000002b3c281e800 Uncommon trap: reason=profile_predicate action=maybe_recompile pc=0x000002b3a30633e4 method=com.esri.arcgisruntime.internal.httpclient.util.EntityUtils.toByteArray(Lcom/esri/arcgisruntime/internal/httpclient/HttpEntity;)[B @ 85 c2
Event: 42.639 Thread 0x000002b3c281e800 DEOPT PACKING pc=0x000002b3a30633e4 sp=0x000000b62eb8ea80
Event: 42.639 Thread 0x000002b3c281e800 DEOPT UNPACKING pc=0x000002b39b0c912f sp=0x000000b62eb8eae8 mode 2
Event: 42.904 Thread 0x000002b3c61e1800 Uncommon trap: trap_request=0xffffffbe fr.pc=0x000002b3a30633e4 relative=0x00000000000005e4
Event: 42.904 Thread 0x000002b3c61e1800 Uncommon trap: reason=profile_predicate action=maybe_recompile pc=0x000002b3a30633e4 method=com.esri.arcgisruntime.internal.httpclient.util.EntityUtils.toByteArray(Lcom/esri/arcgisruntime/internal/httpclient/HttpEntity;)[B @ 85 c2
Event: 42.904 Thread 0x000002b3c61e1800 DEOPT PACKING pc=0x000002b3a30633e4 sp=0x000000b63098ef70
Event: 42.904 Thread 0x000002b3c61e1800 DEOPT UNPACKING pc=0x000002b39b0c912f sp=0x000000b63098efd8 mode 2
Event: 42.978 Thread 0x000002b3f51ea000 Uncommon trap: trap_request=0xffffffbe fr.pc=0x000002b3a30633e4 relative=0x00000000000005e4
Event: 42.978 Thread 0x000002b3f51ea000 Uncommon trap: reason=profile_predicate action=maybe_recompile pc=0x000002b3a30633e4 method=com.esri.arcgisruntime.internal.httpclient.util.EntityUtils.toByteArray(Lcom/esri/arcgisruntime/internal/httpclient/HttpEntity;)[B @ 85 c2
Event: 42.978 Thread 0x000002b3f51ea000 DEOPT PACKING pc=0x000002b3a30633e4 sp=0x000000b62e78e730
Event: 42.978 Thread 0x000002b3f51ea000 DEOPT UNPACKING pc=0x000002b39b0c912f sp=0x000000b62e78e798 mode 2
Event: 42.984 Thread 0x000002b3f51ea000 Uncommon trap: trap_request=0xffffffbe fr.pc=0x000002b3a3054060 relative=0x0000000000003640
Event: 42.984 Thread 0x000002b3f51ea000 Uncommon trap: reason=profile_predicate action=maybe_recompile pc=0x000002b3a3054060 method=com.esri.arcgisruntime.internal.httpclient.util.EntityUtils.toByteArray(Lcom/esri/arcgisruntime/internal/httpclient/HttpEntity;)[B @ 75 c2
Event: 42.984 Thread 0x000002b3f51ea000 DEOPT PACKING pc=0x000002b3a3054060 sp=0x000000b62e78e770
Event: 42.984 Thread 0x000002b3f51ea000 DEOPT UNPACKING pc=0x000002b39b0c912f sp=0x000000b62e78e7a8 mode 2

Classes unloaded (3 events):
Event: 7.953 Thread 0x000002b3b6f75800 Unloading class 0x00000008010dac40 'jdk/internal/reflect/GeneratedMethodAccessor16'
Event: 7.953 Thread 0x000002b3b6f75800 Unloading class 0x00000008010da440 'jdk/internal/reflect/GeneratedMethodAccessor15'
Event: 7.953 Thread 0x000002b3b6f75800 Unloading class 0x00000008010d9c40 'jdk/internal/reflect/GeneratedMethodAccessor13'

Classes redefined (0 events):
No events

Internal exceptions (20 events):
Event: 4.523 Thread 0x000002b3b88fa800 Exception <a 'java/lang/NoSuchMethodError'{0x000000070a5bdc78}: 'java.lang.Object java.lang.invoke.Invokers$Holder.linkToTargetMethod(java.lang.Object, int, java.lang.Object)'> (0x000000070a5bdc78) 
thrown [t:/workspace/open/src/hotspot/share/interpreter/linkResolver.cpp, line 767]
Event: 4.610 Thread 0x000002b3bb6ce800 Exception <a 'sun/nio/fs/WindowsException'{0x0000000709e94038}> (0x0000000709e94038) 
thrown [t:/workspace/open/src/hotspot/share/prims/jni.cpp, line 598]
Event: 4.620 Thread 0x000002b3bb6ce800 Exception <a 'java/lang/NoSuchMethodError'{0x0000000709ededd0}: 'int java.lang.invoke.DirectMethodHandle$Holder.invokeStaticInit(java.lang.Object, java.lang.Object, java.lang.Object, java.lang.Object)'> (0x0000000709ededd0) 
thrown [t:/workspace/open/src/hotspot/share/interpreter/linkResolver.cpp, line 767]
Event: 4.621 Thread 0x000002b3bb6ce800 Exception <a 'java/lang/IncompatibleClassChangeError'{0x0000000709ee7890}: Found class java.lang.Object, but interface was expected> (0x0000000709ee7890) 
thrown [t:/workspace/open/src/hotspot/share/interpreter/linkResolver.cpp, line 833]
Event: 4.622 Thread 0x000002b3bb6ce800 Exception <a 'java/lang/NoSuchMethodError'{0x0000000709eec820}: 'int java.lang.invoke.DirectMethodHandle$Holder.invokeStaticInit(java.lang.Object, java.lang.Object)'> (0x0000000709eec820) 
thrown [t:/workspace/open/src/hotspot/share/interpreter/linkResolver.cpp, line 767]
Event: 4.691 Thread 0x000002b3bb6ce800 Exception <a 'java/lang/NoClassDefFoundError'{0x000000070440f538}: org/apache/log4j/Priority> (0x000000070440f538) 
thrown [t:/workspace/open/src/hotspot/share/classfile/systemDictionary.cpp, line 221]
Event: 4.814 Thread 0x000002b3b88fa800 Exception <a 'java/lang/NoSuchMethodError'{0x000000070a202f18}: 'java.lang.Object java.lang.invoke.DirectMethodHandle$Holder.invokeInterface(java.lang.Object, java.lang.Object, java.lang.Object)'> (0x000000070a202f18) 
thrown [t:/workspace/open/src/hotspot/share/interpreter/linkResolver.cpp, line 767]
Event: 4.814 Thread 0x000002b3b88fa800 Exception <a 'java/lang/IncompatibleClassChangeError'{0x000000070a205da8}: Found class java.lang.Object, but interface was expected> (0x000000070a205da8) 
thrown [t:/workspace/open/src/hotspot/share/interpreter/linkResolver.cpp, line 833]
Event: 4.900 Thread 0x000002b3b88fa800 Exception <a 'java/lang/NoSuchMethodError'{0x0000000709f6e318}: 'void java.lang.invoke.DirectMethodHandle$Holder.invokeSpecialIFC(java.lang.Object, java.lang.Object, java.lang.Object, java.lang.Object)'> (0x0000000709f6e318) 
thrown [t:/workspace/open/src/hotspot/share/interpreter/linkResolver.cpp, line 767]
Event: 5.283 Thread 0x000002b3b88fa800 Exception <a 'java/lang/NoSuchMethodError'{0x000000070a061b38}: 'long java.lang.invoke.DirectMethodHandle$Holder.invokeStatic(java.lang.Object, java.lang.Object, java.lang.Object)'> (0x000000070a061b38) 
thrown [t:/workspace/open/src/hotspot/share/interpreter/linkResolver.cpp, line 767]
Event: 5.283 Thread 0x000002b3b88fa800 Exception <a 'java/lang/NoSuchMethodError'{0x000000070a064a88}: 'long java.lang.invoke.DirectMethodHandle$Holder.invokeStaticInit(java.lang.Object, java.lang.Object, java.lang.Object)'> (0x000000070a064a88) 
thrown [t:/workspace/open/src/hotspot/share/interpreter/linkResolver.cpp, line 767]
Event: 5.287 Thread 0x000002b3b88fa800 Exception <a 'java/lang/NoSuchMethodError'{0x000000070a0791b8}: 'java.lang.Object java.lang.invoke.Invokers$Holder.linkToTargetMethod(java.lang.Object, long, java.lang.Object)'> (0x000000070a0791b8) 
thrown [t:/workspace/open/src/hotspot/share/interpreter/linkResolver.cpp, line 767]
Event: 5.550 Thread 0x000002b3b88fc800 Exception <a 'java/lang/NoSuchMethodError'{0x000000071253f2a0}: 'java.lang.Object java.lang.invoke.DirectMethodHandle$Holder.invokeStaticInit(java.lang.Object, int)'> (0x000000071253f2a0) 
thrown [t:/workspace/open/src/hotspot/share/interpreter/linkResolver.cpp, line 767]
Event: 5.730 Thread 0x000002b3c232a000 Exception <a 'java/lang/NoClassDefFoundError'{0x000000070a528cf8}: org/apache/log4j/Priority> (0x000000070a528cf8) 
thrown [t:/workspace/open/src/hotspot/share/classfile/systemDictionary.cpp, line 221]
Event: 8.300 Thread 0x000002b3b88fa800 Exception <a 'java/lang/NoSuchMethodError'{0x0000000709f2d860}: 'java.lang.Object java.lang.invoke.DirectMethodHandle$Holder.invokeStatic(java.lang.Object, java.lang.Object, java.lang.Object, double, double, double, double, int, int, int, int, int, int, int, int, int)'> (0x0000000709f2d860) 
thrown [t:/workspace/open/src/hotspot/share/interpreter/linkResolver.cpp, line 767]
Event: 10.043 Thread 0x000002b3b88fa800 Exception <a 'java/lang/NoSuchMethodError'{0x000000070a4d5b80}: 'java.lang.Object java.lang.invoke.DirectMethodHandle$Holder.invokeStatic(java.lang.Object, java.lang.Object, int, int, int, int, int, java.lang.Object)'> (0x000000070a4d5b80) 
thrown [t:/workspace/open/src/hotspot/share/interpreter/linkResolver.cpp, line 767]
Event: 10.045 Thread 0x000002b3b88fa800 Exception <a 'java/lang/NoSuchMethodError'{0x000000070a4e5d40}: 'java.lang.Object java.lang.invoke.DirectMethodHandle$Holder.invokeStatic(java.lang.Object, java.lang.Object, java.lang.Object, int, int, int, int, int)'> (0x000000070a4e5d40) 
thrown [t:/workspace/open/src/hotspot/share/interpreter/linkResolver.cpp, line 767]
Event: 10.045 Thread 0x000002b3b88fa800 Exception <a 'java/lang/NoSuchMethodError'{0x000000070a4ec070}: 'java.lang.Object java.lang.invoke.Invokers$Holder.linkToTargetMethod(java.lang.Object, java.lang.Object, int, int, int, int, int, java.lang.Object)'> (0x000000070a4ec070) 
thrown [t:/workspace/open/src/hotspot/share/interpreter/linkResolver.cpp, line 767]
Event: 12.618 Thread 0x000002b3b88fa800 Implicit null exception at 0x000002b3a2f08490 to 0x000002b3a2f08ef2
Event: 48.524 Thread 0x000002b3b88fa800 Exception <a 'java/lang/RuntimeException'{0x000000070a3c7970}: Error code: 4
Error message: Out of range.
Additional error message: Cannot lock outside the range of the buffer!
> (0x000000070a3c7970) 
thrown [t:/workspace/open/src/hotspot/share/prims/jni.cpp, line 619]

Events (20 events):
Event: 48.466 Thread 0x000002b3c61db000 Thread exited: 0x000002b3c61db000
Event: 48.466 Thread 0x000002b3c61db000 Thread added: 0x000002b3c61db000
Event: 48.466 Thread 0x000002b3c61db000 Thread exited: 0x000002b3c61db000
Event: 48.466 Thread 0x000002b3c61db000 Thread added: 0x000002b3c61db000
Event: 48.466 Thread 0x000002b3c61db000 Thread exited: 0x000002b3c61db000
Event: 48.466 Thread 0x000002b3c61db000 Thread added: 0x000002b3c61db000
Event: 48.466 Thread 0x000002b3c61db000 Thread exited: 0x000002b3c61db000
Event: 48.466 Thread 0x000002b3c61dc800 Thread added: 0x000002b3c61dc800
Event: 48.466 Thread 0x000002b3c61dc800 Thread exited: 0x000002b3c61dc800
Event: 48.527 Thread 0x000002b3c61db000 Thread added: 0x000002b3c61db000
Event: 48.527 Thread 0x000002b3c61db000 Thread exited: 0x000002b3c61db000
Event: 48.527 Thread 0x000002b3c61db000 Thread added: 0x000002b3c61db000
Event: 48.527 Thread 0x000002b3c61db000 Thread exited: 0x000002b3c61db000
Event: 48.527 Thread 0x000002b3c61db000 Thread added: 0x000002b3c61db000
Event: 48.527 Thread 0x000002b3c61db000 Thread exited: 0x000002b3c61db000
Event: 48.527 Thread 0x000002b3c61db000 Thread added: 0x000002b3c61db000
Event: 48.528 Thread 0x000002b3c61db000 Thread exited: 0x000002b3c61db000
Event: 48.528 Thread 0x000002b3c61db000 Thread added: 0x000002b3c61db000
Event: 48.528 Thread 0x000002b3c61db000 Thread exited: 0x000002b3c61db000
Event: 48.536 Thread 0x000002b3da462800 Thread added: 0x000002b3da462800


Dynamic libraries:
0x00007ff672d00000 - 0x00007ff672d0f000 	C:\Program Files\Java\jdk-13\bin\java.exe
0x00007ffd48ff0000 - 0x00007ffd491e6000 	C:\WINDOWS\SYSTEM32\ntdll.dll
0x00007ffd48d80000 - 0x00007ffd48e3d000 	C:\WINDOWS\System32\KERNEL32.DLL
0x00007ffd46d80000 - 0x00007ffd47049000 	C:\WINDOWS\System32\KERNELBASE.dll
0x00007ffd46990000 - 0x00007ffd46a90000 	C:\WINDOWS\System32\ucrtbase.dll
0x00007ffd239b0000 - 0x00007ffd239c8000 	C:\Program Files\Java\jdk-13\bin\jli.dll
0x00007ffd23990000 - 0x00007ffd239a5000 	C:\Program Files\Java\jdk-13\bin\VCRUNTIME140.dll
0x00007ffd47920000 - 0x00007ffd479cc000 	C:\WINDOWS\System32\ADVAPI32.dll
0x00007ffd47a30000 - 0x00007ffd47ace000 	C:\WINDOWS\System32\msvcrt.dll
0x00007ffd47050000 - 0x00007ffd470ec000 	C:\WINDOWS\System32\sechost.dll
0x00007ffd48960000 - 0x00007ffd48a8b000 	C:\WINDOWS\System32\RPCRT4.dll
0x00007ffd48760000 - 0x00007ffd48900000 	C:\WINDOWS\System32\USER32.dll
0x00007ffd46ba0000 - 0x00007ffd46bc2000 	C:\WINDOWS\System32\win32u.dll
0x00007ffd320a0000 - 0x00007ffd3233b000 	C:\WINDOWS\WinSxS\amd64_microsoft.windows.common-controls_6595b64144ccf1df_6.0.19041.746_none_ca02b4b61b8320a4\COMCTL32.dll
0x00007ffd48290000 - 0x00007ffd482ba000 	C:\WINDOWS\System32\GDI32.dll
0x00007ffd46730000 - 0x00007ffd4683b000 	C:\WINDOWS\System32\gdi32full.dll
0x00007ffd468c0000 - 0x00007ffd4695d000 	C:\WINDOWS\System32\msvcp_win.dll
0x00007ffd3d780000 - 0x00007ffd3d78a000 	C:\WINDOWS\SYSTEM32\VERSION.dll
0x00007ffd47290000 - 0x00007ffd472c0000 	C:\WINDOWS\System32\IMM32.DLL
0x00007ffd1fff0000 - 0x00007ffd2008b000 	C:\Program Files\Java\jdk-13\bin\msvcp140.dll
0x00007ffcc1d70000 - 0x00007ffcc28d6000 	C:\Program Files\Java\jdk-13\bin\server\jvm.dll
0x00007ffd470f0000 - 0x00007ffd470f8000 	C:\WINDOWS\System32\PSAPI.DLL
0x00007ffd2e110000 - 0x00007ffd2e119000 	C:\WINDOWS\SYSTEM32\WSOCK32.dll
0x00007ffd32500000 - 0x00007ffd32527000 	C:\WINDOWS\SYSTEM32\WINMM.dll
0x00007ffd47ad0000 - 0x00007ffd47b3b000 	C:\WINDOWS\System32\WS2_32.dll
0x00007ffd45050000 - 0x00007ffd45062000 	C:\WINDOWS\SYSTEM32\kernel.appcore.dll
0x00007ffd31490000 - 0x00007ffd314a0000 	C:\Program Files\Java\jdk-13\bin\verify.dll
0x00007ffd44c90000 - 0x00007ffd44e74000 	C:\WINDOWS\SYSTEM32\DBGHELP.DLL
0x00007ffd2b1f0000 - 0x00007ffd2b21c000 	C:\WINDOWS\SYSTEM32\dbgcore.DLL
0x00007ffd46840000 - 0x00007ffd468c0000 	C:\WINDOWS\System32\bcryptPrimitives.dll
0x00007ffd1ffc0000 - 0x00007ffd1ffe6000 	C:\Program Files\Java\jdk-13\bin\java.dll
0x00007ffd3a8e0000 - 0x00007ffd3a8ee000 	C:\Program Files\Java\jdk-13\bin\instrument.dll
0x00007ffd1ffa0000 - 0x00007ffd1ffb7000 	C:\Program Files\Java\jdk-13\bin\zip.dll
0x00007ffd30740000 - 0x00007ffd3074a000 	C:\Program Files\Java\jdk-13\bin\jimage.dll
0x00007ffd47b40000 - 0x00007ffd48282000 	C:\WINDOWS\System32\SHELL32.dll
0x00007ffd44440000 - 0x00007ffd44bd0000 	C:\WINDOWS\SYSTEM32\windows.storage.dll
0x00007ffd48400000 - 0x00007ffd48756000 	C:\WINDOWS\System32\combase.dll
0x00007ffd46190000 - 0x00007ffd461bc000 	C:\WINDOWS\SYSTEM32\Wldp.dll
0x00007ffd48cd0000 - 0x00007ffd48d7e000 	C:\WINDOWS\System32\SHCORE.dll
0x00007ffd48900000 - 0x00007ffd48955000 	C:\WINDOWS\System32\shlwapi.dll
0x00007ffd46660000 - 0x00007ffd46686000 	C:\WINDOWS\SYSTEM32\profapi.dll
0x00007ffd1ff80000 - 0x00007ffd1ff99000 	C:\Program Files\Java\jdk-13\bin\net.dll
0x00007ffd34bb0000 - 0x00007ffd34d9e000 	C:\WINDOWS\SYSTEM32\urlmon.dll
0x00007ffd43420000 - 0x00007ffd43520000 	C:\WINDOWS\SYSTEM32\WINHTTP.dll
0x00007ffd35030000 - 0x00007ffd352e0000 	C:\WINDOWS\SYSTEM32\iertutil.dll
0x00007ffd45f10000 - 0x00007ffd45f7a000 	C:\WINDOWS\system32\mswsock.dll
0x00007ffd1ff60000 - 0x00007ffd1ff73000 	C:\Program Files\Java\jdk-13\bin\nio.dll
0x00007ffd31590000 - 0x00007ffd315aa000 	D:\IntelliJ IDEA Community Edition 2020.2.3\bin\breakgen64.dll
0x00007ffd460e0000 - 0x00007ffd460f8000 	C:\WINDOWS\SYSTEM32\CRYPTSP.dll
0x00007ffd45840000 - 0x00007ffd45874000 	C:\WINDOWS\system32\rsaenh.dll
0x00007ffd46960000 - 0x00007ffd46987000 	C:\WINDOWS\System32\bcrypt.dll
0x00007ffd46620000 - 0x00007ffd4664e000 	C:\WINDOWS\SYSTEM32\USERENV.dll
0x00007ffd46100000 - 0x00007ffd4610c000 	C:\WINDOWS\SYSTEM32\CRYPTBASE.dll
0x00007ffd45bb0000 - 0x00007ffd45beb000 	C:\WINDOWS\SYSTEM32\IPHLPAPI.DLL
0x00007ffd47910000 - 0x00007ffd47918000 	C:\WINDOWS\System32\NSI.dll
0x00007ffd408c0000 - 0x00007ffd408d7000 	C:\WINDOWS\SYSTEM32\dhcpcsvc6.DLL
0x00007ffd40880000 - 0x00007ffd4089d000 	C:\WINDOWS\SYSTEM32\dhcpcsvc.DLL
0x00007ffd45c00000 - 0x00007ffd45ccb000 	C:\WINDOWS\SYSTEM32\DNSAPI.dll
0x00007ffd3a8d0000 - 0x00007ffd3a8da000 	C:\Users\krish\AppData\Local\Temp\jansi-1.17.1-14895344503983596675.dll
0x00007ffd31e80000 - 0x00007ffd31e8a000 	C:\Users\krish\AppData\Local\Temp\jansi-1.17.1-11915283607722761966.dll
0x000002b392af0000 - 0x000002b392af3000 	C:\Program Files\Java\jdk-13\bin\api-ms-win-core-console-l1-1-0.dll
0x000002b392b00000 - 0x000002b392b03000 	C:\Program Files\Java\jdk-13\bin\api-ms-win-core-datetime-l1-1-0.dll
0x000002b392b10000 - 0x000002b392b13000 	C:\Program Files\Java\jdk-13\bin\api-ms-win-core-debug-l1-1-0.dll
0x000002b392b20000 - 0x000002b392b23000 	C:\Program Files\Java\jdk-13\bin\api-ms-win-core-errorhandling-l1-1-0.dll
0x000002b392b30000 - 0x000002b392b34000 	C:\Program Files\Java\jdk-13\bin\api-ms-win-core-file-l1-1-0.dll
0x000002b392b40000 - 0x000002b392b43000 	C:\Program Files\Java\jdk-13\bin\api-ms-win-core-file-l1-2-0.dll
0x000002b3ba6c0000 - 0x000002b3ba6c3000 	C:\Program Files\Java\jdk-13\bin\api-ms-win-core-file-l2-1-0.dll
0x000002b3ba6d0000 - 0x000002b3ba6d3000 	C:\Program Files\Java\jdk-13\bin\api-ms-win-core-handle-l1-1-0.dll
0x000002b3ba6e0000 - 0x000002b3ba6e3000 	C:\Program Files\Java\jdk-13\bin\api-ms-win-core-heap-l1-1-0.dll
0x000002b3ba6f0000 - 0x000002b3ba6f3000 	C:\Program Files\Java\jdk-13\bin\api-ms-win-core-interlocked-l1-1-0.dll
0x000002b3ba700000 - 0x000002b3ba703000 	C:\Program Files\Java\jdk-13\bin\api-ms-win-core-libraryloader-l1-1-0.dll
0x000002b3ba710000 - 0x000002b3ba713000 	C:\Program Files\Java\jdk-13\bin\api-ms-win-core-localization-l1-2-0.dll
0x000002b3ba720000 - 0x000002b3ba723000 	C:\Program Files\Java\jdk-13\bin\api-ms-win-core-memory-l1-1-0.dll
0x000002b3ba730000 - 0x000002b3ba733000 	C:\Program Files\Java\jdk-13\bin\api-ms-win-core-namedpipe-l1-1-0.dll
0x000002b3ba740000 - 0x000002b3ba743000 	C:\Program Files\Java\jdk-13\bin\api-ms-win-core-processenvironment-l1-1-0.dll
0x000002b3ba750000 - 0x000002b3ba753000 	C:\Program Files\Java\jdk-13\bin\api-ms-win-core-processthreads-l1-1-0.dll
0x000002b3ba760000 - 0x000002b3ba763000 	C:\Program Files\Java\jdk-13\bin\api-ms-win-core-processthreads-l1-1-1.dll
0x000002b3ba770000 - 0x000002b3ba773000 	C:\Program Files\Java\jdk-13\bin\api-ms-win-core-profile-l1-1-0.dll
0x000002b3ba780000 - 0x000002b3ba783000 	C:\Program Files\Java\jdk-13\bin\api-ms-win-core-rtlsupport-l1-1-0.dll
0x000002b3ba790000 - 0x000002b3ba793000 	C:\Program Files\Java\jdk-13\bin\api-ms-win-core-string-l1-1-0.dll
0x000002b3ba7a0000 - 0x000002b3ba7a3000 	C:\Program Files\Java\jdk-13\bin\api-ms-win-core-synch-l1-1-0.dll
0x000002b3ba7b0000 - 0x000002b3ba7b3000 	C:\Program Files\Java\jdk-13\bin\api-ms-win-core-synch-l1-2-0.dll
0x000002b3ba7c0000 - 0x000002b3ba7c3000 	C:\Program Files\Java\jdk-13\bin\api-ms-win-core-sysinfo-l1-1-0.dll
0x000002b3ba7d0000 - 0x000002b3ba7d3000 	C:\Program Files\Java\jdk-13\bin\api-ms-win-core-timezone-l1-1-0.dll
0x000002b3ba7e0000 - 0x000002b3ba7e3000 	C:\Program Files\Java\jdk-13\bin\api-ms-win-core-util-l1-1-0.dll
0x000002b3ba7f0000 - 0x000002b3ba7f3000 	C:\Program Files\Java\jdk-13\bin\api-ms-win-crt-conio-l1-1-0.dll
0x000002b3ba800000 - 0x000002b3ba804000 	C:\Program Files\Java\jdk-13\bin\api-ms-win-crt-convert-l1-1-0.dll
0x000002b3ba810000 - 0x000002b3ba813000 	C:\Program Files\Java\jdk-13\bin\api-ms-win-crt-environment-l1-1-0.dll
0x000002b3ba820000 - 0x000002b3ba823000 	C:\Program Files\Java\jdk-13\bin\api-ms-win-crt-filesystem-l1-1-0.dll
0x000002b3ba830000 - 0x000002b3ba833000 	C:\Program Files\Java\jdk-13\bin\api-ms-win-crt-heap-l1-1-0.dll
0x000002b3ba840000 - 0x000002b3ba843000 	C:\Program Files\Java\jdk-13\bin\api-ms-win-crt-locale-l1-1-0.dll
0x000002b3ba850000 - 0x000002b3ba855000 	C:\Program Files\Java\jdk-13\bin\api-ms-win-crt-math-l1-1-0.dll
0x000002b3ba860000 - 0x000002b3ba865000 	C:\Program Files\Java\jdk-13\bin\api-ms-win-crt-multibyte-l1-1-0.dll
0x000002b3ba870000 - 0x000002b3ba880000 	C:\Program Files\Java\jdk-13\bin\api-ms-win-crt-private-l1-1-0.dll
0x000002b3ba880000 - 0x000002b3ba883000 	C:\Program Files\Java\jdk-13\bin\api-ms-win-crt-process-l1-1-0.dll
0x000002b3ba890000 - 0x000002b3ba894000 	C:\Program Files\Java\jdk-13\bin\api-ms-win-crt-runtime-l1-1-0.dll
0x000002b3ba8a0000 - 0x000002b3ba8a4000 	C:\Program Files\Java\jdk-13\bin\api-ms-win-crt-stdio-l1-1-0.dll
0x000002b3ba8b0000 - 0x000002b3ba8b4000 	C:\Program Files\Java\jdk-13\bin\api-ms-win-crt-string-l1-1-0.dll
0x000002b3ba8c0000 - 0x000002b3ba8c3000 	C:\Program Files\Java\jdk-13\bin\api-ms-win-crt-time-l1-1-0.dll
0x000002b3ba8d0000 - 0x000002b3ba8d3000 	C:\Program Files\Java\jdk-13\bin\api-ms-win-crt-utility-l1-1-0.dll
0x00007ffd0cab0000 - 0x00007ffd0cbac000 	C:\Program Files\Java\jdk-13\bin\ucrtbase.dll
0x00007ffd0eb10000 - 0x00007ffd0eb5d000 	C:\Windows\System32\concrt140.dll
0x00007ffd3f300000 - 0x00007ffd3f30c000 	C:\WINDOWS\SYSTEM32\VCRUNTIME140_1.dll
0x00007ffd1ff10000 - 0x00007ffd1ff33000 	C:\Users\krish\.openjfx\cache\11\prism_d3d.dll
0x00007ffd349e0000 - 0x00007ffd34baf000 	C:\WINDOWS\system32\d3d9.dll
0x00007ffd44020000 - 0x00007ffd4404f000 	C:\WINDOWS\SYSTEM32\dwmapi.dll
0x00007ffd432d0000 - 0x00007ffd4336e000 	C:\WINDOWS\system32\uxtheme.dll
0x00007ffce0450000 - 0x00007ffce3b84000 	C:\WINDOWS\System32\DriverStore\FileRepository\igdlh64.inf_amd64_1c41cc68747d972b\igd9dxva64.dll
0x00007ffd47100000 - 0x00007ffd4722a000 	C:\WINDOWS\System32\ole32.dll
0x00007ffd48e40000 - 0x00007ffd48f0d000 	C:\WINDOWS\System32\OLEAUT32.dll
0x00007ffd46bd0000 - 0x00007ffd46d26000 	C:\WINDOWS\System32\crypt32.dll
0x00007ffd3c9b0000 - 0x00007ffd3c9e1000 	C:\WINDOWS\SYSTEM32\cryptnet.dll
0x00007ffd46b40000 - 0x00007ffd46ba0000 	C:\WINDOWS\System32\WINTRUST.DLL
0x00007ffd46310000 - 0x00007ffd46322000 	C:\WINDOWS\SYSTEM32\MSASN1.dll
0x00007ffd48f90000 - 0x00007ffd48fad000 	C:\WINDOWS\System32\imagehlp.dll
0x00007ffd0ca60000 - 0x00007ffd0caa5000 	C:\Users\krish\.openjfx\cache\11\glass.dll
0x00007ffd482c0000 - 0x00007ffd4839a000 	C:\WINDOWS\System32\COMDLG32.dll
0x00007ffd477e0000 - 0x00007ffd478f5000 	C:\WINDOWS\System32\MSCTF.dll
0x00007ffd11bb0000 - 0x00007ffd11c9f000 	C:\WINDOWS\System32\DriverStore\FileRepository\nvhmi.inf_amd64_f5abf44622a9ff68\nvldumdx.dll
0x00007ffcb1e20000 - 0x00007ffcb3343000 	C:\WINDOWS\System32\DriverStore\FileRepository\nvhmi.inf_amd64_f5abf44622a9ff68\nvd3dumx.dll
0x00007ffd45d20000 - 0x00007ffd45d6b000 	C:\WINDOWS\SYSTEM32\powrprof.dll
0x00007ffd45b90000 - 0x00007ffd45ba2000 	C:\WINDOWS\SYSTEM32\UMPDC.dll
0x00007ffd0d2f0000 - 0x00007ffd0d59e000 	C:\WINDOWS\system32\nvspcap64.dll
0x00007ffd45470000 - 0x00007ffd454a3000 	C:\WINDOWS\SYSTEM32\ntmarta.dll
0x00007ffd45000000 - 0x00007ffd45023000 	C:\WINDOWS\SYSTEM32\gpapi.dll
0x00007ffd39da0000 - 0x00007ffd39ddb000 	C:\WINDOWS\SYSTEM32\dxcore.dll
0x00007ffd46d30000 - 0x00007ffd46d7e000 	C:\WINDOWS\System32\cfgmgr32.dll
0x00007ffd08e90000 - 0x00007ffd09103000 	C:\WINDOWS\System32\DriverStore\FileRepository\igdlh64.inf_amd64_1c41cc68747d972b\igdumdim64.dll

dbghelp: loaded successfully - version: 4.0.5 - missing functions: none
symbol engine: initialized successfully - sym options: 0x614 - pdb path: .;C:\Program Files\Java\jdk-13\bin;C:\WINDOWS\SYSTEM32;C:\WINDOWS\WinSxS\amd64_microsoft.windows.common-controls_6595b64144ccf1df_6.0.19041.746_none_ca02b4b61b8320a4;C:\Program Files\Java\jdk-13\bin\server;D:\IntelliJ IDEA Community Edition 2020.2.3\bin;C:\Users\krish\AppData\Local\Temp;C:\Users\krish\.openjfx\cache\11;C:\WINDOWS\System32\DriverStore\FileRepository\igdlh64.inf_amd64_1c41cc68747d972b;C:\WINDOWS\System32\DriverStore\FileRepository\nvhmi.inf_amd64_f5abf44622a9ff68;C:\Users\krish\.arcgis\100.10.0\jniLibs\WIN64;C:\Program Files\Common Files\Microsoft Shared\Ink

VM Arguments:
jvm_args: -Dmaven.multiModuleProjectDirectory=D:\Users\krish\UniversityYear3\Professional Software Development\testing\JavaTests\ThalesArc\ThalesArc -Dmaven.home=C:\Users\krish\.m2\wrapper\dists\apache-maven-3.6.0-bin\2dakv70gp803gtm5ve1ufmvttn\apache-maven-3.6.0 -Dclassworlds.conf=C:\Users\krish\.m2\wrapper\dists\apache-maven-3.6.0-bin\2dakv70gp803gtm5ve1ufmvttn\apache-maven-3.6.0\bin\m2.conf -Dmaven.ext.class.path=D:\IntelliJ IDEA Community Edition 2020.2.3\plugins\maven\lib\maven-event-listener.jar -javaagent:D:\IntelliJ IDEA Community Edition 2020.2.3\lib\idea_rt.jar=53762:D:\IntelliJ IDEA Community Edition 2020.2.3\bin -Dfile.encoding=UTF-8 
java_command: org.codehaus.classworlds.Launcher -Didea.version=2020.2.3 org.codehaus.mojo:exec-maven-plugin:1.6.0:java
java_class_path (initial): C:\Users\krish\.m2\wrapper\dists\apache-maven-3.6.0-bin\2dakv70gp803gtm5ve1ufmvttn\apache-maven-3.6.0\boot\plexus-classworlds-2.5.2.jar
Launcher Type: SUN_STANDARD

[Global flags]
     intx CICompilerCount                          = 4                                         {product} {ergonomic}
     uint ConcGCThreads                            = 2                                         {product} {ergonomic}
     uint G1ConcRefinementThreads                  = 8                                         {product} {ergonomic}
   size_t G1HeapRegionSize                         = 1048576                                   {product} {ergonomic}
    uintx GCDrainStackTargetSize                   = 64                                        {product} {ergonomic}
   size_t InitialHeapSize                          = 266338304                                 {product} {ergonomic}
   size_t MarkStackSize                            = 4194304                                   {product} {ergonomic}
   size_t MaxHeapSize                              = 4253024256                                {product} {ergonomic}
   size_t MaxNewSize                               = 2551185408                                {product} {ergonomic}
   size_t MinHeapDeltaBytes                        = 1048576                                   {product} {ergonomic}
   size_t MinHeapSize                              = 8388608                                   {product} {ergonomic}
    uintx NonNMethodCodeHeapSize                   = 5836300                                {pd product} {ergonomic}
    uintx NonProfiledCodeHeapSize                  = 122910970                              {pd product} {ergonomic}
    uintx ProfiledCodeHeapSize                     = 122910970                              {pd product} {ergonomic}
    uintx ReservedCodeCacheSize                    = 251658240                              {pd product} {ergonomic}
     bool SegmentedCodeCache                       = true                                      {product} {ergonomic}
   size_t SoftMaxHeapSize                          = 4253024256                             {manageable} {ergonomic}
     bool UseCompressedClassPointers               = true                                 {lp64_product} {ergonomic}
     bool UseCompressedOops                        = true                                 {lp64_product} {ergonomic}
     bool UseG1GC                                  = true                                      {product} {ergonomic}
     bool UseLargePagesIndividualAllocation        = false                                  {pd product} {ergonomic}

Logging:
Log output configuration:
 #0: stdout all=warning uptime,level,tags
 #1: stderr all=off uptime,level,tags

Environment Variables:
PATH=C:\ProgramData\Oracle\Java\javapath;C:\Program Files (x86)\Intel\Intel(R) Management Engine Components\iCLS\;C:\Program Files\Intel\Intel(R) Management Engine Components\iCLS\;C:\windows\system32;C:\windows;C:\windows\System32\Wbem;C:\windows\System32\WindowsPowerShell\v1.0\;C:\Program Files (x86)\Intel\Intel(R) Management Engine Components\DAL;C:\Program Files\Intel\Intel(R) Management Engine Components\DAL;C:\Program Files (x86)\Intel\Intel(R) Management Engine Components\IPT;C:\Program Files\Intel\Intel(R) Management Engine Components\IPT;C:\Program Files (x86)\NVIDIA Corporation\PhysX\Common;C:\Program Files\Intel\WiFi\bin\;C:\Program Files\Common Files\Intel\WirelessCommon\;C:\Windows\system32;C:\Windows;C:\Windows\System32\Wbem;C:\Windows\System32\WindowsPowerShell\v1.0\;C:\Windows\System32\OpenSSH\;C:\Program Files\Java\jdk-13\bin;C:\Program Files\Git\cmd;C:\Program Files\apache-maven-3.6.3\bin;C:\Program Files (x86)\GDAL;;C:\Program Files\NVIDIA Corporation\NVIDIA NvDLISR;C:\WINDOWS\system32;C:\WINDOWS;C:\WINDOWS\System32\Wbem;C:\WINDOWS\System32\WindowsPowerShell\v1.0\;C:\WINDOWS\System32\OpenSSH\;C:\Program Files (x86)\dotnet\;D:\;C:\Go\bin;C:\Users\krish\AppData\Local\Programs\Python\Python37\Scripts\;C:\Users\krish\AppData\Local\Programs\Python\Python37\;C:\Users\krish\AppData\Local\Microsoft\WindowsApps;C:\Users\krish\AppData\Local\Programs\Microsoft VS Code\bin;C:\Users\krish\AppData\Local\Programs\MiKTeX 2.9\miktex\bin\x64\;C:\Program Files (x86)\Atmel\Flip 3.4.7\bin;C:\Program Files\Git\cmd;C:\Users\krish\AppData\Local\GitHubDesktop\bin;D:\Users\CodeLibraries\flutter\bin;C:\Program Files\heroku\bin;D:\scripts\python_scripts;C:\Users\krish\AppData\Local\atom\bin;C:\Users\krish\AppData\Local\Microsoft\WindowsApps;C:\Users\krish\.dotnet\tools;C:\Program Files (x86)\GitHub CLI\;D:\IntelliJ IDEA Community Edition 2020.2.3\bin;;C:\Users\krish\AppData\Roaming\npm;D:\CLion 2020.2.4\bin;;C:\Users\krish\go\bin
USERNAME=krish
OS=Windows_NT
PROCESSOR_IDENTIFIER=Intel64 Family 6 Model 142 Stepping 10, GenuineIntel



---------------  S Y S T E M  ---------------

OS: Windows 10 , 64 bit Build 19041 (10.0.19041.804)

CPU:total 8 (initial active 8) (4 cores per cpu, 2 threads per core) family 6 model 142 stepping 10, cmov, cx8, fxsr, mmx, sse, sse2, sse3, ssse3, sse4.1, sse4.2, popcnt, avx, avx2, aes, clmul, erms, 3dnowpref, lzcnt, ht, tsc, tscinvbit, bmi1, bmi2, adx, fma

Memory: 4k page, system-wide physical 16218M (3755M free)
TotalPageFile size 26063M (AvailPageFile size 6669M)
current process WorkingSet (physical memory assigned to process): 879M, peak: 899M
current process commit charge ("private bytes"): 1369M, peak: 1387M

vm_info: Java HotSpot(TM) 64-Bit Server VM (13+33) for windows-amd64 JRE (13+33), built on Sep 18 2019 21:38:00 by "mach5one" with unknown MS VC++:1916

END.
